This is pdfTeX, Version 3.1415926-1.40.10 (TeX Live 2009/Debian) (format=pdflatex 2011.4.9)  28 APR 2011 17:35
entering extended mode
 %&-line parsing enabled.
**documentation.tex
(./documentation.tex
LaTeX2e <2009/09/24>
Babel <v3.8l> and hyphenation patterns for english, usenglishmax, dumylang, noh
yphenation, farsi, arabic, croatian, bulgarian, ukrainian, russian, czech, slov
ak, danish, dutch, finnish, french, basque, ngerman, german, german-x-2009-06-1
9, ngerman-x-2009-06-19, ibycus, monogreek, greek, ancientgreek, hungarian, san
skrit, italian, latin, latvian, lithuanian, mongolian2a, mongolian, bokmal, nyn
orsk, romanian, irish, coptic, serbian, turkish, welsh, esperanto, uppersorbian
, estonian, indonesian, interlingua, icelandic, kurmanji, slovenian, polish, po
rtuguese, spanish, galician, catalan, swedish, ukenglish, pinyin, loaded.
! Undefined control sequence.
l.1 \section
            {Documentation}
The control sequence at the end of the top line
of your error message was never \def'ed. If you have
misspelled it (e.g., `\hobx'), type `I' and the correct
spelling (e.g., `I\hbox'). Otherwise just continue,
and I'll forget about whatever was undefined.


! LaTeX Error: Missing \begin{document}.

See the LaTeX manual or LaTeX Companion for explanation.
Type  H <return>  for immediate help.
 ...                                              
                                                  
l.1 \section{D
              ocumentation}
You're in trouble here.  Try typing  <return>  to proceed.
If that doesn't work, type  X <return>  to quit.

Missing character: There is no D in font nullfont!
Missing character: There is no o in font nullfont!
Missing character: There is no c in font nullfont!
Missing character: There is no u in font nullfont!
Missing character: There is no m in font nullfont!
Missing character: There is no e in font nullfont!
Missing character: There is no n in font nullfont!
Missing character: There is no t in font nullfont!
Missing character: There is no a in font nullfont!
Missing character: There is no t in font nullfont!
Missing character: There is no i in font nullfont!
Missing character: There is no o in font nullfont!
Missing character: There is no n in font nullfont!

Overfull \hbox (20.0pt too wide) in paragraph at lines 1--2
[] 
 []

(./documentation/overview.tex
! Undefined control sequence.
l.1 \subsection
               {System Overview}
The control sequence at the end of the top line
of your error message was never \def'ed. If you have
misspelled it (e.g., `\hobx'), type `I' and the correct
spelling (e.g., `I\hbox'). Otherwise just continue,
and I'll forget about whatever was undefined.


! LaTeX Error: Missing \begin{document}.

See the LaTeX manual or LaTeX Companion for explanation.
Type  H <return>  for immediate help.
 ...                                              
                                                  
l.1 \subsection{S
                 ystem Overview}
You're in trouble here.  Try typing  <return>  to proceed.
If that doesn't work, type  X <return>  to quit.

Missing character: There is no S in font nullfont!
Missing character: There is no y in font nullfont!
Missing character: There is no s in font nullfont!
Missing character: There is no t in font nullfont!
Missing character: There is no e in font nullfont!
Missing character: There is no m in font nullfont!
Missing character: There is no O in font nullfont!
Missing character: There is no v in font nullfont!
Missing character: There is no e in font nullfont!
Missing character: There is no r in font nullfont!
Missing character: There is no v in font nullfont!
Missing character: There is no i in font nullfont!
Missing character: There is no e in font nullfont!
Missing character: There is no w in font nullfont!
)
Overfull \hbox (20.0pt too wide) in paragraph at lines 1--4
[]
 []

(./documentation/olimex.tex
! Undefined control sequence.
l.2 \subsection
               {\olimex \& Embedded Linux}
The control sequence at the end of the top line
of your error message was never \def'ed. If you have
misspelled it (e.g., `\hobx'), type `I' and the correct
spelling (e.g., `I\hbox'). Otherwise just continue,
and I'll forget about whatever was undefined.

! Undefined control sequence.
l.2 \subsection{\olimex
                        \& Embedded Linux}
The control sequence at the end of the top line
of your error message was never \def'ed. If you have
misspelled it (e.g., `\hobx'), type `I' and the correct
spelling (e.g., `I\hbox'). Otherwise just continue,
and I'll forget about whatever was undefined.


! LaTeX Error: Missing \begin{document}.

See the LaTeX manual or LaTeX Companion for explanation.
Type  H <return>  for immediate help.
 ...                                              
                                                  
l.2 \subsection{\olimex \&
                           Embedded Linux}
You're in trouble here.  Try typing  <return>  to proceed.
If that doesn't work, type  X <return>  to quit.

Missing character: There is no & in font nullfont!
Missing character: There is no E in font nullfont!
Missing character: There is no m in font nullfont!
Missing character: There is no b in font nullfont!
Missing character: There is no e in font nullfont!
Missing character: There is no d in font nullfont!
Missing character: There is no d in font nullfont!
Missing character: There is no e in font nullfont!
Missing character: There is no d in font nullfont!
Missing character: There is no L in font nullfont!
Missing character: There is no i in font nullfont!
Missing character: There is no n in font nullfont!
Missing character: There is no u in font nullfont!
Missing character: There is no x in font nullfont!
! Undefined control sequence.
l.3 \subsubsection
                  {Board Features}
The control sequence at the end of the top line
of your error message was never \def'ed. If you have
misspelled it (e.g., `\hobx'), type `I' and the correct
spelling (e.g., `I\hbox'). Otherwise just continue,
and I'll forget about whatever was undefined.

Missing character: There is no B in font nullfont!
Missing character: There is no o in font nullfont!
Missing character: There is no a in font nullfont!
Missing character: There is no r in font nullfont!
Missing character: There is no d in font nullfont!
Missing character: There is no F in font nullfont!
Missing character: There is no e in font nullfont!
Missing character: There is no a in font nullfont!
Missing character: There is no t in font nullfont!
Missing character: There is no u in font nullfont!
Missing character: There is no r in font nullfont!
Missing character: There is no e in font nullfont!
Missing character: There is no s in font nullfont!
! Undefined control sequence.
l.4 \subsubsection
                  {\arm + n $\times$ 2-Outlet \atmega Design}
The control sequence at the end of the top line
of your error message was never \def'ed. If you have
misspelled it (e.g., `\hobx'), type `I' and the correct
spelling (e.g., `I\hbox'). Otherwise just continue,
and I'll forget about whatever was undefined.

! Undefined control sequence.
l.4 \subsubsection{\arm
                        + n $\times$ 2-Outlet \atmega Design}
The control sequence at the end of the top line
of your error message was never \def'ed. If you have
misspelled it (e.g., `\hobx'), type `I' and the correct
spelling (e.g., `I\hbox'). Otherwise just continue,
and I'll forget about whatever was undefined.

Missing character: There is no + in font nullfont!
Missing character: There is no n in font nullfont!
LaTeX Font Info:    External font `cmex10' loaded for size
(Font)              <7> on input line 4.
LaTeX Font Info:    External font `cmex10' loaded for size
(Font)              <5> on input line 4.
Missing character: There is no 2 in font nullfont!
Missing character: There is no - in font nullfont!
Missing character: There is no O in font nullfont!
Missing character: There is no u in font nullfont!
Missing character: There is no t in font nullfont!
Missing character: There is no l in font nullfont!
Missing character: There is no e in font nullfont!
Missing character: There is no t in font nullfont!
! Undefined control sequence.
l.4 ...bsection{\arm + n $\times$ 2-Outlet \atmega
                                                   Design}
The control sequence at the end of the top line
of your error message was never \def'ed. If you have
misspelled it (e.g., `\hobx'), type `I' and the correct
spelling (e.g., `I\hbox'). Otherwise just continue,
and I'll forget about whatever was undefined.

Missing character: There is no D in font nullfont!
Missing character: There is no e in font nullfont!
Missing character: There is no s in font nullfont!
Missing character: There is no i in font nullfont!
Missing character: There is no g in font nullfont!
Missing character: There is no n in font nullfont!
! Undefined control sequence.
l.5 \subsubsection
                  {Development Environment}
The control sequence at the end of the top line
of your error message was never \def'ed. If you have
misspelled it (e.g., `\hobx'), type `I' and the correct
spelling (e.g., `I\hbox'). Otherwise just continue,
and I'll forget about whatever was undefined.

Missing character: There is no D in font nullfont!
Missing character: There is no e in font nullfont!
Missing character: There is no v in font nullfont!
Missing character: There is no e in font nullfont!
Missing character: There is no l in font nullfont!
Missing character: There is no o in font nullfont!
Missing character: There is no p in font nullfont!
Missing character: There is no m in font nullfont!
Missing character: There is no e in font nullfont!
Missing character: There is no n in font nullfont!
Missing character: There is no t in font nullfont!
Missing character: There is no E in font nullfont!
Missing character: There is no n in font nullfont!
Missing character: There is no v in font nullfont!
Missing character: There is no i in font nullfont!
Missing character: There is no r in font nullfont!
Missing character: There is no o in font nullfont!
Missing character: There is no n in font nullfont!
Missing character: There is no m in font nullfont!
Missing character: There is no e in font nullfont!
Missing character: There is no n in font nullfont!
Missing character: There is no t in font nullfont!

Overfull \hbox (20.0pt too wide) in paragraph at lines 2--6
[]
 []


Overfull \hbox (7.7778pt too wide) in paragraph at lines 2--6
\OMS/cmsy/m/n/10 ^^B$
 []


! LaTeX Error: Missing \begin{document}.

See the LaTeX manual or LaTeX Companion for explanation.
Type  H <return>  for immediate help.
 ...                                              
                                                  
l.7 H
     aving a solid, dependable, and distributed development environment is i...

You're in trouble here.  Try typing  <return>  to proceed.
If that doesn't work, type  X <return>  to quit.

Missing character: There is no H in font nullfont!
Missing character: There is no a in font nullfont!
Missing character: There is no v in font nullfont!
Missing character: There is no i in font nullfont!
Missing character: There is no n in font nullfont!
Missing character: There is no g in font nullfont!
Missing character: There is no a in font nullfont!
Missing character: There is no s in font nullfont!
Missing character: There is no o in font nullfont!
Missing character: There is no l in font nullfont!
Missing character: There is no i in font nullfont!
Missing character: There is no d in font nullfont!
Missing character: There is no , in font nullfont!
Missing character: There is no d in font nullfont!
Missing character: There is no e in font nullfont!
Missing character: There is no p in font nullfont!
Missing character: There is no e in font nullfont!
Missing character: There is no n in font nullfont!
Missing character: There is no d in font nullfont!
Missing character: There is no a in font nullfont!
Missing character: There is no b in font nullfont!
Missing character: There is no l in font nullfont!
Missing character: There is no e in font nullfont!
Missing character: There is no , in font nullfont!
Missing character: There is no a in font nullfont!
Missing character: There is no n in font nullfont!
Missing character: There is no d in font nullfont!
Missing character: There is no d in font nullfont!
Missing character: There is no i in font nullfont!
Missing character: There is no s in font nullfont!
Missing character: There is no t in font nullfont!
Missing character: There is no r in font nullfont!
Missing character: There is no i in font nullfont!
Missing character: There is no b in font nullfont!
Missing character: There is no u in font nullfont!
Missing character: There is no t in font nullfont!
Missing character: There is no e in font nullfont!
Missing character: There is no d in font nullfont!
Missing character: There is no d in font nullfont!
Missing character: There is no e in font nullfont!
Missing character: There is no v in font nullfont!
Missing character: There is no e in font nullfont!
Missing character: There is no l in font nullfont!
Missing character: There is no o in font nullfont!
Missing character: There is no p in font nullfont!
Missing character: There is no m in font nullfont!
Missing character: There is no e in font nullfont!
Missing character: There is no n in font nullfont!
Missing character: There is no t in font nullfont!
Missing character: There is no e in font nullfont!
Missing character: There is no n in font nullfont!
Missing character: There is no v in font nullfont!
Missing character: There is no i in font nullfont!
Missing character: There is no r in font nullfont!
Missing character: There is no o in font nullfont!
Missing character: There is no n in font nullfont!
Missing character: There is no m in font nullfont!
Missing character: There is no e in font nullfont!
Missing character: There is no n in font nullfont!
Missing character: There is no t in font nullfont!
Missing character: There is no i in font nullfont!
Missing character: There is no s in font nullfont!
Missing character: There is no i in font nullfont!
Missing character: There is no m in font nullfont!
Missing character: There is no p in font nullfont!
Missing character: There is no o in font nullfont!
Missing character: There is no r in font nullfont!
Missing character: There is no t in font nullfont!
Missing character: There is no a in font nullfont!
Missing character: There is no n in font nullfont!
Missing character: There is no t in font nullfont!
Missing character: There is no w in font nullfont!
Missing character: There is no h in font nullfont!
Missing character: There is no e in font nullfont!
Missing character: There is no n in font nullfont!
Missing character: There is no w in font nullfont!
Missing character: There is no o in font nullfont!
Missing character: There is no r in font nullfont!
Missing character: There is no k in font nullfont!
Missing character: There is no i in font nullfont!
Missing character: There is no n in font nullfont!
Missing character: There is no g in font nullfont!
Missing character: There is no o in font nullfont!
Missing character: There is no n in font nullfont!
Missing character: There is no a in font nullfont!
Missing character: There is no n in font nullfont!
Missing character: There is no e in font nullfont!
Missing character: There is no m in font nullfont!
Missing character: There is no b in font nullfont!
Missing character: There is no e in font nullfont!
Missing character: There is no d in font nullfont!
Missing character: There is no d in font nullfont!
Missing character: There is no e in font nullfont!
Missing character: There is no d in font nullfont!
Missing character: There is no s in font nullfont!
Missing character: There is no y in font nullfont!
Missing character: There is no s in font nullfont!
Missing character: There is no t in font nullfont!
Missing character: There is no e in font nullfont!
Missing character: There is no m in font nullfont!
Missing character: There is no . in font nullfont!
Missing character: There is no T in font nullfont!
Missing character: There is no h in font nullfont!
Missing character: There is no u in font nullfont!
Missing character: There is no s in font nullfont!
Missing character: There is no , in font nullfont!
Missing character: There is no i in font nullfont!
Missing character: There is no t in font nullfont!
Missing character: There is no w in font nullfont!
Missing character: There is no a in font nullfont!
Missing character: There is no s in font nullfont!
Missing character: There is no i in font nullfont!
Missing character: There is no m in font nullfont!
Missing character: There is no p in font nullfont!
Missing character: There is no o in font nullfont!
Missing character: There is no r in font nullfont!
Missing character: There is no t in font nullfont!
Missing character: There is no a in font nullfont!
Missing character: There is no n in font nullfont!
Missing character: There is no t in font nullfont!
Missing character: There is no t in font nullfont!
Missing character: There is no o in font nullfont!
Missing character: There is no t in font nullfont!
Missing character: There is no h in font nullfont!
Missing character: There is no e in font nullfont!
Missing character: There is no g in font nullfont!
Missing character: There is no r in font nullfont!
Missing character: There is no o in font nullfont!
Missing character: There is no u in font nullfont!
Missing character: There is no p in font nullfont!
Missing character: There is no t in font nullfont!
Missing character: There is no h in font nullfont!
Missing character: There is no a in font nullfont!
Missing character: There is no t in font nullfont!
Missing character: There is no t in font nullfont!
Missing character: There is no h in font nullfont!
Missing character: There is no e in font nullfont!
Missing character: There is no n in font nullfont!
Missing character: There is no e in font nullfont!
Missing character: There is no t in font nullfont!
Missing character: There is no w in font nullfont!
Missing character: There is no o in font nullfont!
Missing character: There is no r in font nullfont!
Missing character: There is no k in font nullfont!
Missing character: There is no s in font nullfont!
Missing character: There is no o in font nullfont!
Missing character: There is no f in font nullfont!
Missing character: There is no t in font nullfont!
Missing character: There is no w in font nullfont!
Missing character: There is no a in font nullfont!
Missing character: There is no r in font nullfont!
Missing character: There is no e in font nullfont!
Missing character: There is no c in font nullfont!
Missing character: There is no o in font nullfont!
Missing character: There is no u in font nullfont!
Missing character: There is no l in font nullfont!
Missing character: There is no d in font nullfont!
Missing character: There is no b in font nullfont!
Missing character: There is no e in font nullfont!
Missing character: There is no d in font nullfont!
Missing character: There is no e in font nullfont!
Missing character: There is no v in font nullfont!
Missing character: There is no e in font nullfont!
Missing character: There is no l in font nullfont!
Missing character: There is no o in font nullfont!
Missing character: There is no p in font nullfont!
Missing character: There is no e in font nullfont!
Missing character: There is no d in font nullfont!
Missing character: There is no i in font nullfont!
Missing character: There is no n in font nullfont!
Missing character: There is no d in font nullfont!
Missing character: There is no e in font nullfont!
Missing character: There is no p in font nullfont!
Missing character: There is no e in font nullfont!
Missing character: There is no n in font nullfont!
Missing character: There is no d in font nullfont!
Missing character: There is no e in font nullfont!
Missing character: There is no n in font nullfont!
Missing character: There is no t in font nullfont!
Missing character: There is no o in font nullfont!
Missing character: There is no f in font nullfont!
Missing character: There is no t in font nullfont!
Missing character: There is no h in font nullfont!
Missing character: There is no e in font nullfont!
! Undefined control sequence.
l.7 ...uld be developed independent of the \olimex
                                                   board and the ARM archite...
The control sequence at the end of the top line
of your error message was never \def'ed. If you have
misspelled it (e.g., `\hobx'), type `I' and the correct
spelling (e.g., `I\hbox'). Otherwise just continue,
and I'll forget about whatever was undefined.

Missing character: There is no b in font nullfont!
Missing character: There is no o in font nullfont!
Missing character: There is no a in font nullfont!
Missing character: There is no r in font nullfont!
Missing character: There is no d in font nullfont!
Missing character: There is no a in font nullfont!
Missing character: There is no n in font nullfont!
Missing character: There is no d in font nullfont!
Missing character: There is no t in font nullfont!
Missing character: There is no h in font nullfont!
Missing character: There is no e in font nullfont!
Missing character: There is no A in font nullfont!
Missing character: There is no R in font nullfont!
Missing character: There is no M in font nullfont!
Missing character: There is no a in font nullfont!
Missing character: There is no r in font nullfont!
Missing character: There is no c in font nullfont!
Missing character: There is no h in font nullfont!
Missing character: There is no i in font nullfont!
Missing character: There is no t in font nullfont!
Missing character: There is no e in font nullfont!
Missing character: There is no c in font nullfont!
Missing character: There is no t in font nullfont!
Missing character: There is no u in font nullfont!
Missing character: There is no r in font nullfont!
Missing character: There is no e in font nullfont!
Missing character: There is no . in font nullfont!
Missing character: There is no I in font nullfont!
Missing character: There is no t in font nullfont!
Missing character: There is no a in font nullfont!
Missing character: There is no l in font nullfont!
Missing character: There is no i in font nullfont!
Missing character: There is no a in font nullfont!
Missing character: There is no n in font nullfont!
Missing character: There is no e in font nullfont!
Missing character: There is no l in font nullfont!
Missing character: There is no e in font nullfont!
Missing character: There is no c in font nullfont!
Missing character: There is no t in font nullfont!
Missing character: There is no o in font nullfont!
Missing character: There is no r in font nullfont!
Missing character: There is no n in font nullfont!
Missing character: There is no i in font nullfont!
Missing character: There is no c in font nullfont!
Missing character: There is no s in font nullfont!
Missing character: There is no e in font nullfont!
Missing character: There is no n in font nullfont!
Missing character: There is no g in font nullfont!
Missing character: There is no i in font nullfont!
Missing character: There is no n in font nullfont!
Missing character: There is no e in font nullfont!
Missing character: There is no e in font nullfont!
Missing character: There is no r in font nullfont!
Missing character: There is no F in font nullfont!
Missing character: There is no r in font nullfont!
Missing character: There is no a in font nullfont!
Missing character: There is no n in font nullfont!
Missing character: There is no c in font nullfont!
Missing character: There is no e in font nullfont!
Missing character: There is no s in font nullfont!
Missing character: There is no c in font nullfont!
Missing character: There is no o in font nullfont!
Missing character: There is no B in font nullfont!
Missing character: There is no a in font nullfont!
Missing character: There is no l in font nullfont!
Missing character: There is no d in font nullfont!
Missing character: There is no u in font nullfont!
Missing character: There is no c in font nullfont!
Missing character: There is no c in font nullfont!
Missing character: There is no i in font nullfont!
Missing character: There is no - in font nullfont!
Missing character: There is no - in font nullfont!
Missing character: There is no B in font nullfont!
Missing character: There is no a in font nullfont!
Missing character: There is no l in font nullfont!
Missing character: There is no a in font nullfont!
Missing character: There is no u in font nullfont!
Missing character: There is no 8 in font nullfont!
Missing character: There is no 2 in font nullfont!
Missing character: There is no - in font nullfont!
Missing character: There is no - in font nullfont!
Missing character: There is no h in font nullfont!
Missing character: There is no a in font nullfont!
Missing character: There is no d in font nullfont!
Missing character: There is no p in font nullfont!
Missing character: There is no o in font nullfont!
Missing character: There is no s in font nullfont!
Missing character: There is no t in font nullfont!
Missing character: There is no e in font nullfont!
Missing character: There is no d in font nullfont!
Missing character: There is no a in font nullfont!
Missing character: There is no s in font nullfont!
Missing character: There is no e in font nullfont!
Missing character: There is no r in font nullfont!
Missing character: There is no i in font nullfont!
Missing character: There is no e in font nullfont!
Missing character: There is no s in font nullfont!
Missing character: There is no o in font nullfont!
Missing character: There is no n in font nullfont!
Missing character: There is no h in font nullfont!
Missing character: There is no i in font nullfont!
Missing character: There is no s in font nullfont!
Missing character: There is no b in font nullfont!
Missing character: There is no l in font nullfont!
Missing character: There is no o in font nullfont!
Missing character: There is no g in font nullfont!
Missing character: There is no d in font nullfont!
Missing character: There is no e in font nullfont!
Missing character: There is no t in font nullfont!
Missing character: There is no a in font nullfont!
Missing character: There is no i in font nullfont!
Missing character: There is no l in font nullfont!
Missing character: There is no i in font nullfont!
Missing character: There is no n in font nullfont!
Missing character: There is no g in font nullfont!
Missing character: There is no u in font nullfont!
Missing character: There is no s in font nullfont!
Missing character: There is no i in font nullfont!
Missing character: There is no n in font nullfont!
Missing character: There is no g in font nullfont!
Missing character: There is no t in font nullfont!
Missing character: There is no h in font nullfont!
Missing character: There is no e in font nullfont!
Missing character: There is no Q in font nullfont!
Missing character: There is no E in font nullfont!
Missing character: There is no M in font nullfont!
Missing character: There is no U in font nullfont!
! Undefined control sequence.
\@footnotetext ...tins {\reset@font \footnotesize 
                                                  \interlinepenalty \interfo...
l.7 ...tnote{\url{http://wiki.qemu.org/Main_Page}}
                                                   hardware emulator for ARM...
The control sequence at the end of the top line
of your error message was never \def'ed. If you have
misspelled it (e.g., `\hobx'), type `I' and the correct
spelling (e.g., `I\hbox'). Otherwise just continue,
and I'll forget about whatever was undefined.

! Undefined control sequence.
\@footnotetext ...}\color@begingroup \@makefntext 
                                                  {\rule \z@ \footnotesep \i...
l.7 ...tnote{\url{http://wiki.qemu.org/Main_Page}}
                                                   hardware emulator for ARM...
The control sequence at the end of the top line
of your error message was never \def'ed. If you have
misspelled it (e.g., `\hobx'), type `I' and the correct
spelling (e.g., `I\hbox'). Otherwise just continue,
and I'll forget about whatever was undefined.

! Undefined control sequence.
<argument> \url 
                {http://wiki.qemu.org/Main_Page}
l.7 ...tnote{\url{http://wiki.qemu.org/Main_Page}}
                                                   hardware emulator for ARM...
The control sequence at the end of the top line
of your error message was never \def'ed. If you have
misspelled it (e.g., `\hobx'), type `I' and the correct
spelling (e.g., `I\hbox'). Otherwise just continue,
and I'll forget about whatever was undefined.

! Missing $ inserted.
<inserted text> 
                $
l.7 ...tnote{\url{http://wiki.qemu.org/Main_Page}}
                                                   hardware emulator for ARM...
I've inserted a begin-math/end-math symbol since I think
you left one out. Proceed, with fingers crossed.

! Extra }, or forgotten $.
<argument> \url {http://wiki.qemu.org/Main_Page}
                                                
l.7 ...tnote{\url{http://wiki.qemu.org/Main_Page}}
                                                   hardware emulator for ARM...
I've deleted a group-closing symbol because it seems to be
spurious, as in `$x}$'. But perhaps the } is legitimate and
you forgot something else, as in `\hbox{$x}'. In such cases
the way to recover is to insert both the forgotten and the
deleted material, e.g., by typing `I$}'.

! Extra }, or forgotten $.
<recently read> }
                 
l.7 ...tnote{\url{http://wiki.qemu.org/Main_Page}}
                                                   hardware emulator for ARM...
I've deleted a group-closing symbol because it seems to be
spurious, as in `$x}$'. But perhaps the } is legitimate and
you forgot something else, as in `\hbox{$x}'. In such cases
the way to recover is to insert both the forgotten and the
deleted material, e.g., by typing `I$}'.

! Extra }, or forgotten $.
\@footnotetext ...rut \strutbox }\color@endgroup }
                                                  
l.7 ...tnote{\url{http://wiki.qemu.org/Main_Page}}
                                                   hardware emulator for ARM...
I've deleted a group-closing symbol because it seems to be
spurious, as in `$x}$'. But perhaps the } is legitimate and
you forgot something else, as in `\hbox{$x}'. In such cases
the way to recover is to insert both the forgotten and the
deleted material, e.g., by typing `I$}'.

! Undefined control sequence.
\@footnotetext ...tins {\reset@font \footnotesize 
                                                  \interlinepenalty \interfo...
l.7 .../www.arm.com/products/tools/versatile.php}}
                                                   development.\\
The control sequence at the end of the top line
of your error message was never \def'ed. If you have
misspelled it (e.g., `\hobx'), type `I' and the correct
spelling (e.g., `I\hbox'). Otherwise just continue,
and I'll forget about whatever was undefined.

! Undefined control sequence.
\@footnotetext ...}\color@begingroup \@makefntext 
                                                  {\rule \z@ \footnotesep \i...
l.7 .../www.arm.com/products/tools/versatile.php}}
                                                   development.\\
The control sequence at the end of the top line
of your error message was never \def'ed. If you have
misspelled it (e.g., `\hobx'), type `I' and the correct
spelling (e.g., `I\hbox'). Otherwise just continue,
and I'll forget about whatever was undefined.

! Undefined control sequence.
<argument> \url 
                {http://www.arm.com/products/tools/versatile.php}
l.7 .../www.arm.com/products/tools/versatile.php}}
                                                   development.\\
The control sequence at the end of the top line
of your error message was never \def'ed. If you have
misspelled it (e.g., `\hobx'), type `I' and the correct
spelling (e.g., `I\hbox'). Otherwise just continue,
and I'll forget about whatever was undefined.


Overfull \hbox (223.30608pt too wide) in paragraph at lines 7--7
[][]\OT1/cmr/m/n/10 http://www.arm.com/products/tools/versatile.php| 
 []

! Missing $ inserted.
<inserted text> 
                $
l.8 
    
I've inserted a begin-math/end-math symbol since I think
you left one out. Proceed, with fingers crossed.


Overfull \hbox (388.49568pt too wide) in paragraph at lines 7--8
[][]\OT1/cmr/m/n/10 http://wiki.qemu.org/Main$[]\OML/cmm/m/it/10 age|hardwareem
ulatorforARMVersatilePB[]development:[] 
 []

! Undefined control sequence.
\@footnotetext ...tins {\reset@font \footnotesize 
                                                  \interlinepenalty \interfo...
l.9 ...te/arm/portal/subscription?@template=lite}}
                                                    toolchain setup.  On boo...
The control sequence at the end of the top line
of your error message was never \def'ed. If you have
misspelled it (e.g., `\hobx'), type `I' and the correct
spelling (e.g., `I\hbox'). Otherwise just continue,
and I'll forget about whatever was undefined.

! Undefined control sequence.
\@footnotetext ...}\color@begingroup \@makefntext 
                                                  {\rule \z@ \footnotesep \i...
l.9 ...te/arm/portal/subscription?@template=lite}}
                                                    toolchain setup.  On boo...
The control sequence at the end of the top line
of your error message was never \def'ed. If you have
misspelled it (e.g., `\hobx'), type `I' and the correct
spelling (e.g., `I\hbox'). Otherwise just continue,
and I'll forget about whatever was undefined.

! Undefined control sequence.
<argument> \url 
                {http://www.codesourcery.com/sgpp/lite/arm/portal/subscripti...
l.9 ...te/arm/portal/subscription?@template=lite}}
                                                    toolchain setup.  On boo...
The control sequence at the end of the top line
of your error message was never \def'ed. If you have
misspelled it (e.g., `\hobx'), type `I' and the correct
spelling (e.g., `I\hbox'). Otherwise just continue,
and I'll forget about whatever was undefined.


Overfull \hbox (359.80637pt too wide) in paragraph at lines 9--9
[][]\OT1/cmr/m/n/10 http://www.codesourcery.com/sgpp/lite/arm/portal/subscripti
on?@template=lite| 
 []

! Undefined control sequence.
l.9 ...e system used for both QEMU and the \olimex
                                                  .\cite{balaunfs}  QEMU was...
The control sequence at the end of the top line
of your error message was never \def'ed. If you have
misspelled it (e.g., `\hobx'), type `I' and the correct
spelling (e.g., `I\hbox'). Otherwise just continue,
and I'll forget about whatever was undefined.

\citation{balaunfs}
! Undefined control sequence.
<write> ...: Citation `\@citeb ' on page \thepage 
                                                  \space undefined\on@line .
l.9 ...r both QEMU and the \olimex.\cite{balaunfs}
                                                    QEMU was configured so t...
The control sequence at the end of the top line
of your error message was never \def'ed. If you have
misspelled it (e.g., `\hobx'), type `I' and the correct
spelling (e.g., `I\hbox'). Otherwise just continue,
and I'll forget about whatever was undefined.


LaTeX Warning: Citation `balaunfs' on page  undefined on input line 9.

! Undefined control sequence.
\@footnotetext ...tins {\reset@font \footnotesize 
                                                  \interlinepenalty \interfo...
l.9 ... Dropbox\footnote{\url{http://dropbox.com}}
                                                   was used to keep the VMs ...
The control sequence at the end of the top line
of your error message was never \def'ed. If you have
misspelled it (e.g., `\hobx'), type `I' and the correct
spelling (e.g., `I\hbox'). Otherwise just continue,
and I'll forget about whatever was undefined.

! Undefined control sequence.
\@footnotetext ...}\color@begingroup \@makefntext 
                                                  {\rule \z@ \footnotesep \i...
l.9 ... Dropbox\footnote{\url{http://dropbox.com}}
                                                   was used to keep the VMs ...
The control sequence at the end of the top line
of your error message was never \def'ed. If you have
misspelled it (e.g., `\hobx'), type `I' and the correct
spelling (e.g., `I\hbox'). Otherwise just continue,
and I'll forget about whatever was undefined.

! Undefined control sequence.
<argument> \url 
                {http://dropbox.com}
l.9 ... Dropbox\footnote{\url{http://dropbox.com}}
                                                   was used to keep the VMs ...
The control sequence at the end of the top line
of your error message was never \def'ed. If you have
misspelled it (e.g., `\hobx'), type `I' and the correct
spelling (e.g., `I\hbox'). Otherwise just continue,
and I'll forget about whatever was undefined.


Overfull \hbox (87.8058pt too wide) in paragraph at lines 9--9
[][]\OT1/cmr/m/n/10 http://dropbox.com| 
 []

! Undefined control sequence.
\@footnotetext ...tins {\reset@font \footnotesize 
                                                  \interlinepenalty \interfo...
l.9 ...{\url{http://github.com/jakealbert/netlet}}
                                                   were used for version con...
The control sequence at the end of the top line
of your error message was never \def'ed. If you have
misspelled it (e.g., `\hobx'), type `I' and the correct
spelling (e.g., `I\hbox'). Otherwise just continue,
and I'll forget about whatever was undefined.

! Undefined control sequence.
\@footnotetext ...}\color@begingroup \@makefntext 
                                                  {\rule \z@ \footnotesep \i...
l.9 ...{\url{http://github.com/jakealbert/netlet}}
                                                   were used for version con...
The control sequence at the end of the top line
of your error message was never \def'ed. If you have
misspelled it (e.g., `\hobx'), type `I' and the correct
spelling (e.g., `I\hbox'). Otherwise just continue,
and I'll forget about whatever was undefined.

! Undefined control sequence.
<argument> \url 
                {http://github.com/jakealbert/netlet}
l.9 ...{\url{http://github.com/jakealbert/netlet}}
                                                   were used for version con...
The control sequence at the end of the top line
of your error message was never \def'ed. If you have
misspelled it (e.g., `\hobx'), type `I' and the correct
spelling (e.g., `I\hbox'). Otherwise just continue,
and I'll forget about whatever was undefined.


Overfull \hbox (158.36151pt too wide) in paragraph at lines 9--9
[][]\OT1/cmr/m/n/10 http://github.com/jakealbert/netlet| 
 []


Overfull \hbox (7.50002pt too wide) in paragraph at lines 9--10
[]\OT1/cmr/m/n/10 A
 []


Overfull \hbox (15.30559pt too wide) in paragraph at lines 9--10
\OT1/cmr/m/n/10 vir-
 []


Overfull \hbox (17.22227pt too wide) in paragraph at lines 9--10
\OT1/cmr/m/n/10 tual
 []


Overfull \hbox (16.6667pt too wide) in paragraph at lines 9--10
\OT1/cmr/m/n/10 ma-
 []


Overfull \hbox (22.50003pt too wide) in paragraph at lines 9--10
\OT1/cmr/m/n/10 chine
 []


Overfull \hbox (18.36115pt too wide) in paragraph at lines 9--10
\OT1/cmr/m/n/10 run-
 []


Overfull \hbox (18.88895pt too wide) in paragraph at lines 9--10
\OT1/cmr/m/n/10 ning
 []


Overfull \hbox (35.3056pt too wide) in paragraph at lines 9--10
\OT1/cmr/m/n/10 Crunch-
 []


Overfull \hbox (22.63896pt too wide) in paragraph at lines 9--10
\OT1/cmr/m/n/10 Bang
 []


Overfull \hbox (25.13896pt too wide) in paragraph at lines 9--10
\OT1/cmr/m/n/10 Linux
 []


Overfull \hbox (15.8889pt too wide) in paragraph at lines 9--10
\OT1/cmr/m/n/10 was
 []


Overfull \hbox (15.61113pt too wide) in paragraph at lines 9--10
\OT1/cmr/m/n/10 dis-
 []


Overfull \hbox (35.58342pt too wide) in paragraph at lines 9--10
\OT1/cmr/m/n/10 tributed
 []


Overfull \hbox (8.88892pt too wide) in paragraph at lines 9--10
\OT1/cmr/m/n/10 to
 []


Overfull \hbox (13.88892pt too wide) in paragraph at lines 9--10
\OT1/cmr/m/n/10 the
 []


Overfull \hbox (25.02785pt too wide) in paragraph at lines 9--10
\OT1/cmr/m/n/10 group
 []


Overfull \hbox (24.44449pt too wide) in paragraph at lines 9--10
\OT1/cmr/m/n/10 mem-
 []


Overfull \hbox (18.13892pt too wide) in paragraph at lines 9--10
\OT1/cmr/m/n/10 bers
 []


Overfull \hbox (19.44449pt too wide) in paragraph at lines 9--10
\OT1/cmr/m/n/10 with
 []


Overfull \hbox (20.27785pt too wide) in paragraph at lines 9--10
\OT1/cmr/m/n/10 both
 []


Overfull \hbox (13.88892pt too wide) in paragraph at lines 9--10
\OT1/cmr/m/n/10 the
 []


Overfull \hbox (31.25008pt too wide) in paragraph at lines 9--10
\OT1/cmr/m/n/10 QEMU
 []


Overfull \hbox (19.22226pt too wide) in paragraph at lines 9--10
\OT1/cmr/m/n/10 soft-
 []


Overfull \hbox (20.30557pt too wide) in paragraph at lines 9--10
\OT1/cmr/m/n/10 ware
 []


Overfull \hbox (16.11116pt too wide) in paragraph at lines 9--10
\OT1/cmr/m/n/10 and
 []


Overfull \hbox (31.38895pt too wide) in paragraph at lines 9--10
\OT1/cmr/m/n/10 CodeS-
 []


Overfull \hbox (32.55562pt too wide) in paragraph at lines 9--10
\OT1/cmr/m/n/10 ourcery
 []


Overfull \hbox (23.40283pt too wide) in paragraph at lines 9--10
\OT1/cmr/m/n/10 G++
 []


Overfull \hbox (24.02782pt too wide) in paragraph at lines 9--10
\OT1/cmr/m/n/10 ARM
 []


Overfull \hbox (52.98624pt too wide) in paragraph at lines 9--10
\OT1/cmr/m/n/10 GNU/Linux
 []


Overfull \hbox (29.48619pt too wide) in paragraph at lines 9--10
\OT1/cmr/m/n/10 EABI[]
 []


Overfull \hbox (40.0001pt too wide) in paragraph at lines 9--10
\OT1/cmr/m/n/10 toolchain
 []


Overfull \hbox (26.16672pt too wide) in paragraph at lines 9--10
\OT1/cmr/m/n/10 setup.
 []


Overfull \hbox (13.33337pt too wide) in paragraph at lines 9--10
\OT1/cmr/m/n/10 On
 []


Overfull \hbox (22.77786pt too wide) in paragraph at lines 9--10
\OT1/cmr/m/n/10 boot,
 []


Overfull \hbox (13.88892pt too wide) in paragraph at lines 9--10
\OT1/cmr/m/n/10 the
 []


Overfull \hbox (20.61115pt too wide) in paragraph at lines 9--10
\OT1/cmr/m/n/10 VMs
 []


Overfull \hbox (38.05565pt too wide) in paragraph at lines 9--10
\OT1/cmr/m/n/10 mounted
 []


Overfull \hbox (10.55559pt too wide) in paragraph at lines 9--10
\OT1/cmr/m/n/10 an
 []


Overfull \hbox (19.58339pt too wide) in paragraph at lines 9--10
\OT1/cmr/m/n/10 NFS
 []


Overfull \hbox (22.86115pt too wide) in paragraph at lines 9--10
\OT1/cmr/m/n/10 share
 []


Overfull \hbox (18.33336pt too wide) in paragraph at lines 9--10
\OT1/cmr/m/n/10 con-
 []


Overfull \hbox (20.5556pt too wide) in paragraph at lines 9--10
\OT1/cmr/m/n/10 tain-
 []


Overfull \hbox (13.33337pt too wide) in paragraph at lines 9--10
\OT1/cmr/m/n/10 ing
 []


Overfull \hbox (13.88892pt too wide) in paragraph at lines 9--10
\OT1/cmr/m/n/10 the
 []


Overfull \hbox (16.69446pt too wide) in paragraph at lines 9--10
\OT1/cmr/m/n/10 ker-
 []


Overfull \hbox (12.7778pt too wide) in paragraph at lines 9--10
\OT1/cmr/m/n/10 nel
 []


Overfull \hbox (11.97226pt too wide) in paragraph at lines 9--10
\OT1/cmr/m/n/10 for
 []


Overfull \hbox (13.88892pt too wide) in paragraph at lines 9--10
\OT1/cmr/m/n/10 the
 []


Overfull \hbox (31.25008pt too wide) in paragraph at lines 9--10
\OT1/cmr/m/n/10 QEMU
 []


Overfull \hbox (23.36116pt too wide) in paragraph at lines 9--10
\OT1/cmr/m/n/10 hard-
 []


Overfull \hbox (20.30557pt too wide) in paragraph at lines 9--10
\OT1/cmr/m/n/10 ware
 []


Overfull \hbox (16.11116pt too wide) in paragraph at lines 9--10
\OT1/cmr/m/n/10 and
 []


Overfull \hbox (13.88892pt too wide) in paragraph at lines 9--10
\OT1/cmr/m/n/10 the
 []


Overfull \hbox (18.08339pt too wide) in paragraph at lines 9--10
\OT1/cmr/m/n/10 root
 []


Overfull \hbox (12.7778pt too wide) in paragraph at lines 9--10
\OT1/cmr/m/n/10 file
 []


Overfull \hbox (16.50002pt too wide) in paragraph at lines 9--10
\OT1/cmr/m/n/10 sys-
 []


Overfull \hbox (16.6667pt too wide) in paragraph at lines 9--10
\OT1/cmr/m/n/10 tem
 []


Overfull \hbox (19.50003pt too wide) in paragraph at lines 9--10
\OT1/cmr/m/n/10 used
 []


Overfull \hbox (11.97226pt too wide) in paragraph at lines 9--10
\OT1/cmr/m/n/10 for
 []


Overfull \hbox (20.27785pt too wide) in paragraph at lines 9--10
\OT1/cmr/m/n/10 both
 []


Overfull \hbox (31.25008pt too wide) in paragraph at lines 9--10
\OT1/cmr/m/n/10 QEMU
 []


Overfull \hbox (16.11116pt too wide) in paragraph at lines 9--10
\OT1/cmr/m/n/10 and
 []


Overfull \hbox (13.88892pt too wide) in paragraph at lines 9--10
\OT1/cmr/m/n/10 the
 []


Overfull \hbox (13.76389pt too wide) in paragraph at lines 9--10
\OT1/cmr/m/n/10 .[[]]
 []


Overfull \hbox (31.25008pt too wide) in paragraph at lines 9--10
\OT1/cmr/m/n/10 QEMU
 []


Overfull \hbox (15.8889pt too wide) in paragraph at lines 9--10
\OT1/cmr/m/n/10 was
 []


Overfull \hbox (18.33336pt too wide) in paragraph at lines 9--10
\OT1/cmr/m/n/10 con-
 []


Overfull \hbox (13.88892pt too wide) in paragraph at lines 9--10
\OT1/cmr/m/n/10 fig-
 []


Overfull \hbox (19.47226pt too wide) in paragraph at lines 9--10
\OT1/cmr/m/n/10 ured
 []


Overfull \hbox (8.94446pt too wide) in paragraph at lines 9--10
\OT1/cmr/m/n/10 so
 []


Overfull \hbox (18.33339pt too wide) in paragraph at lines 9--10
\OT1/cmr/m/n/10 that
 []


Overfull \hbox (22.2778pt too wide) in paragraph at lines 9--10
\OT1/cmr/m/n/10 these
 []


Overfull \hbox (16.72224pt too wide) in paragraph at lines 9--10
\OT1/cmr/m/n/10 files
 []


Overfull \hbox (10.55559pt too wide) in paragraph at lines 9--10
\OT1/cmr/m/n/10 on
 []


Overfull \hbox (28.61118pt too wide) in paragraph at lines 9--10
\OT1/cmr/m/n/10 launch
 []


Overfull \hbox (16.11116pt too wide) in paragraph at lines 9--10
\OT1/cmr/m/n/10 and
 []


Overfull \hbox (25.44449pt too wide) in paragraph at lines 9--10
\OT1/cmr/m/n/10 Drop-
 []


Overfull \hbox (20.31952pt too wide) in paragraph at lines 9--10
\OT1/cmr/m/n/10 box[]
 []


Overfull \hbox (15.8889pt too wide) in paragraph at lines 9--10
\OT1/cmr/m/n/10 was
 []


Overfull \hbox (19.50003pt too wide) in paragraph at lines 9--10
\OT1/cmr/m/n/10 used
 []


Overfull \hbox (8.88892pt too wide) in paragraph at lines 9--10
\OT1/cmr/m/n/10 to
 []


Overfull \hbox (19.44447pt too wide) in paragraph at lines 9--10
\OT1/cmr/m/n/10 keep
 []


Overfull \hbox (13.88892pt too wide) in paragraph at lines 9--10
\OT1/cmr/m/n/10 the
 []


Overfull \hbox (20.61115pt too wide) in paragraph at lines 9--10
\OT1/cmr/m/n/10 VMs
 []


Overfull \hbox (18.11115pt too wide) in paragraph at lines 9--10
\OT1/cmr/m/n/10 syn-
 []


Overfull \hbox (21.97224pt too wide) in paragraph at lines 9--10
\OT1/cmr/m/n/10 chro-
 []


Overfull \hbox (25.5556pt too wide) in paragraph at lines 9--10
\OT1/cmr/m/n/10 nized.
 []


Overfull \hbox (14.51392pt too wide) in paragraph at lines 9--10
\OT1/cmr/m/n/10 Git
 []


Overfull \hbox (16.11116pt too wide) in paragraph at lines 9--10
\OT1/cmr/m/n/10 and
 []


Overfull \hbox (35.38898pt too wide) in paragraph at lines 9--10
\OT1/cmr/m/n/10 Github[]
 []


Overfull \hbox (19.75pt too wide) in paragraph at lines 9--10
\OT1/cmr/m/n/10 were
 []


Overfull \hbox (19.50003pt too wide) in paragraph at lines 9--10
\OT1/cmr/m/n/10 used
 []


Overfull \hbox (11.97226pt too wide) in paragraph at lines 9--10
\OT1/cmr/m/n/10 for
 []


Overfull \hbox (16.69446pt too wide) in paragraph at lines 9--10
\OT1/cmr/m/n/10 ver-
 []


Overfull \hbox (17.27782pt too wide) in paragraph at lines 9--10
\OT1/cmr/m/n/10 sion
 []


Overfull \hbox (18.33336pt too wide) in paragraph at lines 9--10
\OT1/cmr/m/n/10 con-
 []


Overfull \hbox (15.58337pt too wide) in paragraph at lines 9--10
\OT1/cmr/m/n/10 trol
 []


Overfull \hbox (8.94446pt too wide) in paragraph at lines 9--10
\OT1/cmr/m/n/10 as
 []


Overfull \hbox (19.72224pt too wide) in paragraph at lines 9--10
\OT1/cmr/m/n/10 well,
 []


Overfull \hbox (15.00005pt too wide) in paragraph at lines 9--10
\OT1/cmr/m/n/10 but
 []


Overfull \hbox (13.88892pt too wide) in paragraph at lines 9--10
\OT1/cmr/m/n/10 ad-
 []


Overfull \hbox (18.33337pt too wide) in paragraph at lines 9--10
\OT1/cmr/m/n/10 mit-
 []


Overfull \hbox (21.9445pt too wide) in paragraph at lines 9--10
\OT1/cmr/m/n/10 tedly
 []


Overfull \hbox (23.33339pt too wide) in paragraph at lines 9--10
\OT1/cmr/m/n/10 could
 []


Overfull \hbox (19.72226pt too wide) in paragraph at lines 9--10
\OT1/cmr/m/n/10 have
 []


Overfull \hbox (20.27782pt too wide) in paragraph at lines 9--10
\OT1/cmr/m/n/10 been
 []


Overfull \hbox (19.50003pt too wide) in paragraph at lines 9--10
\OT1/cmr/m/n/10 used
 []


Overfull \hbox (21.69449pt too wide) in paragraph at lines 9--10
\OT1/cmr/m/n/10 more
 []


Overfull \hbox (14.75002pt too wide) in paragraph at lines 9--10
\OT1/cmr/m/n/10 fre-
 []


Overfull \hbox (34.44452pt too wide) in paragraph at lines 9--10
\OT1/cmr/m/n/10 quently.
 []


Overfull \hbox (27.87506pt too wide) in paragraph at lines 9--10
\OT1/cmr/m/n/10 Group
 []


Overfull \hbox (24.44449pt too wide) in paragraph at lines 9--10
\OT1/cmr/m/n/10 mem-
 []


Overfull \hbox (18.13892pt too wide) in paragraph at lines 9--10
\OT1/cmr/m/n/10 bers
 []


Overfull \hbox (13.88893pt too wide) in paragraph at lines 9--10
\OT1/cmr/m/n/10 did
 []


Overfull \hbox (14.44449pt too wide) in paragraph at lines 9--10
\OT1/cmr/m/n/10 not
 []


Overfull \hbox (18.33336pt too wide) in paragraph at lines 9--10
\OT1/cmr/m/n/10 con-
 []


Overfull \hbox (14.0pt too wide) in paragraph at lines 9--10
\OT1/cmr/m/n/10 sis-
 []


Overfull \hbox (25.55562pt too wide) in paragraph at lines 9--10
\OT1/cmr/m/n/10 tently
 []


Overfull \hbox (18.61118pt too wide) in paragraph at lines 9--10
\OT1/cmr/m/n/10 only
 []


Overfull \hbox (23.61113pt too wide) in paragraph at lines 9--10
\OT1/cmr/m/n/10 check
 []


Overfull \hbox (8.33336pt too wide) in paragraph at lines 9--10
\OT1/cmr/m/n/10 in
 []


Overfull \hbox (24.47226pt too wide) in paragraph at lines 9--10
\OT1/cmr/m/n/10 work-
 []


Overfull \hbox (13.33337pt too wide) in paragraph at lines 9--10
\OT1/cmr/m/n/10 ing
 []


Overfull \hbox (19.72226pt too wide) in paragraph at lines 9--10
\OT1/cmr/m/n/10 code
 []


Overfull \hbox (16.11116pt too wide) in paragraph at lines 9--10
\OT1/cmr/m/n/10 and
 []


Overfull \hbox (14.44447pt too wide) in paragraph at lines 9--10
\OT1/cmr/m/n/10 un-
 []


Overfull \hbox (15.30559pt too wide) in paragraph at lines 9--10
\OT1/cmr/m/n/10 for-
 []


Overfull \hbox (12.7778pt too wide) in paragraph at lines 9--10
\OT1/cmr/m/n/10 tu-
 []


Overfull \hbox (18.88893pt too wide) in paragraph at lines 9--10
\OT1/cmr/m/n/10 nate
 []


Overfull \hbox (19.72226pt too wide) in paragraph at lines 9--10
\OT1/cmr/m/n/10 code
 []


Overfull \hbox (18.33336pt too wide) in paragraph at lines 9--10
\OT1/cmr/m/n/10 con-
 []


Overfull \hbox (11.94447pt too wide) in paragraph at lines 9--10
\OT1/cmr/m/n/10 fu-
 []


Overfull \hbox (17.27782pt too wide) in paragraph at lines 9--10
\OT1/cmr/m/n/10 sion
 []


Overfull \hbox (19.44449pt too wide) in paragraph at lines 9--10
\OT1/cmr/m/n/10 hap-
 []


Overfull \hbox (28.61118pt too wide) in paragraph at lines 9--10
\OT1/cmr/m/n/10 pened. 
 []

! Undefined control sequence.
l.12 \subsubsection
                   {Operating System}
The control sequence at the end of the top line
of your error message was never \def'ed. If you have
misspelled it (e.g., `\hobx'), type `I' and the correct
spelling (e.g., `I\hbox'). Otherwise just continue,
and I'll forget about whatever was undefined.


Overfull \hbox (44.19456pt too wide) in paragraph at lines 12--13
[]\OT1/cmr/m/n/10 Operating
 []


Overfull \hbox (18.11115pt too wide) in paragraph at lines 12--13
\OT1/cmr/m/n/10 Sys-
 []


Overfull \hbox (16.6667pt too wide) in paragraph at lines 12--13
\OT1/cmr/m/n/10 tem 
 []


Overfull \hbox (30.97229pt too wide) in paragraph at lines 14--15
\OT1/cmr/m/n/10 Debian
 []


Overfull \hbox (25.13896pt too wide) in paragraph at lines 14--15
\OT1/cmr/m/n/10 Linux 
 []


Overfull \hbox (28.91672pt too wide) in paragraph at lines 15--16
\OT1/cmr/m/n/10 Kernel
 []


Overfull \hbox (23.33339pt too wide) in paragraph at lines 15--16
\OT1/cmr/m/n/10 Mod-
 []


Overfull \hbox (6.11111pt too wide) in paragraph at lines 15--16
\OT1/cmr/m/n/10 i-
 []


Overfull \hbox (8.8889pt too wide) in paragraph at lines 15--16
\OT1/cmr/m/n/10 fi-
 []


Overfull \hbox (12.77779pt too wide) in paragraph at lines 15--16
\OT1/cmr/m/n/10 ca-
 []


Overfull \hbox (17.22227pt too wide) in paragraph at lines 15--16
\OT1/cmr/m/n/10 tion
 []


Overfull \hbox (30.13895pt too wide) in paragraph at lines 15--16
\OT1/cmr/m/n/10 (ADC) 
 []

! Undefined control sequence.
l.17 \subsubsection
                   {Installed Software}
The control sequence at the end of the top line
of your error message was never \def'ed. If you have
misspelled it (e.g., `\hobx'), type `I' and the correct
spelling (e.g., `I\hbox'). Otherwise just continue,
and I'll forget about whatever was undefined.


Overfull \hbox (37.55563pt too wide) in paragraph at lines 17--18
\OT1/cmr/m/n/10 Installed
 []


Overfull \hbox (20.83339pt too wide) in paragraph at lines 17--18
\OT1/cmr/m/n/10 Soft-
 []


Overfull \hbox (20.30557pt too wide) in paragraph at lines 17--18
\OT1/cmr/m/n/10 ware 
 []


Overfull \hbox (47.22237pt too wide) in paragraph at lines 19--20
\OT1/cmr/m/n/10 loudmouth
 []


Overfull \hbox (28.6112pt too wide) in paragraph at lines 19--20
\OT1/cmr/m/n/10 (xmpp
 []


Overfull \hbox (27.50005pt too wide) in paragraph at lines 19--20
\OT1/cmr/m/n/10 client) 
 []


Overfull \hbox (22.4306pt too wide) in paragraph at lines 20--21
\OT1/cmr/m/n/10 GLib
 []


Overfull \hbox (15.58334pt too wide) in paragraph at lines 20--21
\OT1/cmr/m/n/10 (re-
 []


Overfull \hbox (27.52783pt too wide) in paragraph at lines 20--21
\OT1/cmr/m/n/10 quired
 []


Overfull \hbox (11.97226pt too wide) in paragraph at lines 20--21
\OT1/cmr/m/n/10 for
 []


Overfull \hbox (22.22227pt too wide) in paragraph at lines 20--21
\OT1/cmr/m/n/10 loud-
 []


Overfull \hbox (32.22232pt too wide) in paragraph at lines 20--21
\OT1/cmr/m/n/10 mouth) 
 []


Overfull \hbox (26.3056pt too wide) in paragraph at lines 21--22
\OT1/cmr/m/n/10 Jake's
 []


Overfull \hbox (17.22224pt too wide) in paragraph at lines 21--22
\OT1/cmr/m/n/10 net-
 []


Overfull \hbox (24.47226pt too wide) in paragraph at lines 21--22
\OT1/cmr/m/n/10 work-
 []


Overfull \hbox (13.33337pt too wide) in paragraph at lines 21--22
\OT1/cmr/m/n/10 ing
 []


Overfull \hbox (26.72229pt too wide) in paragraph at lines 21--22
\OT1/cmr/m/n/10 things
 []


Overfull \hbox (25.58336pt too wide) in paragraph at lines 21--22
\OT1/cmr/m/n/10 (wire-
 []


Overfull \hbox (17.8889pt too wide) in paragraph at lines 21--22
\OT1/cmr/m/n/10 less,
 []


Overfull \hbox (22.77783pt too wide) in paragraph at lines 21--22
\OT1/cmr/m/n/10 auto-
 []


Overfull \hbox (37.58339pt too wide) in paragraph at lines 21--22
\OT1/cmr/m/n/10 discover,
 []


Overfull \hbox (12.22226pt too wide) in paragraph at lines 21--22
\OT1/cmr/m/n/10 ...) 
 []

! Undefined control sequence.
\@footnotetext ...tins {\reset@font \footnotesize 
                                                  \interlinepenalty \interfo...
l.25 ...mentation\footnote{\url{http://avahi.org}}
                                                   provides multicast DNS/DN...
The control sequence at the end of the top line
of your error message was never \def'ed. If you have
misspelled it (e.g., `\hobx'), type `I' and the correct
spelling (e.g., `I\hbox'). Otherwise just continue,
and I'll forget about whatever was undefined.

! Undefined control sequence.
\@footnotetext ...}\color@begingroup \@makefntext 
                                                  {\rule \z@ \footnotesep \i...
l.25 ...mentation\footnote{\url{http://avahi.org}}
                                                   provides multicast DNS/DN...
The control sequence at the end of the top line
of your error message was never \def'ed. If you have
misspelled it (e.g., `\hobx'), type `I' and the correct
spelling (e.g., `I\hbox'). Otherwise just continue,
and I'll forget about whatever was undefined.

! Undefined control sequence.
<argument> \url 
                {http://avahi.org}
l.25 ...mentation\footnote{\url{http://avahi.org}}
                                                   provides multicast DNS/DN...
The control sequence at the end of the top line
of your error message was never \def'ed. If you have
misspelled it (e.g., `\hobx'), type `I' and the correct
spelling (e.g., `I\hbox'). Otherwise just continue,
and I'll forget about whatever was undefined.


Overfull \hbox (70.86131pt too wide) in paragraph at lines 25--25
[][]\OT1/cmr/m/n/10 http://avahi.org| 
 []

! Undefined control sequence.
l.25 ...as installed and configured on the \olimex
                                                   so that the device broadc...
The control sequence at the end of the top line
of your error message was never \def'ed. If you have
misspelled it (e.g., `\hobx'), type `I' and the correct
spelling (e.g., `I\hbox'). Otherwise just continue,
and I'll forget about whatever was undefined.


Overfull \hbox (17.22224pt too wide) in paragraph at lines 25--26
[]\OT1/cmr/m/n/10 The
 []


Overfull \hbox (24.16672pt too wide) in paragraph at lines 25--26
\OT1/cmr/m/n/10 open-
 []


Overfull \hbox (27.30559pt too wide) in paragraph at lines 25--26
\OT1/cmr/m/n/10 source
 []


Overfull \hbox (25.55563pt too wide) in paragraph at lines 25--26
\OT1/cmr/m/n/10 Avahi
 []


Overfull \hbox (12.22221pt too wide) in paragraph at lines 25--26
\OT1/cmr/m/n/10 ze-
 []


Overfull \hbox (12.25002pt too wide) in paragraph at lines 25--26
\OT1/cmr/m/n/10 ro-
 []


Overfull \hbox (18.0556pt too wide) in paragraph at lines 25--26
\OT1/cmr/m/n/10 conf
 []


Overfull \hbox (14.44447pt too wide) in paragraph at lines 25--26
\OT1/cmr/m/n/10 im-
 []


Overfull \hbox (16.11113pt too wide) in paragraph at lines 25--26
\OT1/cmr/m/n/10 ple-
 []


Overfull \hbox (21.6667pt too wide) in paragraph at lines 25--26
\OT1/cmr/m/n/10 men-
 []


Overfull \hbox (12.22224pt too wide) in paragraph at lines 25--26
\OT1/cmr/m/n/10 ta-
 []


Overfull \hbox (21.7084pt too wide) in paragraph at lines 25--26
\OT1/cmr/m/n/10 tion[]
 []


Overfull \hbox (17.80559pt too wide) in paragraph at lines 25--26
\OT1/cmr/m/n/10 pro-
 []


Overfull \hbox (22.00005pt too wide) in paragraph at lines 25--26
\OT1/cmr/m/n/10 vides
 []


Overfull \hbox (19.72226pt too wide) in paragraph at lines 25--26
\OT1/cmr/m/n/10 mul-
 []


Overfull \hbox (10.00002pt too wide) in paragraph at lines 25--26
\OT1/cmr/m/n/10 ti-
 []


Overfull \hbox (17.2778pt too wide) in paragraph at lines 25--26
\OT1/cmr/m/n/10 cast
 []


Overfull \hbox (46.38899pt too wide) in paragraph at lines 25--26
\OT1/cmr/m/n/10 DNS/DNS
 []


Overfull \hbox (15.63889pt too wide) in paragraph at lines 25--26
\OT1/cmr/m/n/10 ser-
 []


Overfull \hbox (16.94447pt too wide) in paragraph at lines 25--26
\OT1/cmr/m/n/10 vice
 []


Overfull \hbox (15.61113pt too wide) in paragraph at lines 25--26
\OT1/cmr/m/n/10 dis-
 []


Overfull \hbox (17.7778pt too wide) in paragraph at lines 25--26
\OT1/cmr/m/n/10 cov-
 []


Overfull \hbox (13.63892pt too wide) in paragraph at lines 25--26
\OT1/cmr/m/n/10 ery
 []


Overfull \hbox (11.97226pt too wide) in paragraph at lines 25--26
\OT1/cmr/m/n/10 for
 []


Overfull \hbox (25.13896pt too wide) in paragraph at lines 25--26
\OT1/cmr/m/n/10 Linux
 []


Overfull \hbox (21.11115pt too wide) in paragraph at lines 25--26
\OT1/cmr/m/n/10 com-
 []


Overfull \hbox (17.77782pt too wide) in paragraph at lines 25--26
\OT1/cmr/m/n/10 pat-
 []


Overfull \hbox (6.11111pt too wide) in paragraph at lines 25--26
\OT1/cmr/m/n/10 i-
 []


Overfull \hbox (12.7778pt too wide) in paragraph at lines 25--26
\OT1/cmr/m/n/10 ble
 []


Overfull \hbox (19.44449pt too wide) in paragraph at lines 25--26
\OT1/cmr/m/n/10 with
 []


Overfull \hbox (16.38892pt too wide) in paragraph at lines 25--26
\OT1/cmr/m/n/10 Ap-
 []


Overfull \hbox (19.50003pt too wide) in paragraph at lines 25--26
\OT1/cmr/m/n/10 ple's
 []


Overfull \hbox (20.97227pt too wide) in paragraph at lines 25--26
\OT1/cmr/m/n/10 Bon-
 []


Overfull \hbox (17.52783pt too wide) in paragraph at lines 25--26
\OT1/cmr/m/n/10 jour
 []


Overfull \hbox (17.22224pt too wide) in paragraph at lines 25--26
\OT1/cmr/m/n/10 net-
 []


Overfull \hbox (21.13893pt too wide) in paragraph at lines 25--26
\OT1/cmr/m/n/10 work
 []


Overfull \hbox (15.63889pt too wide) in paragraph at lines 25--26
\OT1/cmr/m/n/10 ser-
 []


Overfull \hbox (16.94447pt too wide) in paragraph at lines 25--26
\OT1/cmr/m/n/10 vice
 []


Overfull \hbox (15.61113pt too wide) in paragraph at lines 25--26
\OT1/cmr/m/n/10 dis-
 []


Overfull \hbox (17.7778pt too wide) in paragraph at lines 25--26
\OT1/cmr/m/n/10 cov-
 []


Overfull \hbox (13.63892pt too wide) in paragraph at lines 25--26
\OT1/cmr/m/n/10 ery
 []


Overfull \hbox (38.94453pt too wide) in paragraph at lines 25--26
\OT1/cmr/m/n/10 provider.
 []


Overfull \hbox (25.55563pt too wide) in paragraph at lines 25--26
\OT1/cmr/m/n/10 Avahi
 []


Overfull \hbox (15.8889pt too wide) in paragraph at lines 25--26
\OT1/cmr/m/n/10 was
 []


Overfull \hbox (11.66669pt too wide) in paragraph at lines 25--26
\OT1/cmr/m/n/10 in-
 []


Overfull \hbox (28.38895pt too wide) in paragraph at lines 25--26
\OT1/cmr/m/n/10 stalled
 []


Overfull \hbox (16.11116pt too wide) in paragraph at lines 25--26
\OT1/cmr/m/n/10 and
 []


Overfull \hbox (18.33336pt too wide) in paragraph at lines 25--26
\OT1/cmr/m/n/10 con-
 []


Overfull \hbox (13.88892pt too wide) in paragraph at lines 25--26
\OT1/cmr/m/n/10 fig-
 []


Overfull \hbox (19.47226pt too wide) in paragraph at lines 25--26
\OT1/cmr/m/n/10 ured
 []


Overfull \hbox (10.55559pt too wide) in paragraph at lines 25--26
\OT1/cmr/m/n/10 on
 []


Overfull \hbox (13.88892pt too wide) in paragraph at lines 25--26
\OT1/cmr/m/n/10 the
 []


Overfull \hbox (8.94446pt too wide) in paragraph at lines 25--26
\OT1/cmr/m/n/10 so
 []


Overfull \hbox (18.33339pt too wide) in paragraph at lines 25--26
\OT1/cmr/m/n/10 that
 []


Overfull \hbox (13.88892pt too wide) in paragraph at lines 25--26
\OT1/cmr/m/n/10 the
 []


Overfull \hbox (13.33334pt too wide) in paragraph at lines 25--26
\OT1/cmr/m/n/10 de-
 []


Overfull \hbox (16.94447pt too wide) in paragraph at lines 25--26
\OT1/cmr/m/n/10 vice
 []


Overfull \hbox (28.36118pt too wide) in paragraph at lines 25--26
\OT1/cmr/m/n/10 broad-
 []


Overfull \hbox (21.22224pt too wide) in paragraph at lines 25--26
\OT1/cmr/m/n/10 casts
 []


Overfull \hbox (10.00002pt too wide) in paragraph at lines 25--26
\OT1/cmr/m/n/10 it-
 []


Overfull \hbox (14.22224pt too wide) in paragraph at lines 25--26
\OT1/cmr/m/n/10 self
 []


Overfull \hbox (10.55559pt too wide) in paragraph at lines 25--26
\OT1/cmr/m/n/10 on
 []


Overfull \hbox (13.88892pt too wide) in paragraph at lines 25--26
\OT1/cmr/m/n/10 the
 []


Overfull \hbox (17.22224pt too wide) in paragraph at lines 25--26
\OT1/cmr/m/n/10 net-
 []


Overfull \hbox (21.13893pt too wide) in paragraph at lines 25--26
\OT1/cmr/m/n/10 work
 []


Overfull \hbox (16.11116pt too wide) in paragraph at lines 25--26
\OT1/cmr/m/n/10 and
 []


Overfull \hbox (15.8889pt too wide) in paragraph at lines 25--26
\OT1/cmr/m/n/10 was
 []


Overfull \hbox (13.88892pt too wide) in paragraph at lines 25--26
\OT1/cmr/m/n/10 ad-
 []


Overfull \hbox (25.1389pt too wide) in paragraph at lines 25--26
\OT1/cmr/m/n/10 dress-
 []


Overfull \hbox (15.55559pt too wide) in paragraph at lines 25--26
\OT1/cmr/m/n/10 ible
 []


Overfull \hbox (10.55559pt too wide) in paragraph at lines 25--26
\OT1/cmr/m/n/10 by
 []


Overfull \hbox (10.61113pt too wide) in paragraph at lines 25--26
\OT1/cmr/m/n/10 its
 []


Overfull \hbox (21.72226pt too wide) in paragraph at lines 25--26
\OT1/cmr/m/n/10 host-
 []


Overfull \hbox (23.33339pt too wide) in paragraph at lines 25--26
\OT1/cmr/m/n/10 name
 []


Overfull \hbox (5.00002pt too wide) in paragraph at lines 25--26
\OT1/cmr/m/n/10 --
 []


Overfull \hbox (62.99945pt too wide) in paragraph at lines 25--26
\OT1/cmtt/m/n/10 netlet.local
 []


Overfull \hbox (5.00002pt too wide) in paragraph at lines 25--26
\OT1/cmr/m/n/10 --
 []


Overfull \hbox (26.72227pt too wide) in paragraph at lines 25--26
\OT1/cmr/m/n/10 rather
 []


Overfull \hbox (20.00006pt too wide) in paragraph at lines 25--26
\OT1/cmr/m/n/10 than
 []


Overfull \hbox (10.41669pt too wide) in paragraph at lines 25--26
\OT1/cmr/m/n/10 IP
 []


Overfull \hbox (13.88892pt too wide) in paragraph at lines 25--26
\OT1/cmr/m/n/10 ad-
 []


Overfull \hbox (24.58336pt too wide) in paragraph at lines 25--26
\OT1/cmr/m/n/10 dress.
 []


Overfull \hbox (17.22224pt too wide) in paragraph at lines 25--26
\OT1/cmr/m/n/10 The
 []


Overfull \hbox (25.44449pt too wide) in paragraph at lines 25--26
\OT1/cmr/m/n/10 Drop-
 []


Overfull \hbox (19.19449pt too wide) in paragraph at lines 25--26
\OT1/cmr/m/n/10 bear
 []


Overfull \hbox (18.61116pt too wide) in paragraph at lines 25--26
\OT1/cmr/m/n/10 SSH
 []


Overfull \hbox (18.33336pt too wide) in paragraph at lines 25--26
\OT1/cmr/m/n/10 dae-
 []


Overfull \hbox (18.88895pt too wide) in paragraph at lines 25--26
\OT1/cmr/m/n/10 mon
 []


Overfull \hbox (15.8889pt too wide) in paragraph at lines 25--26
\OT1/cmr/m/n/10 was
 []


Overfull \hbox (11.69444pt too wide) in paragraph at lines 25--26
\OT1/cmr/m/n/10 re-
 []


Overfull \hbox (28.05562pt too wide) in paragraph at lines 25--26
\OT1/cmr/m/n/10 moved
 []


Overfull \hbox (16.11116pt too wide) in paragraph at lines 25--26
\OT1/cmr/m/n/10 and
 []


Overfull \hbox (11.69444pt too wide) in paragraph at lines 25--26
\OT1/cmr/m/n/10 re-
 []


Overfull \hbox (27.77783pt too wide) in paragraph at lines 25--26
\OT1/cmr/m/n/10 placed
 []


Overfull \hbox (10.55559pt too wide) in paragraph at lines 25--26
\OT1/cmr/m/n/10 by
 []


Overfull \hbox (13.88892pt too wide) in paragraph at lines 25--26
\OT1/cmr/m/n/10 the
 []


Overfull \hbox (42.22234pt too wide) in paragraph at lines 25--26
\OT1/cmr/m/n/10 OpenSSH
 []


Overfull \hbox (25.66669pt too wide) in paragraph at lines 25--26
\OT1/cmr/m/n/10 server
 []


Overfull \hbox (8.94446pt too wide) in paragraph at lines 25--26
\OT1/cmr/m/n/10 so
 []


Overfull \hbox (18.33339pt too wide) in paragraph at lines 25--26
\OT1/cmr/m/n/10 that
 []


Overfull \hbox (13.88892pt too wide) in paragraph at lines 25--26
\OT1/cmr/m/n/10 the
 []


Overfull \hbox (12.7778pt too wide) in paragraph at lines 25--26
\OT1/cmr/m/n/10 file
 []


Overfull \hbox (16.50002pt too wide) in paragraph at lines 25--26
\OT1/cmr/m/n/10 sys-
 []


Overfull \hbox (16.6667pt too wide) in paragraph at lines 25--26
\OT1/cmr/m/n/10 tem
 []


Overfull \hbox (21.44449pt too wide) in paragraph at lines 25--26
\OT1/cmr/m/n/10 locks
 []


Overfull \hbox (23.33339pt too wide) in paragraph at lines 25--26
\OT1/cmr/m/n/10 could
 []


Overfull \hbox (10.2778pt too wide) in paragraph at lines 25--26
\OT1/cmr/m/n/10 be
 []


Overfull \hbox (23.88895pt too wide) in paragraph at lines 25--26
\OT1/cmr/m/n/10 taken
 []


Overfull \hbox (14.44449pt too wide) in paragraph at lines 25--26
\OT1/cmr/m/n/10 out
 []


Overfull \hbox (16.11116pt too wide) in paragraph at lines 25--26
\OT1/cmr/m/n/10 and
 []


Overfull \hbox (8.94446pt too wide) in paragraph at lines 25--26
\OT1/cmr/m/n/10 so
 []


Overfull \hbox (18.33339pt too wide) in paragraph at lines 25--26
\OT1/cmr/m/n/10 that
 []


Overfull \hbox (19.72226pt too wide) in paragraph at lines 25--26
\OT1/cmr/m/n/10 mul-
 []


Overfull \hbox (10.00002pt too wide) in paragraph at lines 25--26
\OT1/cmr/m/n/10 ti-
 []


Overfull \hbox (12.7778pt too wide) in paragraph at lines 25--26
\OT1/cmr/m/n/10 ple
 []


Overfull \hbox (10.05556pt too wide) in paragraph at lines 25--26
\OT1/cmr/m/n/10 si-
 []


Overfull \hbox (19.72226pt too wide) in paragraph at lines 25--26
\OT1/cmr/m/n/10 mul-
 []


Overfull \hbox (12.22224pt too wide) in paragraph at lines 25--26
\OT1/cmr/m/n/10 ta-
 []


Overfull \hbox (13.33334pt too wide) in paragraph at lines 25--26
\OT1/cmr/m/n/10 ne-
 []


Overfull \hbox (14.50003pt too wide) in paragraph at lines 25--26
\OT1/cmr/m/n/10 ous
 []


Overfull \hbox (18.61116pt too wide) in paragraph at lines 25--26
\OT1/cmr/m/n/10 SSH
 []


Overfull \hbox (18.33336pt too wide) in paragraph at lines 25--26
\OT1/cmr/m/n/10 con-
 []


Overfull \hbox (17.77779pt too wide) in paragraph at lines 25--26
\OT1/cmr/m/n/10 nec-
 []


Overfull \hbox (21.16672pt too wide) in paragraph at lines 25--26
\OT1/cmr/m/n/10 tions
 []


Overfull \hbox (19.75pt too wide) in paragraph at lines 25--26
\OT1/cmr/m/n/10 were
 []


Overfull \hbox (18.38892pt too wide) in paragraph at lines 25--26
\OT1/cmr/m/n/10 sup-
 []


Overfull \hbox (31.41675pt too wide) in paragraph at lines 25--26
\OT1/cmr/m/n/10 ported. 
 []

! Undefined control sequence.
l.27 Since a new \netlet
                         would need to be configured by the end-user, SSH wa...
The control sequence at the end of the top line
of your error message was never \def'ed. If you have
misspelled it (e.g., `\hobx'), type `I' and the correct
spelling (e.g., `I\hbox'). Otherwise just continue,
and I'll forget about whatever was undefined.

! Undefined control sequence.
l.27 ...iles were written to broadcast the \netlet
                                                   's support SSH, SFTP, SMB...
The control sequence at the end of the top line
of your error message was never \def'ed. If you have
misspelled it (e.g., `\hobx'), type `I' and the correct
spelling (e.g., `I\hbox'). Otherwise just continue,
and I'll forget about whatever was undefined.

)
Overfull \hbox (22.77782pt too wide) in paragraph at lines 27--6
[]\OT1/cmr/m/n/10 Since
 []


Overfull \hbox (5.00002pt too wide) in paragraph at lines 27--6
\OT1/cmr/m/n/10 a
 []


Overfull \hbox (17.22224pt too wide) in paragraph at lines 27--6
\OT1/cmr/m/n/10 new
 []


Overfull \hbox (25.83339pt too wide) in paragraph at lines 27--6
\OT1/cmr/m/n/10 would
 []


Overfull \hbox (20.00003pt too wide) in paragraph at lines 27--6
\OT1/cmr/m/n/10 need
 []


Overfull \hbox (8.88892pt too wide) in paragraph at lines 27--6
\OT1/cmr/m/n/10 to
 []


Overfull \hbox (10.2778pt too wide) in paragraph at lines 27--6
\OT1/cmr/m/n/10 be
 []


Overfull \hbox (18.33336pt too wide) in paragraph at lines 27--6
\OT1/cmr/m/n/10 con-
 []


Overfull \hbox (13.88892pt too wide) in paragraph at lines 27--6
\OT1/cmr/m/n/10 fig-
 []


Overfull \hbox (19.47226pt too wide) in paragraph at lines 27--6
\OT1/cmr/m/n/10 ured
 []


Overfull \hbox (10.55559pt too wide) in paragraph at lines 27--6
\OT1/cmr/m/n/10 by
 []


Overfull \hbox (13.88892pt too wide) in paragraph at lines 27--6
\OT1/cmr/m/n/10 the
 []


Overfull \hbox (18.88892pt too wide) in paragraph at lines 27--6
\OT1/cmr/m/n/10 end-
 []


Overfull \hbox (20.63892pt too wide) in paragraph at lines 27--6
\OT1/cmr/m/n/10 user,
 []


Overfull \hbox (18.61116pt too wide) in paragraph at lines 27--6
\OT1/cmr/m/n/10 SSH
 []


Overfull \hbox (15.8889pt too wide) in paragraph at lines 27--6
\OT1/cmr/m/n/10 was
 []


Overfull \hbox (28.08342pt too wide) in paragraph at lines 27--6
\OT1/cmr/m/n/10 hardly
 []


Overfull \hbox (13.88892pt too wide) in paragraph at lines 27--6
\OT1/cmr/m/n/10 ap-
 []


Overfull \hbox (17.80559pt too wide) in paragraph at lines 27--6
\OT1/cmr/m/n/10 pro-
 []


Overfull \hbox (15.58336pt too wide) in paragraph at lines 27--6
\OT1/cmr/m/n/10 pri-
 []


Overfull \hbox (16.11115pt too wide) in paragraph at lines 27--6
\OT1/cmr/m/n/10 ate.
 []


Overfull \hbox (21.94449pt too wide) in paragraph at lines 27--6
\OT1/cmr/m/n/10 Win-
 []


Overfull \hbox (21.44447pt too wide) in paragraph at lines 27--6
\OT1/cmr/m/n/10 dows
 []


Overfull \hbox (49.72235pt too wide) in paragraph at lines 27--6
\OT1/cmr/m/n/10 SMB/CIFS
 []


Overfull \hbox (18.38892pt too wide) in paragraph at lines 27--6
\OT1/cmr/m/n/10 sup-
 []


Overfull \hbox (18.63895pt too wide) in paragraph at lines 27--6
\OT1/cmr/m/n/10 port
 []


Overfull \hbox (15.8889pt too wide) in paragraph at lines 27--6
\OT1/cmr/m/n/10 was
 []


Overfull \hbox (26.11118pt too wide) in paragraph at lines 27--6
\OT1/cmr/m/n/10 added
 []


Overfull \hbox (19.44449pt too wide) in paragraph at lines 27--6
\OT1/cmr/m/n/10 with
 []


Overfull \hbox (13.88892pt too wide) in paragraph at lines 27--6
\OT1/cmr/m/n/10 the
 []


Overfull \hbox (11.66669pt too wide) in paragraph at lines 27--6
\OT1/cmr/m/n/10 in-
 []


Overfull \hbox (18.94447pt too wide) in paragraph at lines 27--6
\OT1/cmr/m/n/10 stal-
 []


Overfull \hbox (11.11113pt too wide) in paragraph at lines 27--6
\OT1/cmr/m/n/10 la-
 []


Overfull \hbox (17.22227pt too wide) in paragraph at lines 27--6
\OT1/cmr/m/n/10 tion
 []


Overfull \hbox (8.05559pt too wide) in paragraph at lines 27--6
\OT1/cmr/m/n/10 of
 []


Overfull \hbox (39.58344pt too wide) in paragraph at lines 27--6
\OT1/cmr/m/n/10 SAMBA,
 []


Overfull \hbox (10.55559pt too wide) in paragraph at lines 27--6
\OT1/cmr/m/n/10 an
 []


Overfull \hbox (27.55562pt too wide) in paragraph at lines 27--6
\OT1/cmr/m/n/10 ``smb''
 []


Overfull \hbox (17.86113pt too wide) in paragraph at lines 27--6
\OT1/cmr/m/n/10 user
 []


Overfull \hbox (15.8889pt too wide) in paragraph at lines 27--6
\OT1/cmr/m/n/10 was
 []


Overfull \hbox (16.13889pt too wide) in paragraph at lines 27--6
\OT1/cmr/m/n/10 cre-
 []


Overfull \hbox (21.66672pt too wide) in paragraph at lines 27--6
\OT1/cmr/m/n/10 ated,
 []


Overfull \hbox (16.11116pt too wide) in paragraph at lines 27--6
\OT1/cmr/m/n/10 and
 []


Overfull \hbox (5.00002pt too wide) in paragraph at lines 27--6
\OT1/cmr/m/n/10 a
 []


Overfull \hbox (22.86115pt too wide) in paragraph at lines 27--6
\OT1/cmr/m/n/10 share
 []


Overfull \hbox (23.38893pt too wide) in paragraph at lines 27--6
\OT1/cmr/m/n/10 setup
 []


Overfull \hbox (8.33336pt too wide) in paragraph at lines 27--6
\OT1/cmr/m/n/10 in
 []


Overfull \hbox (50.02737pt too wide) in paragraph at lines 27--6
\OT1/cmtt/m/n/10 /srv/smb/\OT1/cmr/m/n/10 .
 []


Overfull \hbox (27.0834pt too wide) in paragraph at lines 27--6
\OT1/cmr/m/n/10 Build-
 []


Overfull \hbox (13.33337pt too wide) in paragraph at lines 27--6
\OT1/cmr/m/n/10 ing
 []


Overfull \hbox (13.88892pt too wide) in paragraph at lines 27--6
\OT1/cmr/m/n/10 the
 []


Overfull \hbox (41.99963pt too wide) in paragraph at lines 27--6
\OT1/cmtt/m/n/10 netatalk
 []


Overfull \hbox (23.33337pt too wide) in paragraph at lines 27--6
\OT1/cmr/m/n/10 pack-
 []


Overfull \hbox (14.44447pt too wide) in paragraph at lines 27--6
\OT1/cmr/m/n/10 age
 []


Overfull \hbox (20.30562pt too wide) in paragraph at lines 27--6
\OT1/cmr/m/n/10 from
 []


Overfull \hbox (27.30559pt too wide) in paragraph at lines 27--6
\OT1/cmr/m/n/10 source
 []


Overfull \hbox (15.8889pt too wide) in paragraph at lines 27--6
\OT1/cmr/m/n/10 was
 []


Overfull \hbox (17.77779pt too wide) in paragraph at lines 27--6
\OT1/cmr/m/n/10 nec-
 []


Overfull \hbox (11.72221pt too wide) in paragraph at lines 27--6
\OT1/cmr/m/n/10 es-
 []


Overfull \hbox (18.13893pt too wide) in paragraph at lines 27--6
\OT1/cmr/m/n/10 sary
 []


Overfull \hbox (8.88892pt too wide) in paragraph at lines 27--6
\OT1/cmr/m/n/10 to
 []


Overfull \hbox (18.38892pt too wide) in paragraph at lines 27--6
\OT1/cmr/m/n/10 sup-
 []


Overfull \hbox (18.63895pt too wide) in paragraph at lines 27--6
\OT1/cmr/m/n/10 port
 []


Overfull \hbox (13.88892pt too wide) in paragraph at lines 27--6
\OT1/cmr/m/n/10 the
 []


Overfull \hbox (16.38892pt too wide) in paragraph at lines 27--6
\OT1/cmr/m/n/10 Ap-
 []


Overfull \hbox (12.7778pt too wide) in paragraph at lines 27--6
\OT1/cmr/m/n/10 ple
 []


Overfull \hbox (20.44449pt too wide) in paragraph at lines 27--6
\OT1/cmr/m/n/10 Filer
 []


Overfull \hbox (19.05559pt too wide) in paragraph at lines 27--6
\OT1/cmr/m/n/10 Pro-
 []


Overfull \hbox (12.22224pt too wide) in paragraph at lines 27--6
\OT1/cmr/m/n/10 to-
 []


Overfull \hbox (12.22224pt too wide) in paragraph at lines 27--6
\OT1/cmr/m/n/10 col
 []


Overfull \hbox (28.61119pt too wide) in paragraph at lines 27--6
\OT1/cmr/m/n/10 (AFP)
 []


Overfull \hbox (19.50003pt too wide) in paragraph at lines 27--6
\OT1/cmr/m/n/10 used
 []


Overfull \hbox (10.55559pt too wide) in paragraph at lines 27--6
\OT1/cmr/m/n/10 by
 []


Overfull \hbox (18.61115pt too wide) in paragraph at lines 27--6
\OT1/cmr/m/n/10 Mac
 []


Overfull \hbox (13.33337pt too wide) in paragraph at lines 27--6
\OT1/cmr/m/n/10 OS
 []


Overfull \hbox (7.50002pt too wide) in paragraph at lines 27--6
\OT1/cmr/m/n/10 X
 []


Overfull \hbox (23.0556pt too wide) in paragraph at lines 27--6
\OT1/cmr/m/n/10 Snow
 []


Overfull \hbox (24.58337pt too wide) in paragraph at lines 27--6
\OT1/cmr/m/n/10 Leop-
 []


Overfull \hbox (14.47226pt too wide) in paragraph at lines 27--6
\OT1/cmr/m/n/10 ard
 []


Overfull \hbox (11.97226pt too wide) in paragraph at lines 27--6
\OT1/cmr/m/n/10 for
 []


Overfull \hbox (31.38896pt too wide) in paragraph at lines 27--6
\OT1/cmr/m/n/10 mount-
 []


Overfull \hbox (13.33337pt too wide) in paragraph at lines 27--6
\OT1/cmr/m/n/10 ing
 []


Overfull \hbox (17.22224pt too wide) in paragraph at lines 27--6
\OT1/cmr/m/n/10 net-
 []


Overfull \hbox (21.13893pt too wide) in paragraph at lines 27--6
\OT1/cmr/m/n/10 work
 []


Overfull \hbox (16.11115pt too wide) in paragraph at lines 27--6
\OT1/cmr/m/n/10 vol-
 []


Overfull \hbox (22.27782pt too wide) in paragraph at lines 27--6
\OT1/cmr/m/n/10 umes
 []


Overfull \hbox (16.11116pt too wide) in paragraph at lines 27--6
\OT1/cmr/m/n/10 and
 []


Overfull \hbox (8.88892pt too wide) in paragraph at lines 27--6
\OT1/cmr/m/n/10 to
 []


Overfull \hbox (19.44449pt too wide) in paragraph at lines 27--6
\OT1/cmr/m/n/10 han-
 []


Overfull \hbox (12.7778pt too wide) in paragraph at lines 27--6
\OT1/cmr/m/n/10 dle
 []


Overfull \hbox (18.33336pt too wide) in paragraph at lines 27--6
\OT1/cmr/m/n/10 con-
 []


Overfull \hbox (17.77779pt too wide) in paragraph at lines 27--6
\OT1/cmr/m/n/10 nec-
 []


Overfull \hbox (21.16672pt too wide) in paragraph at lines 27--6
\OT1/cmr/m/n/10 tions
 []


Overfull \hbox (20.30562pt too wide) in paragraph at lines 27--6
\OT1/cmr/m/n/10 from
 []


Overfull \hbox (22.33337pt too wide) in paragraph at lines 27--6
\OT1/cmr/m/n/10 hosts
 []


Overfull \hbox (19.44449pt too wide) in paragraph at lines 27--6
\OT1/cmr/m/n/10 with
 []


Overfull \hbox (22.86115pt too wide) in paragraph at lines 27--6
\OT1/cmr/m/n/10 strict
 []


Overfull \hbox (21.7778pt too wide) in paragraph at lines 27--6
\OT1/cmr/m/n/10 pass-
 []


Overfull \hbox (21.4167pt too wide) in paragraph at lines 27--6
\OT1/cmr/m/n/10 word
 []


Overfull \hbox (13.33334pt too wide) in paragraph at lines 27--6
\OT1/cmr/m/n/10 en-
 []


Overfull \hbox (22.52782pt too wide) in paragraph at lines 27--6
\OT1/cmr/m/n/10 cryp-
 []


Overfull \hbox (17.22227pt too wide) in paragraph at lines 27--6
\OT1/cmr/m/n/10 tion
 []


Overfull \hbox (13.33334pt too wide) in paragraph at lines 27--6
\OT1/cmr/m/n/10 en-
 []


Overfull \hbox (26.11118pt too wide) in paragraph at lines 27--6
\OT1/cmr/m/n/10 abled.
 []


Overfull \hbox (15.27779pt too wide) in paragraph at lines 27--6
\OT1/cmr/m/n/10 Ne-
 []


Overfull \hbox (25.83342pt too wide) in paragraph at lines 27--6
\OT1/cmr/m/n/10 tatalk
 []


Overfull \hbox (15.8889pt too wide) in paragraph at lines 27--6
\OT1/cmr/m/n/10 was
 []


Overfull \hbox (18.33336pt too wide) in paragraph at lines 27--6
\OT1/cmr/m/n/10 con-
 []


Overfull \hbox (13.88892pt too wide) in paragraph at lines 27--6
\OT1/cmr/m/n/10 fig-
 []


Overfull \hbox (19.47226pt too wide) in paragraph at lines 27--6
\OT1/cmr/m/n/10 ured
 []


Overfull \hbox (8.88892pt too wide) in paragraph at lines 27--6
\OT1/cmr/m/n/10 to
 []


Overfull \hbox (22.86115pt too wide) in paragraph at lines 27--6
\OT1/cmr/m/n/10 share
 []


Overfull \hbox (13.88892pt too wide) in paragraph at lines 27--6
\OT1/cmr/m/n/10 the
 []


Overfull \hbox (18.38892pt too wide) in paragraph at lines 27--6
\OT1/cmr/m/n/10 sub-
 []


Overfull \hbox (19.72227pt too wide) in paragraph at lines 27--6
\OT1/cmr/m/n/10 fold-
 []


Overfull \hbox (12.30556pt too wide) in paragraph at lines 27--6
\OT1/cmr/m/n/10 ers
 []


Overfull \hbox (8.05559pt too wide) in paragraph at lines 27--6
\OT1/cmr/m/n/10 of
 []


Overfull \hbox (47.24959pt too wide) in paragraph at lines 27--6
\OT1/cmtt/m/n/10 /srv/smb/
 []


Overfull \hbox (8.94446pt too wide) in paragraph at lines 27--6
\OT1/cmr/m/n/10 as
 []


Overfull \hbox (16.11115pt too wide) in paragraph at lines 27--6
\OT1/cmr/m/n/10 vol-
 []


Overfull \hbox (25.0556pt too wide) in paragraph at lines 27--6
\OT1/cmr/m/n/10 umes.
 []


Overfull \hbox (25.55563pt too wide) in paragraph at lines 27--6
\OT1/cmr/m/n/10 Avahi
 []


Overfull \hbox (18.33336pt too wide) in paragraph at lines 27--6
\OT1/cmr/m/n/10 con-
 []


Overfull \hbox (13.88892pt too wide) in paragraph at lines 27--6
\OT1/cmr/m/n/10 fig-
 []


Overfull \hbox (8.8889pt too wide) in paragraph at lines 27--6
\OT1/cmr/m/n/10 u-
 []


Overfull \hbox (12.25002pt too wide) in paragraph at lines 27--6
\OT1/cmr/m/n/10 ra-
 []


Overfull \hbox (17.22227pt too wide) in paragraph at lines 27--6
\OT1/cmr/m/n/10 tion
 []


Overfull \hbox (16.72224pt too wide) in paragraph at lines 27--6
\OT1/cmr/m/n/10 files
 []


Overfull \hbox (19.75pt too wide) in paragraph at lines 27--6
\OT1/cmr/m/n/10 were
 []


Overfull \hbox (21.13892pt too wide) in paragraph at lines 27--6
\OT1/cmr/m/n/10 writ-
 []


Overfull \hbox (13.88892pt too wide) in paragraph at lines 27--6
\OT1/cmr/m/n/10 ten
 []


Overfull \hbox (8.88892pt too wide) in paragraph at lines 27--6
\OT1/cmr/m/n/10 to
 []


Overfull \hbox (28.36118pt too wide) in paragraph at lines 27--6
\OT1/cmr/m/n/10 broad-
 []


Overfull \hbox (17.2778pt too wide) in paragraph at lines 27--6
\OT1/cmr/m/n/10 cast
 []


Overfull \hbox (13.88892pt too wide) in paragraph at lines 27--6
\OT1/cmr/m/n/10 the
 []


Overfull \hbox (6.72223pt too wide) in paragraph at lines 27--6
\OT1/cmr/m/n/10 's
 []


Overfull \hbox (18.38892pt too wide) in paragraph at lines 27--6
\OT1/cmr/m/n/10 sup-
 []


Overfull \hbox (18.63895pt too wide) in paragraph at lines 27--6
\OT1/cmr/m/n/10 port
 []


Overfull \hbox (21.38895pt too wide) in paragraph at lines 27--6
\OT1/cmr/m/n/10 SSH,
 []


Overfull \hbox (28.05562pt too wide) in paragraph at lines 27--6
\OT1/cmr/m/n/10 SFTP,
 []


Overfull \hbox (24.5834pt too wide) in paragraph at lines 27--6
\OT1/cmr/m/n/10 SMB,
 []


Overfull \hbox (16.11116pt too wide) in paragraph at lines 27--6
\OT1/cmr/m/n/10 and
 []


Overfull \hbox (22.77783pt too wide) in paragraph at lines 27--6
\OT1/cmr/m/n/10 AFP.
 []


Overfull \hbox (22.22226pt too wide) in paragraph at lines 27--6
\OT1/cmr/m/n/10 Once
 []


Overfull \hbox (12.22224pt too wide) in paragraph at lines 27--6
\OT1/cmr/m/n/10 at-
 []


Overfull \hbox (28.61116pt too wide) in paragraph at lines 27--6
\OT1/cmr/m/n/10 tached
 []


Overfull \hbox (8.88892pt too wide) in paragraph at lines 27--6
\OT1/cmr/m/n/10 to
 []


Overfull \hbox (5.00002pt too wide) in paragraph at lines 27--6
\OT1/cmr/m/n/10 a
 []


Overfull \hbox (24.58336pt too wide) in paragraph at lines 27--6
\OT1/cmr/m/n/10 user's
 []


Overfull \hbox (23.33339pt too wide) in paragraph at lines 27--6
\OT1/cmr/m/n/10 home
 []


Overfull \hbox (17.22224pt too wide) in paragraph at lines 27--6
\OT1/cmr/m/n/10 net-
 []


Overfull \hbox (23.91672pt too wide) in paragraph at lines 27--6
\OT1/cmr/m/n/10 work,
 []


Overfull \hbox (13.88892pt too wide) in paragraph at lines 27--6
\OT1/cmr/m/n/10 the
 []


Overfull \hbox (13.33334pt too wide) in paragraph at lines 27--6
\OT1/cmr/m/n/10 de-
 []


Overfull \hbox (16.94447pt too wide) in paragraph at lines 27--6
\OT1/cmr/m/n/10 vice
 []


Overfull \hbox (17.50003pt too wide) in paragraph at lines 27--6
\OT1/cmr/m/n/10 now
 []


Overfull \hbox (13.88892pt too wide) in paragraph at lines 27--6
\OT1/cmr/m/n/10 au-
 []


Overfull \hbox (12.22224pt too wide) in paragraph at lines 27--6
\OT1/cmr/m/n/10 to-
 []


Overfull \hbox (20.5556pt too wide) in paragraph at lines 27--6
\OT1/cmr/m/n/10 mat-
 []


Overfull \hbox (6.11111pt too wide) in paragraph at lines 27--6
\OT1/cmr/m/n/10 i-
 []


Overfull \hbox (20.27783pt too wide) in paragraph at lines 27--6
\OT1/cmr/m/n/10 cally
 []


Overfull \hbox (13.88892pt too wide) in paragraph at lines 27--6
\OT1/cmr/m/n/10 ap-
 []


Overfull \hbox (29.1945pt too wide) in paragraph at lines 27--6
\OT1/cmr/m/n/10 peared
 []


Overfull \hbox (8.33336pt too wide) in paragraph at lines 27--6
\OT1/cmr/m/n/10 in
 []


Overfull \hbox (13.88892pt too wide) in paragraph at lines 27--6
\OT1/cmr/m/n/10 the
 []


Overfull \hbox (19.16669pt too wide) in paragraph at lines 27--6
\OT1/cmr/m/n/10 Net-
 []


Overfull \hbox (21.13893pt too wide) in paragraph at lines 27--6
\OT1/cmr/m/n/10 work
 []


Overfull \hbox (16.16666pt too wide) in paragraph at lines 27--6
\OT1/cmr/m/n/10 sec-
 []


Overfull \hbox (17.22227pt too wide) in paragraph at lines 27--6
\OT1/cmr/m/n/10 tion
 []


Overfull \hbox (8.05559pt too wide) in paragraph at lines 27--6
\OT1/cmr/m/n/10 of
 []


Overfull \hbox (69.51405pt too wide) in paragraph at lines 27--6
\OT1/cmr/m/n/10 Gnome/Ubuntu
 []


Overfull \hbox (27.91675pt too wide) in paragraph at lines 27--6
\OT1/cmr/m/n/10 Linux,
 []


Overfull \hbox (18.61115pt too wide) in paragraph at lines 27--6
\OT1/cmr/m/n/10 Mac
 []


Overfull \hbox (13.33337pt too wide) in paragraph at lines 27--6
\OT1/cmr/m/n/10 OS
 []


Overfull \hbox (10.2778pt too wide) in paragraph at lines 27--6
\OT1/cmr/m/n/10 X,
 []


Overfull \hbox (16.11116pt too wide) in paragraph at lines 27--6
\OT1/cmr/m/n/10 and
 []


Overfull \hbox (21.94449pt too wide) in paragraph at lines 27--6
\OT1/cmr/m/n/10 Win-
 []


Overfull \hbox (21.44447pt too wide) in paragraph at lines 27--6
\OT1/cmr/m/n/10 dows
 []


Overfull \hbox (13.88892pt too wide) in paragraph at lines 27--6
\OT1/cmr/m/n/10 op-
 []


Overfull \hbox (11.69444pt too wide) in paragraph at lines 27--6
\OT1/cmr/m/n/10 er-
 []


Overfull \hbox (12.22224pt too wide) in paragraph at lines 27--6
\OT1/cmr/m/n/10 at-
 []


Overfull \hbox (13.33337pt too wide) in paragraph at lines 27--6
\OT1/cmr/m/n/10 ing
 []


Overfull \hbox (16.50002pt too wide) in paragraph at lines 27--6
\OT1/cmr/m/n/10 sys-
 []


Overfull \hbox (23.38893pt too wide) in paragraph at lines 27--6
\OT1/cmr/m/n/10 tems.
 []

(./documentation/atmega.tex
! Undefined control sequence.
l.1 \subsection
               {\atmel Modules}
The control sequence at the end of the top line
of your error message was never \def'ed. If you have
misspelled it (e.g., `\hobx'), type `I' and the correct
spelling (e.g., `I\hbox'). Otherwise just continue,
and I'll forget about whatever was undefined.

! Undefined control sequence.
l.1 \subsection{\atmel
                       Modules}
The control sequence at the end of the top line
of your error message was never \def'ed. If you have
misspelled it (e.g., `\hobx'), type `I' and the correct
spelling (e.g., `I\hbox'). Otherwise just continue,
and I'll forget about whatever was undefined.

! Undefined control sequence.
l.2 \subsubsection
                  {Interfacing \& Isolation}
The control sequence at the end of the top line
of your error message was never \def'ed. If you have
misspelled it (e.g., `\hobx'), type `I' and the correct
spelling (e.g., `I\hbox'). Otherwise just continue,
and I'll forget about whatever was undefined.

)
Overfull \hbox (36.7223pt too wide) in paragraph at lines 1--8
[]\OT1/cmr/m/n/10 Modules
 []


Overfull \hbox (12.50002pt too wide) in paragraph at lines 1--8
\OT1/cmr/m/n/10 In-
 []


Overfull \hbox (15.58334pt too wide) in paragraph at lines 1--8
\OT1/cmr/m/n/10 ter-
 []


Overfull \hbox (15.83336pt too wide) in paragraph at lines 1--8
\OT1/cmr/m/n/10 fac-
 []


Overfull \hbox (13.33337pt too wide) in paragraph at lines 1--8
\OT1/cmr/m/n/10 ing
 []


Overfull \hbox (7.7778pt too wide) in paragraph at lines 1--8
\OT1/cmr/m/n/10 &
 []


Overfull \hbox (15.8889pt too wide) in paragraph at lines 1--8
\OT1/cmr/m/n/10 Iso-
 []


Overfull \hbox (11.11113pt too wide) in paragraph at lines 1--8
\OT1/cmr/m/n/10 la-
 []


Overfull \hbox (17.22227pt too wide) in paragraph at lines 1--8
\OT1/cmr/m/n/10 tion
 []

! Undefined control sequence.
l.9 \subsection
               {Networking and Communication}
The control sequence at the end of the top line
of your error message was never \def'ed. If you have
misspelled it (e.g., `\hobx'), type `I' and the correct
spelling (e.g., `I\hbox'). Otherwise just continue,
and I'll forget about whatever was undefined.

! Undefined control sequence.
l.10 \subsubsection
                   {Serial}
The control sequence at the end of the top line
of your error message was never \def'ed. If you have
misspelled it (e.g., `\hobx'), type `I' and the correct
spelling (e.g., `I\hbox'). Otherwise just continue,
and I'll forget about whatever was undefined.

! Undefined control sequence.
l.11 \subsubsection
                   {XMPP}
The control sequence at the end of the top line
of your error message was never \def'ed. If you have
misspelled it (e.g., `\hobx'), type `I' and the correct
spelling (e.g., `I\hbox'). Otherwise just continue,
and I'll forget about whatever was undefined.


Overfull \hbox (50.02788pt too wide) in paragraph at lines 9--12
[]\OT1/cmr/m/n/10 Networking
 []


Overfull \hbox (16.11116pt too wide) in paragraph at lines 9--12
\OT1/cmr/m/n/10 and
 []


Overfull \hbox (23.88893pt too wide) in paragraph at lines 9--12
\OT1/cmr/m/n/10 Com-
 []


Overfull \hbox (16.94447pt too wide) in paragraph at lines 9--12
\OT1/cmr/m/n/10 mu-
 []


Overfull \hbox (11.66669pt too wide) in paragraph at lines 9--12
\OT1/cmr/m/n/10 ni-
 []


Overfull \hbox (12.77779pt too wide) in paragraph at lines 9--12
\OT1/cmr/m/n/10 ca-
 []


Overfull \hbox (17.22227pt too wide) in paragraph at lines 9--12
\OT1/cmr/m/n/10 tion
 []


Overfull \hbox (13.33334pt too wide) in paragraph at lines 9--12
\OT1/cmr/m/n/10 Se-
 []


Overfull \hbox (14.47226pt too wide) in paragraph at lines 9--12
\OT1/cmr/m/n/10 rial
 []


Overfull \hbox (30.27785pt too wide) in paragraph at lines 9--12
\OT1/cmr/m/n/10 XMPP 
 []

! Undefined control sequence.
l.13 \subsection
                {Power Supply Design}
The control sequence at the end of the top line
of your error message was never \def'ed. If you have
misspelled it (e.g., `\hobx'), type `I' and the correct
spelling (e.g., `I\hbox'). Otherwise just continue,
and I'll forget about whatever was undefined.

! Undefined control sequence.
l.14 \subsubsection
                   {Power Consumption}
The control sequence at the end of the top line
of your error message was never \def'ed. If you have
misspelled it (e.g., `\hobx'), type `I' and the correct
spelling (e.g., `I\hbox'). Otherwise just continue,
and I'll forget about whatever was undefined.


Overfull \hbox (26.55557pt too wide) in paragraph at lines 13--15
[]\OT1/cmr/m/n/10 Power
 []


Overfull \hbox (20.00005pt too wide) in paragraph at lines 13--15
\OT1/cmr/m/n/10 Sup-
 []


Overfull \hbox (13.61116pt too wide) in paragraph at lines 13--15
\OT1/cmr/m/n/10 ply
 []


Overfull \hbox (15.41667pt too wide) in paragraph at lines 13--15
\OT1/cmr/m/n/10 De-
 []


Overfull \hbox (17.27782pt too wide) in paragraph at lines 13--15
\OT1/cmr/m/n/10 sign
 []


Overfull \hbox (26.55557pt too wide) in paragraph at lines 13--15
\OT1/cmr/m/n/10 Power
 []


Overfull \hbox (21.11115pt too wide) in paragraph at lines 13--15
\OT1/cmr/m/n/10 Con-
 []


Overfull \hbox (26.72227pt too wide) in paragraph at lines 13--15
\OT1/cmr/m/n/10 sump-
 []


Overfull \hbox (17.22227pt too wide) in paragraph at lines 13--15
\OT1/cmr/m/n/10 tion 
 []

! Undefined control sequence.
<recently read> \olimex 
                        
l.16 		\item \olimex
                    
The control sequence at the end of the top line
of your error message was never \def'ed. If you have
misspelled it (e.g., `\hobx'), type `I' and the correct
spelling (e.g., `I\hbox'). Otherwise just continue,
and I'll forget about whatever was undefined.

! Undefined control sequence.
<recently read> \atmega 
                        
l.17 		\item \atmega
                     board
The control sequence at the end of the top line
of your error message was never \def'ed. If you have
misspelled it (e.g., `\hobx'), type `I' and the correct
spelling (e.g., `I\hbox'). Otherwise just continue,
and I'll forget about whatever was undefined.


Overfull \hbox (25.30563pt too wide) in paragraph at lines 17--18
\OT1/cmr/m/n/10 board 
 []

! Undefined control sequence.
l.19 \subsubsection
                   {Fabrication \& Cost Considerations}
The control sequence at the end of the top line
of your error message was never \def'ed. If you have
misspelled it (e.g., `\hobx'), type `I' and the correct
spelling (e.g., `I\hbox'). Otherwise just continue,
and I'll forget about whatever was undefined.

! Undefined control sequence.
l.20 \subsubsection
                   {Feasibility}
The control sequence at the end of the top line
of your error message was never \def'ed. If you have
misspelled it (e.g., `\hobx'), type `I' and the correct
spelling (e.g., `I\hbox'). Otherwise just continue,
and I'll forget about whatever was undefined.


Overfull \hbox (49.61124pt too wide) in paragraph at lines 19--21
\OT1/cmr/m/n/10 Fabrication
 []


Overfull \hbox (7.7778pt too wide) in paragraph at lines 19--21
\OT1/cmr/m/n/10 &
 []


Overfull \hbox (20.05559pt too wide) in paragraph at lines 19--21
\OT1/cmr/m/n/10 Cost
 []


Overfull \hbox (21.11115pt too wide) in paragraph at lines 19--21
\OT1/cmr/m/n/10 Con-
 []


Overfull \hbox (15.61113pt too wide) in paragraph at lines 19--21
\OT1/cmr/m/n/10 sid-
 []


Overfull \hbox (11.69444pt too wide) in paragraph at lines 19--21
\OT1/cmr/m/n/10 er-
 []


Overfull \hbox (8.33334pt too wide) in paragraph at lines 19--21
\OT1/cmr/m/n/10 a-
 []


Overfull \hbox (21.16672pt too wide) in paragraph at lines 19--21
\OT1/cmr/m/n/10 tions
 []


Overfull \hbox (18.47224pt too wide) in paragraph at lines 19--21
\OT1/cmr/m/n/10 Fea-
 []


Overfull \hbox (10.05556pt too wide) in paragraph at lines 19--21
\OT1/cmr/m/n/10 si-
 []


Overfull \hbox (14.44447pt too wide) in paragraph at lines 19--21
\OT1/cmr/m/n/10 bil-
 []


Overfull \hbox (11.6667pt too wide) in paragraph at lines 19--21
\OT1/cmr/m/n/10 ity 
 []

(./documentation/clojure.tex
! Undefined control sequence.
l.1 \subsection
               {Clojure Web Interface}
The control sequence at the end of the top line
of your error message was never \def'ed. If you have
misspelled it (e.g., `\hobx'), type `I' and the correct
spelling (e.g., `I\hbox'). Otherwise just continue,
and I'll forget about whatever was undefined.


Overfull \hbox (32.52783pt too wide) in paragraph at lines 1--2
[]\OT1/cmr/m/n/10 Clojure
 []


Overfull \hbox (19.44447pt too wide) in paragraph at lines 1--2
\OT1/cmr/m/n/10 Web
 []


Overfull \hbox (12.50002pt too wide) in paragraph at lines 1--2
\OT1/cmr/m/n/10 In-
 []


Overfull \hbox (15.58334pt too wide) in paragraph at lines 1--2
\OT1/cmr/m/n/10 ter-
 []


Overfull \hbox (16.94447pt too wide) in paragraph at lines 1--2
\OT1/cmr/m/n/10 face 
 []

)
! Undefined control sequence.
l.24 \subsection
                {Building \& Testing}
The control sequence at the end of the top line
of your error message was never \def'ed. If you have
misspelled it (e.g., `\hobx'), type `I' and the correct
spelling (e.g., `I\hbox'). Otherwise just continue,
and I'll forget about whatever was undefined.

)
! Emergency stop.
<*> documentation.tex
                     
*** (job aborted, no legal \end found)

 
Here is how much of TeX's memory you used:
 31 strings out of 493848
 519 string characters out of 1152824
 64808 words of memory out of 3000000
 3392 multiletter control sequences out of 15000+50000
 4116 words of font info for 16 fonts, out of 3000000 for 9000
 714 hyphenation exceptions out of 8191
 20i,8n,21p,889b,174s stack positions out of 5000i,500n,10000p,200000b,50000s
!  ==> Fatal error occurred, no output PDF file produced!
