This is pdfTeX, Version 3.1415926-1.40.10 (TeX Live 2009/Debian) (format=latex 2011.4.20)  29 APR 2011 17:58
entering extended mode
 %&-line parsing enabled.
**olimex.tex
(./olimex.tex
LaTeX2e <2009/09/24>
Babel <v3.8l> and hyphenation patterns for english, usenglishmax, dumylang, noh
yphenation, loaded.
! Undefined control sequence.
l.2 \subsection
               {\olimex \& Embedded Linux}
The control sequence at the end of the top line
of your error message was never \def'ed. If you have
misspelled it (e.g., `\hobx'), type `I' and the correct
spelling (e.g., `I\hbox'). Otherwise just continue,
and I'll forget about whatever was undefined.

! Undefined control sequence.
l.2 \subsection{\olimex
                        \& Embedded Linux}
The control sequence at the end of the top line
of your error message was never \def'ed. If you have
misspelled it (e.g., `\hobx'), type `I' and the correct
spelling (e.g., `I\hbox'). Otherwise just continue,
and I'll forget about whatever was undefined.


! LaTeX Error: Missing \begin{document}.

See the LaTeX manual or LaTeX Companion for explanation.
Type  H <return>  for immediate help.
 ...                                              
                                                  
l.2 \subsection{\olimex \&
                           Embedded Linux}
You're in trouble here.  Try typing  <return>  to proceed.
If that doesn't work, type  X <return>  to quit.

Missing character: There is no & in font nullfont!
Missing character: There is no E in font nullfont!
Missing character: There is no m in font nullfont!
Missing character: There is no b in font nullfont!
Missing character: There is no e in font nullfont!
Missing character: There is no d in font nullfont!
Missing character: There is no d in font nullfont!
Missing character: There is no e in font nullfont!
Missing character: There is no d in font nullfont!
Missing character: There is no L in font nullfont!
Missing character: There is no i in font nullfont!
Missing character: There is no n in font nullfont!
Missing character: There is no u in font nullfont!
Missing character: There is no x in font nullfont!
! Undefined control sequence.
l.3 \subsubsection
                  {Board Features}
The control sequence at the end of the top line
of your error message was never \def'ed. If you have
misspelled it (e.g., `\hobx'), type `I' and the correct
spelling (e.g., `I\hbox'). Otherwise just continue,
and I'll forget about whatever was undefined.

Missing character: There is no B in font nullfont!
Missing character: There is no o in font nullfont!
Missing character: There is no a in font nullfont!
Missing character: There is no r in font nullfont!
Missing character: There is no d in font nullfont!
Missing character: There is no F in font nullfont!
Missing character: There is no e in font nullfont!
Missing character: There is no a in font nullfont!
Missing character: There is no t in font nullfont!
Missing character: There is no u in font nullfont!
Missing character: There is no r in font nullfont!
Missing character: There is no e in font nullfont!
Missing character: There is no s in font nullfont!
! Undefined control sequence.
l.4 \subsubsection
                  {\arm + n $\times$ 2-Outlet \atmega Design}
The control sequence at the end of the top line
of your error message was never \def'ed. If you have
misspelled it (e.g., `\hobx'), type `I' and the correct
spelling (e.g., `I\hbox'). Otherwise just continue,
and I'll forget about whatever was undefined.

! Undefined control sequence.
l.4 \subsubsection{\arm
                        + n $\times$ 2-Outlet \atmega Design}
The control sequence at the end of the top line
of your error message was never \def'ed. If you have
misspelled it (e.g., `\hobx'), type `I' and the correct
spelling (e.g., `I\hbox'). Otherwise just continue,
and I'll forget about whatever was undefined.

Missing character: There is no + in font nullfont!
Missing character: There is no n in font nullfont!
LaTeX Font Info:    External font `cmex10' loaded for size
(Font)              <7> on input line 4.
LaTeX Font Info:    External font `cmex10' loaded for size
(Font)              <5> on input line 4.
Missing character: There is no 2 in font nullfont!
Missing character: There is no - in font nullfont!
Missing character: There is no O in font nullfont!
Missing character: There is no u in font nullfont!
Missing character: There is no t in font nullfont!
Missing character: There is no l in font nullfont!
Missing character: There is no e in font nullfont!
Missing character: There is no t in font nullfont!
! Undefined control sequence.
l.4 ...bsection{\arm + n $\times$ 2-Outlet \atmega
                                                   Design}
The control sequence at the end of the top line
of your error message was never \def'ed. If you have
misspelled it (e.g., `\hobx'), type `I' and the correct
spelling (e.g., `I\hbox'). Otherwise just continue,
and I'll forget about whatever was undefined.

Missing character: There is no D in font nullfont!
Missing character: There is no e in font nullfont!
Missing character: There is no s in font nullfont!
Missing character: There is no i in font nullfont!
Missing character: There is no g in font nullfont!
Missing character: There is no n in font nullfont!
! Undefined control sequence.
l.5 \subsubsection
                  {Development Environment}
The control sequence at the end of the top line
of your error message was never \def'ed. If you have
misspelled it (e.g., `\hobx'), type `I' and the correct
spelling (e.g., `I\hbox'). Otherwise just continue,
and I'll forget about whatever was undefined.

Missing character: There is no D in font nullfont!
Missing character: There is no e in font nullfont!
Missing character: There is no v in font nullfont!
Missing character: There is no e in font nullfont!
Missing character: There is no l in font nullfont!
Missing character: There is no o in font nullfont!
Missing character: There is no p in font nullfont!
Missing character: There is no m in font nullfont!
Missing character: There is no e in font nullfont!
Missing character: There is no n in font nullfont!
Missing character: There is no t in font nullfont!
Missing character: There is no E in font nullfont!
Missing character: There is no n in font nullfont!
Missing character: There is no v in font nullfont!
Missing character: There is no i in font nullfont!
Missing character: There is no r in font nullfont!
Missing character: There is no o in font nullfont!
Missing character: There is no n in font nullfont!
Missing character: There is no m in font nullfont!
Missing character: There is no e in font nullfont!
Missing character: There is no n in font nullfont!
Missing character: There is no t in font nullfont!

Overfull \hbox (20.0pt too wide) in paragraph at lines 2--6
[]
 []


Overfull \hbox (7.7778pt too wide) in paragraph at lines 2--6
\OMS/cmsy/m/n/10 ^^B$
 []


! LaTeX Error: Missing \begin{document}.

See the LaTeX manual or LaTeX Companion for explanation.
Type  H <return>  for immediate help.
 ...                                              
                                                  
l.7 H
     aving a solid, dependable, and distributed development environment is i...

You're in trouble here.  Try typing  <return>  to proceed.
If that doesn't work, type  X <return>  to quit.

Missing character: There is no H in font nullfont!
Missing character: There is no a in font nullfont!
Missing character: There is no v in font nullfont!
Missing character: There is no i in font nullfont!
Missing character: There is no n in font nullfont!
Missing character: There is no g in font nullfont!
Missing character: There is no a in font nullfont!
Missing character: There is no s in font nullfont!
Missing character: There is no o in font nullfont!
Missing character: There is no l in font nullfont!
Missing character: There is no i in font nullfont!
Missing character: There is no d in font nullfont!
Missing character: There is no , in font nullfont!
Missing character: There is no d in font nullfont!
Missing character: There is no e in font nullfont!
Missing character: There is no p in font nullfont!
Missing character: There is no e in font nullfont!
Missing character: There is no n in font nullfont!
Missing character: There is no d in font nullfont!
Missing character: There is no a in font nullfont!
Missing character: There is no b in font nullfont!
Missing character: There is no l in font nullfont!
Missing character: There is no e in font nullfont!
Missing character: There is no , in font nullfont!
Missing character: There is no a in font nullfont!
Missing character: There is no n in font nullfont!
Missing character: There is no d in font nullfont!
Missing character: There is no d in font nullfont!
Missing character: There is no i in font nullfont!
Missing character: There is no s in font nullfont!
Missing character: There is no t in font nullfont!
Missing character: There is no r in font nullfont!
Missing character: There is no i in font nullfont!
Missing character: There is no b in font nullfont!
Missing character: There is no u in font nullfont!
Missing character: There is no t in font nullfont!
Missing character: There is no e in font nullfont!
Missing character: There is no d in font nullfont!
Missing character: There is no d in font nullfont!
Missing character: There is no e in font nullfont!
Missing character: There is no v in font nullfont!
Missing character: There is no e in font nullfont!
Missing character: There is no l in font nullfont!
Missing character: There is no o in font nullfont!
Missing character: There is no p in font nullfont!
Missing character: There is no m in font nullfont!
Missing character: There is no e in font nullfont!
Missing character: There is no n in font nullfont!
Missing character: There is no t in font nullfont!
Missing character: There is no e in font nullfont!
Missing character: There is no n in font nullfont!
Missing character: There is no v in font nullfont!
Missing character: There is no i in font nullfont!
Missing character: There is no r in font nullfont!
Missing character: There is no o in font nullfont!
Missing character: There is no n in font nullfont!
Missing character: There is no m in font nullfont!
Missing character: There is no e in font nullfont!
Missing character: There is no n in font nullfont!
Missing character: There is no t in font nullfont!
Missing character: There is no i in font nullfont!
Missing character: There is no s in font nullfont!
Missing character: There is no i in font nullfont!
Missing character: There is no m in font nullfont!
Missing character: There is no p in font nullfont!
Missing character: There is no o in font nullfont!
Missing character: There is no r in font nullfont!
Missing character: There is no t in font nullfont!
Missing character: There is no a in font nullfont!
Missing character: There is no n in font nullfont!
Missing character: There is no t in font nullfont!
Missing character: There is no w in font nullfont!
Missing character: There is no h in font nullfont!
Missing character: There is no e in font nullfont!
Missing character: There is no n in font nullfont!
Missing character: There is no w in font nullfont!
Missing character: There is no o in font nullfont!
Missing character: There is no r in font nullfont!
Missing character: There is no k in font nullfont!
Missing character: There is no i in font nullfont!
Missing character: There is no n in font nullfont!
Missing character: There is no g in font nullfont!
Missing character: There is no o in font nullfont!
Missing character: There is no n in font nullfont!
Missing character: There is no a in font nullfont!
Missing character: There is no n in font nullfont!
Missing character: There is no e in font nullfont!
Missing character: There is no m in font nullfont!
Missing character: There is no b in font nullfont!
Missing character: There is no e in font nullfont!
Missing character: There is no d in font nullfont!
Missing character: There is no d in font nullfont!
Missing character: There is no e in font nullfont!
Missing character: There is no d in font nullfont!
Missing character: There is no s in font nullfont!
Missing character: There is no y in font nullfont!
Missing character: There is no s in font nullfont!
Missing character: There is no t in font nullfont!
Missing character: There is no e in font nullfont!
Missing character: There is no m in font nullfont!
Missing character: There is no . in font nullfont!
Missing character: There is no T in font nullfont!
Missing character: There is no h in font nullfont!
Missing character: There is no u in font nullfont!
Missing character: There is no s in font nullfont!
Missing character: There is no , in font nullfont!
Missing character: There is no i in font nullfont!
Missing character: There is no t in font nullfont!
Missing character: There is no w in font nullfont!
Missing character: There is no a in font nullfont!
Missing character: There is no s in font nullfont!
Missing character: There is no i in font nullfont!
Missing character: There is no m in font nullfont!
Missing character: There is no p in font nullfont!
Missing character: There is no o in font nullfont!
Missing character: There is no r in font nullfont!
Missing character: There is no t in font nullfont!
Missing character: There is no a in font nullfont!
Missing character: There is no n in font nullfont!
Missing character: There is no t in font nullfont!
Missing character: There is no t in font nullfont!
Missing character: There is no o in font nullfont!
Missing character: There is no t in font nullfont!
Missing character: There is no h in font nullfont!
Missing character: There is no e in font nullfont!
Missing character: There is no g in font nullfont!
Missing character: There is no r in font nullfont!
Missing character: There is no o in font nullfont!
Missing character: There is no u in font nullfont!
Missing character: There is no p in font nullfont!
Missing character: There is no t in font nullfont!
Missing character: There is no h in font nullfont!
Missing character: There is no a in font nullfont!
Missing character: There is no t in font nullfont!
Missing character: There is no t in font nullfont!
Missing character: There is no h in font nullfont!
Missing character: There is no e in font nullfont!
Missing character: There is no n in font nullfont!
Missing character: There is no e in font nullfont!
Missing character: There is no t in font nullfont!
Missing character: There is no w in font nullfont!
Missing character: There is no o in font nullfont!
Missing character: There is no r in font nullfont!
Missing character: There is no k in font nullfont!
Missing character: There is no s in font nullfont!
Missing character: There is no o in font nullfont!
Missing character: There is no f in font nullfont!
Missing character: There is no t in font nullfont!
Missing character: There is no w in font nullfont!
Missing character: There is no a in font nullfont!
Missing character: There is no r in font nullfont!
Missing character: There is no e in font nullfont!
Missing character: There is no c in font nullfont!
Missing character: There is no o in font nullfont!
Missing character: There is no u in font nullfont!
Missing character: There is no l in font nullfont!
Missing character: There is no d in font nullfont!
Missing character: There is no b in font nullfont!
Missing character: There is no e in font nullfont!
Missing character: There is no d in font nullfont!
Missing character: There is no e in font nullfont!
Missing character: There is no v in font nullfont!
Missing character: There is no e in font nullfont!
Missing character: There is no l in font nullfont!
Missing character: There is no o in font nullfont!
Missing character: There is no p in font nullfont!
Missing character: There is no e in font nullfont!
Missing character: There is no d in font nullfont!
Missing character: There is no i in font nullfont!
Missing character: There is no n in font nullfont!
Missing character: There is no d in font nullfont!
Missing character: There is no e in font nullfont!
Missing character: There is no p in font nullfont!
Missing character: There is no e in font nullfont!
Missing character: There is no n in font nullfont!
Missing character: There is no d in font nullfont!
Missing character: There is no e in font nullfont!
Missing character: There is no n in font nullfont!
Missing character: There is no t in font nullfont!
Missing character: There is no o in font nullfont!
Missing character: There is no f in font nullfont!
Missing character: There is no t in font nullfont!
Missing character: There is no h in font nullfont!
Missing character: There is no e in font nullfont!
! Undefined control sequence.
l.7 ...uld be developed independent of the \olimex
                                                   board and the ARM archite...
The control sequence at the end of the top line
of your error message was never \def'ed. If you have
misspelled it (e.g., `\hobx'), type `I' and the correct
spelling (e.g., `I\hbox'). Otherwise just continue,
and I'll forget about whatever was undefined.

Missing character: There is no b in font nullfont!
Missing character: There is no o in font nullfont!
Missing character: There is no a in font nullfont!
Missing character: There is no r in font nullfont!
Missing character: There is no d in font nullfont!
Missing character: There is no a in font nullfont!
Missing character: There is no n in font nullfont!
Missing character: There is no d in font nullfont!
Missing character: There is no t in font nullfont!
Missing character: There is no h in font nullfont!
Missing character: There is no e in font nullfont!
Missing character: There is no A in font nullfont!
Missing character: There is no R in font nullfont!
Missing character: There is no M in font nullfont!
Missing character: There is no a in font nullfont!
Missing character: There is no r in font nullfont!
Missing character: There is no c in font nullfont!
Missing character: There is no h in font nullfont!
Missing character: There is no i in font nullfont!
Missing character: There is no t in font nullfont!
Missing character: There is no e in font nullfont!
Missing character: There is no c in font nullfont!
Missing character: There is no t in font nullfont!
Missing character: There is no u in font nullfont!
Missing character: There is no r in font nullfont!
Missing character: There is no e in font nullfont!
Missing character: There is no . in font nullfont!
Missing character: There is no I in font nullfont!
Missing character: There is no t in font nullfont!
Missing character: There is no a in font nullfont!
Missing character: There is no l in font nullfont!
Missing character: There is no i in font nullfont!
Missing character: There is no a in font nullfont!
Missing character: There is no n in font nullfont!
Missing character: There is no e in font nullfont!
Missing character: There is no l in font nullfont!
Missing character: There is no e in font nullfont!
Missing character: There is no c in font nullfont!
Missing character: There is no t in font nullfont!
Missing character: There is no r in font nullfont!
Missing character: There is no o in font nullfont!
Missing character: There is no n in font nullfont!
Missing character: There is no i in font nullfont!
Missing character: There is no c in font nullfont!
Missing character: There is no s in font nullfont!
Missing character: There is no e in font nullfont!
Missing character: There is no n in font nullfont!
Missing character: There is no g in font nullfont!
Missing character: There is no i in font nullfont!
Missing character: There is no n in font nullfont!
Missing character: There is no e in font nullfont!
Missing character: There is no e in font nullfont!
Missing character: There is no r in font nullfont!
Missing character: There is no F in font nullfont!
Missing character: There is no r in font nullfont!
Missing character: There is no a in font nullfont!
Missing character: There is no n in font nullfont!
Missing character: There is no c in font nullfont!
Missing character: There is no e in font nullfont!
Missing character: There is no s in font nullfont!
Missing character: There is no c in font nullfont!
Missing character: There is no o in font nullfont!
Missing character: There is no B in font nullfont!
Missing character: There is no a in font nullfont!
Missing character: There is no l in font nullfont!
Missing character: There is no d in font nullfont!
Missing character: There is no u in font nullfont!
Missing character: There is no c in font nullfont!
Missing character: There is no c in font nullfont!
Missing character: There is no i in font nullfont!
Missing character: There is no - in font nullfont!
Missing character: There is no - in font nullfont!
Missing character: There is no B in font nullfont!
Missing character: There is no a in font nullfont!
Missing character: There is no l in font nullfont!
Missing character: There is no a in font nullfont!
Missing character: There is no u in font nullfont!
Missing character: There is no 8 in font nullfont!
Missing character: There is no 2 in font nullfont!
Missing character: There is no - in font nullfont!
Missing character: There is no - in font nullfont!
Missing character: There is no h in font nullfont!
Missing character: There is no a in font nullfont!
Missing character: There is no d in font nullfont!
Missing character: There is no p in font nullfont!
Missing character: There is no o in font nullfont!
Missing character: There is no s in font nullfont!
Missing character: There is no t in font nullfont!
Missing character: There is no e in font nullfont!
Missing character: There is no d in font nullfont!
Missing character: There is no a in font nullfont!
Missing character: There is no s in font nullfont!
Missing character: There is no e in font nullfont!
Missing character: There is no r in font nullfont!
Missing character: There is no i in font nullfont!
Missing character: There is no e in font nullfont!
Missing character: There is no s in font nullfont!
Missing character: There is no o in font nullfont!
Missing character: There is no n in font nullfont!
Missing character: There is no h in font nullfont!
Missing character: There is no i in font nullfont!
Missing character: There is no s in font nullfont!
Missing character: There is no b in font nullfont!
Missing character: There is no l in font nullfont!
Missing character: There is no o in font nullfont!
Missing character: There is no g in font nullfont!
Missing character: There is no d in font nullfont!
Missing character: There is no e in font nullfont!
Missing character: There is no t in font nullfont!
Missing character: There is no a in font nullfont!
Missing character: There is no i in font nullfont!
Missing character: There is no l in font nullfont!
Missing character: There is no i in font nullfont!
Missing character: There is no n in font nullfont!
Missing character: There is no g in font nullfont!
Missing character: There is no u in font nullfont!
Missing character: There is no s in font nullfont!
Missing character: There is no i in font nullfont!
Missing character: There is no n in font nullfont!
Missing character: There is no g in font nullfont!
Missing character: There is no t in font nullfont!
Missing character: There is no h in font nullfont!
Missing character: There is no e in font nullfont!
Missing character: There is no Q in font nullfont!
Missing character: There is no E in font nullfont!
Missing character: There is no M in font nullfont!
Missing character: There is no U in font nullfont!
! Undefined control sequence.
\@footnotetext ...tins {\reset@font \footnotesize 
                                                  \interlinepenalty \interfo...
l.7 ...tnote{\url{http://wiki.qemu.org/Main_Page}}
                                                   hardware emulator for ARM...
The control sequence at the end of the top line
of your error message was never \def'ed. If you have
misspelled it (e.g., `\hobx'), type `I' and the correct
spelling (e.g., `I\hbox'). Otherwise just continue,
and I'll forget about whatever was undefined.

! Undefined control sequence.
\@footnotetext ...}\color@begingroup \@makefntext 
                                                  {\rule \z@ \footnotesep \i...
l.7 ...tnote{\url{http://wiki.qemu.org/Main_Page}}
                                                   hardware emulator for ARM...
The control sequence at the end of the top line
of your error message was never \def'ed. If you have
misspelled it (e.g., `\hobx'), type `I' and the correct
spelling (e.g., `I\hbox'). Otherwise just continue,
and I'll forget about whatever was undefined.

! Undefined control sequence.
<argument> \url 
                {http://wiki.qemu.org/Main_Page}
l.7 ...tnote{\url{http://wiki.qemu.org/Main_Page}}
                                                   hardware emulator for ARM...
The control sequence at the end of the top line
of your error message was never \def'ed. If you have
misspelled it (e.g., `\hobx'), type `I' and the correct
spelling (e.g., `I\hbox'). Otherwise just continue,
and I'll forget about whatever was undefined.

! Missing $ inserted.
<inserted text> 
                $
l.7 ...tnote{\url{http://wiki.qemu.org/Main_Page}}
                                                   hardware emulator for ARM...
I've inserted a begin-math/end-math symbol since I think
you left one out. Proceed, with fingers crossed.

! Extra }, or forgotten $.
<argument> \url {http://wiki.qemu.org/Main_Page}
                                                
l.7 ...tnote{\url{http://wiki.qemu.org/Main_Page}}
                                                   hardware emulator for ARM...
I've deleted a group-closing symbol because it seems to be
spurious, as in `$x}$'. But perhaps the } is legitimate and
you forgot something else, as in `\hbox{$x}'. In such cases
the way to recover is to insert both the forgotten and the
deleted material, e.g., by typing `I$}'.

! Extra }, or forgotten $.
<recently read> }
                 
l.7 ...tnote{\url{http://wiki.qemu.org/Main_Page}}
                                                   hardware emulator for ARM...
I've deleted a group-closing symbol because it seems to be
spurious, as in `$x}$'. But perhaps the } is legitimate and
you forgot something else, as in `\hbox{$x}'. In such cases
the way to recover is to insert both the forgotten and the
deleted material, e.g., by typing `I$}'.

! Extra }, or forgotten $.
\@footnotetext ...rut \strutbox }\color@endgroup }
                                                  
l.7 ...tnote{\url{http://wiki.qemu.org/Main_Page}}
                                                   hardware emulator for ARM...
I've deleted a group-closing symbol because it seems to be
spurious, as in `$x}$'. But perhaps the } is legitimate and
you forgot something else, as in `\hbox{$x}'. In such cases
the way to recover is to insert both the forgotten and the
deleted material, e.g., by typing `I$}'.

! Undefined control sequence.
\@footnotetext ...tins {\reset@font \footnotesize 
                                                  \interlinepenalty \interfo...
l.7 .../www.arm.com/products/tools/versatile.php}}
                                                   development.\\
The control sequence at the end of the top line
of your error message was never \def'ed. If you have
misspelled it (e.g., `\hobx'), type `I' and the correct
spelling (e.g., `I\hbox'). Otherwise just continue,
and I'll forget about whatever was undefined.

! Undefined control sequence.
\@footnotetext ...}\color@begingroup \@makefntext 
                                                  {\rule \z@ \footnotesep \i...
l.7 .../www.arm.com/products/tools/versatile.php}}
                                                   development.\\
The control sequence at the end of the top line
of your error message was never \def'ed. If you have
misspelled it (e.g., `\hobx'), type `I' and the correct
spelling (e.g., `I\hbox'). Otherwise just continue,
and I'll forget about whatever was undefined.

! Undefined control sequence.
<argument> \url 
                {http://www.arm.com/products/tools/versatile.php}
l.7 .../www.arm.com/products/tools/versatile.php}}
                                                   development.\\
The control sequence at the end of the top line
of your error message was never \def'ed. If you have
misspelled it (e.g., `\hobx'), type `I' and the correct
spelling (e.g., `I\hbox'). Otherwise just continue,
and I'll forget about whatever was undefined.


Overfull \hbox (223.30608pt too wide) in paragraph at lines 7--7
[][]\OT1/cmr/m/n/10 http://www.arm.com/products/tools/versatile.php| 
 []

! Missing $ inserted.
<inserted text> 
                $
l.8 
    
I've inserted a begin-math/end-math symbol since I think
you left one out. Proceed, with fingers crossed.


Overfull \hbox (388.49568pt too wide) in paragraph at lines 7--8
[][]\OT1/cmr/m/n/10 http://wiki.qemu.org/Main$[]\OML/cmm/m/it/10 age|hardwareem
ulatorforARMVersatilePB[]development:[] 
 []

! Undefined control sequence.
\@footnotetext ...tins {\reset@font \footnotesize 
                                                  \interlinepenalty \interfo...
l.9 ...te/arm/portal/subscription?@template=lite}}
                                                    toolchain setup.  On boo...
The control sequence at the end of the top line
of your error message was never \def'ed. If you have
misspelled it (e.g., `\hobx'), type `I' and the correct
spelling (e.g., `I\hbox'). Otherwise just continue,
and I'll forget about whatever was undefined.

! Undefined control sequence.
\@footnotetext ...}\color@begingroup \@makefntext 
                                                  {\rule \z@ \footnotesep \i...
l.9 ...te/arm/portal/subscription?@template=lite}}
                                                    toolchain setup.  On boo...
The control sequence at the end of the top line
of your error message was never \def'ed. If you have
misspelled it (e.g., `\hobx'), type `I' and the correct
spelling (e.g., `I\hbox'). Otherwise just continue,
and I'll forget about whatever was undefined.

! Undefined control sequence.
<argument> \url 
                {http://www.codesourcery.com/sgpp/lite/arm/portal/subscripti...
l.9 ...te/arm/portal/subscription?@template=lite}}
                                                    toolchain setup.  On boo...
The control sequence at the end of the top line
of your error message was never \def'ed. If you have
misspelled it (e.g., `\hobx'), type `I' and the correct
spelling (e.g., `I\hbox'). Otherwise just continue,
and I'll forget about whatever was undefined.


Overfull \hbox (359.80637pt too wide) in paragraph at lines 9--9
[][]\OT1/cmr/m/n/10 http://www.codesourcery.com/sgpp/lite/arm/portal/subscripti
on?@template=lite| 
 []

! Undefined control sequence.
l.9 ...e system used for both QEMU and the \olimex
                                                  .\cite{balaunfs}  QEMU was...
The control sequence at the end of the top line
of your error message was never \def'ed. If you have
misspelled it (e.g., `\hobx'), type `I' and the correct
spelling (e.g., `I\hbox'). Otherwise just continue,
and I'll forget about whatever was undefined.

\citation{balaunfs}
! Undefined control sequence.
<write> ...: Citation `\@citeb ' on page \thepage 
                                                  \space undefined\on@line .
l.9 ...r both QEMU and the \olimex.\cite{balaunfs}
                                                    QEMU was configured so t...
The control sequence at the end of the top line
of your error message was never \def'ed. If you have
misspelled it (e.g., `\hobx'), type `I' and the correct
spelling (e.g., `I\hbox'). Otherwise just continue,
and I'll forget about whatever was undefined.


LaTeX Warning: Citation `balaunfs' on page  undefined on input line 9.

! Undefined control sequence.
\@footnotetext ...tins {\reset@font \footnotesize 
                                                  \interlinepenalty \interfo...
l.9 ... Dropbox\footnote{\url{http://dropbox.com}}
                                                   was used to keep the VMs ...
The control sequence at the end of the top line
of your error message was never \def'ed. If you have
misspelled it (e.g., `\hobx'), type `I' and the correct
spelling (e.g., `I\hbox'). Otherwise just continue,
and I'll forget about whatever was undefined.

! Undefined control sequence.
\@footnotetext ...}\color@begingroup \@makefntext 
                                                  {\rule \z@ \footnotesep \i...
l.9 ... Dropbox\footnote{\url{http://dropbox.com}}
                                                   was used to keep the VMs ...
The control sequence at the end of the top line
of your error message was never \def'ed. If you have
misspelled it (e.g., `\hobx'), type `I' and the correct
spelling (e.g., `I\hbox'). Otherwise just continue,
and I'll forget about whatever was undefined.

! Undefined control sequence.
<argument> \url 
                {http://dropbox.com}
l.9 ... Dropbox\footnote{\url{http://dropbox.com}}
                                                   was used to keep the VMs ...
The control sequence at the end of the top line
of your error message was never \def'ed. If you have
misspelled it (e.g., `\hobx'), type `I' and the correct
spelling (e.g., `I\hbox'). Otherwise just continue,
and I'll forget about whatever was undefined.


Overfull \hbox (87.8058pt too wide) in paragraph at lines 9--9
[][]\OT1/cmr/m/n/10 http://dropbox.com| 
 []

! Undefined control sequence.
\@footnotetext ...tins {\reset@font \footnotesize 
                                                  \interlinepenalty \interfo...
l.9 ...{\url{http://github.com/jakealbert/netlet}}
                                                   were used for version con...
The control sequence at the end of the top line
of your error message was never \def'ed. If you have
misspelled it (e.g., `\hobx'), type `I' and the correct
spelling (e.g., `I\hbox'). Otherwise just continue,
and I'll forget about whatever was undefined.

! Undefined control sequence.
\@footnotetext ...}\color@begingroup \@makefntext 
                                                  {\rule \z@ \footnotesep \i...
l.9 ...{\url{http://github.com/jakealbert/netlet}}
                                                   were used for version con...
The control sequence at the end of the top line
of your error message was never \def'ed. If you have
misspelled it (e.g., `\hobx'), type `I' and the correct
spelling (e.g., `I\hbox'). Otherwise just continue,
and I'll forget about whatever was undefined.

! Undefined control sequence.
<argument> \url 
                {http://github.com/jakealbert/netlet}
l.9 ...{\url{http://github.com/jakealbert/netlet}}
                                                   were used for version con...
The control sequence at the end of the top line
of your error message was never \def'ed. If you have
misspelled it (e.g., `\hobx'), type `I' and the correct
spelling (e.g., `I\hbox'). Otherwise just continue,
and I'll forget about whatever was undefined.


Overfull \hbox (158.36151pt too wide) in paragraph at lines 9--9
[][]\OT1/cmr/m/n/10 http://github.com/jakealbert/netlet| 
 []


Overfull \hbox (7.50002pt too wide) in paragraph at lines 9--10
[]\OT1/cmr/m/n/10 A
 []


Overfull \hbox (15.30559pt too wide) in paragraph at lines 9--10
\OT1/cmr/m/n/10 vir-
 []


Overfull \hbox (17.22227pt too wide) in paragraph at lines 9--10
\OT1/cmr/m/n/10 tual
 []


Overfull \hbox (16.6667pt too wide) in paragraph at lines 9--10
\OT1/cmr/m/n/10 ma-
 []


Overfull \hbox (22.50003pt too wide) in paragraph at lines 9--10
\OT1/cmr/m/n/10 chine
 []


Overfull \hbox (18.36115pt too wide) in paragraph at lines 9--10
\OT1/cmr/m/n/10 run-
 []


Overfull \hbox (18.88895pt too wide) in paragraph at lines 9--10
\OT1/cmr/m/n/10 ning
 []


Overfull \hbox (35.3056pt too wide) in paragraph at lines 9--10
\OT1/cmr/m/n/10 Crunch-
 []


Overfull \hbox (22.63896pt too wide) in paragraph at lines 9--10
\OT1/cmr/m/n/10 Bang
 []


Overfull \hbox (25.13896pt too wide) in paragraph at lines 9--10
\OT1/cmr/m/n/10 Linux
 []


Overfull \hbox (15.8889pt too wide) in paragraph at lines 9--10
\OT1/cmr/m/n/10 was
 []


Overfull \hbox (15.61113pt too wide) in paragraph at lines 9--10
\OT1/cmr/m/n/10 dis-
 []


Overfull \hbox (35.58342pt too wide) in paragraph at lines 9--10
\OT1/cmr/m/n/10 tributed
 []


Overfull \hbox (8.88892pt too wide) in paragraph at lines 9--10
\OT1/cmr/m/n/10 to
 []


Overfull \hbox (13.88892pt too wide) in paragraph at lines 9--10
\OT1/cmr/m/n/10 the
 []


Overfull \hbox (25.02785pt too wide) in paragraph at lines 9--10
\OT1/cmr/m/n/10 group
 []


Overfull \hbox (24.44449pt too wide) in paragraph at lines 9--10
\OT1/cmr/m/n/10 mem-
 []


Overfull \hbox (18.13892pt too wide) in paragraph at lines 9--10
\OT1/cmr/m/n/10 bers
 []


Overfull \hbox (19.44449pt too wide) in paragraph at lines 9--10
\OT1/cmr/m/n/10 with
 []


Overfull \hbox (20.27785pt too wide) in paragraph at lines 9--10
\OT1/cmr/m/n/10 both
 []


Overfull \hbox (13.88892pt too wide) in paragraph at lines 9--10
\OT1/cmr/m/n/10 the
 []


Overfull \hbox (31.25008pt too wide) in paragraph at lines 9--10
\OT1/cmr/m/n/10 QEMU
 []


Overfull \hbox (19.22226pt too wide) in paragraph at lines 9--10
\OT1/cmr/m/n/10 soft-
 []


Overfull \hbox (20.30557pt too wide) in paragraph at lines 9--10
\OT1/cmr/m/n/10 ware
 []


Overfull \hbox (16.11116pt too wide) in paragraph at lines 9--10
\OT1/cmr/m/n/10 and
 []


Overfull \hbox (31.38895pt too wide) in paragraph at lines 9--10
\OT1/cmr/m/n/10 CodeS-
 []


Overfull \hbox (32.55562pt too wide) in paragraph at lines 9--10
\OT1/cmr/m/n/10 ourcery
 []


Overfull \hbox (23.40283pt too wide) in paragraph at lines 9--10
\OT1/cmr/m/n/10 G++
 []


Overfull \hbox (24.02782pt too wide) in paragraph at lines 9--10
\OT1/cmr/m/n/10 ARM
 []


Overfull \hbox (52.98624pt too wide) in paragraph at lines 9--10
\OT1/cmr/m/n/10 GNU/Linux
 []


Overfull \hbox (29.48619pt too wide) in paragraph at lines 9--10
\OT1/cmr/m/n/10 EABI[]
 []


Overfull \hbox (40.0001pt too wide) in paragraph at lines 9--10
\OT1/cmr/m/n/10 toolchain
 []


Overfull \hbox (26.16672pt too wide) in paragraph at lines 9--10
\OT1/cmr/m/n/10 setup.
 []


Overfull \hbox (13.33337pt too wide) in paragraph at lines 9--10
\OT1/cmr/m/n/10 On
 []


Overfull \hbox (22.77786pt too wide) in paragraph at lines 9--10
\OT1/cmr/m/n/10 boot,
 []


Overfull \hbox (13.88892pt too wide) in paragraph at lines 9--10
\OT1/cmr/m/n/10 the
 []


Overfull \hbox (20.61115pt too wide) in paragraph at lines 9--10
\OT1/cmr/m/n/10 VMs
 []


Overfull \hbox (38.05565pt too wide) in paragraph at lines 9--10
\OT1/cmr/m/n/10 mounted
 []


Overfull \hbox (10.55559pt too wide) in paragraph at lines 9--10
\OT1/cmr/m/n/10 an
 []


Overfull \hbox (19.58339pt too wide) in paragraph at lines 9--10
\OT1/cmr/m/n/10 NFS
 []


Overfull \hbox (22.86115pt too wide) in paragraph at lines 9--10
\OT1/cmr/m/n/10 share
 []


Overfull \hbox (18.33336pt too wide) in paragraph at lines 9--10
\OT1/cmr/m/n/10 con-
 []


Overfull \hbox (20.5556pt too wide) in paragraph at lines 9--10
\OT1/cmr/m/n/10 tain-
 []


Overfull \hbox (13.33337pt too wide) in paragraph at lines 9--10
\OT1/cmr/m/n/10 ing
 []


Overfull \hbox (13.88892pt too wide) in paragraph at lines 9--10
\OT1/cmr/m/n/10 the
 []


Overfull \hbox (16.69446pt too wide) in paragraph at lines 9--10
\OT1/cmr/m/n/10 ker-
 []


Overfull \hbox (12.7778pt too wide) in paragraph at lines 9--10
\OT1/cmr/m/n/10 nel
 []


Overfull \hbox (11.97226pt too wide) in paragraph at lines 9--10
\OT1/cmr/m/n/10 for
 []


Overfull \hbox (13.88892pt too wide) in paragraph at lines 9--10
\OT1/cmr/m/n/10 the
 []


Overfull \hbox (31.25008pt too wide) in paragraph at lines 9--10
\OT1/cmr/m/n/10 QEMU
 []


Overfull \hbox (23.36116pt too wide) in paragraph at lines 9--10
\OT1/cmr/m/n/10 hard-
 []


Overfull \hbox (20.30557pt too wide) in paragraph at lines 9--10
\OT1/cmr/m/n/10 ware
 []


Overfull \hbox (16.11116pt too wide) in paragraph at lines 9--10
\OT1/cmr/m/n/10 and
 []


Overfull \hbox (13.88892pt too wide) in paragraph at lines 9--10
\OT1/cmr/m/n/10 the
 []


Overfull \hbox (18.08339pt too wide) in paragraph at lines 9--10
\OT1/cmr/m/n/10 root
 []


Overfull \hbox (12.7778pt too wide) in paragraph at lines 9--10
\OT1/cmr/m/n/10 file
 []


Overfull \hbox (16.50002pt too wide) in paragraph at lines 9--10
\OT1/cmr/m/n/10 sys-
 []


Overfull \hbox (16.6667pt too wide) in paragraph at lines 9--10
\OT1/cmr/m/n/10 tem
 []


Overfull \hbox (19.50003pt too wide) in paragraph at lines 9--10
\OT1/cmr/m/n/10 used
 []


Overfull \hbox (11.97226pt too wide) in paragraph at lines 9--10
\OT1/cmr/m/n/10 for
 []


Overfull \hbox (20.27785pt too wide) in paragraph at lines 9--10
\OT1/cmr/m/n/10 both
 []


Overfull \hbox (31.25008pt too wide) in paragraph at lines 9--10
\OT1/cmr/m/n/10 QEMU
 []


Overfull \hbox (16.11116pt too wide) in paragraph at lines 9--10
\OT1/cmr/m/n/10 and
 []


Overfull \hbox (13.88892pt too wide) in paragraph at lines 9--10
\OT1/cmr/m/n/10 the
 []


Overfull \hbox (13.76389pt too wide) in paragraph at lines 9--10
\OT1/cmr/m/n/10 .[[]]
 []


Overfull \hbox (31.25008pt too wide) in paragraph at lines 9--10
\OT1/cmr/m/n/10 QEMU
 []


Overfull \hbox (15.8889pt too wide) in paragraph at lines 9--10
\OT1/cmr/m/n/10 was
 []


Overfull \hbox (18.33336pt too wide) in paragraph at lines 9--10
\OT1/cmr/m/n/10 con-
 []


Overfull \hbox (13.88892pt too wide) in paragraph at lines 9--10
\OT1/cmr/m/n/10 fig-
 []


Overfull \hbox (19.47226pt too wide) in paragraph at lines 9--10
\OT1/cmr/m/n/10 ured
 []


Overfull \hbox (8.94446pt too wide) in paragraph at lines 9--10
\OT1/cmr/m/n/10 so
 []


Overfull \hbox (18.33339pt too wide) in paragraph at lines 9--10
\OT1/cmr/m/n/10 that
 []


Overfull \hbox (22.2778pt too wide) in paragraph at lines 9--10
\OT1/cmr/m/n/10 these
 []


Overfull \hbox (16.72224pt too wide) in paragraph at lines 9--10
\OT1/cmr/m/n/10 files
 []


Overfull \hbox (10.55559pt too wide) in paragraph at lines 9--10
\OT1/cmr/m/n/10 on
 []


Overfull \hbox (28.61118pt too wide) in paragraph at lines 9--10
\OT1/cmr/m/n/10 launch
 []


Overfull \hbox (16.11116pt too wide) in paragraph at lines 9--10
\OT1/cmr/m/n/10 and
 []


Overfull \hbox (25.44449pt too wide) in paragraph at lines 9--10
\OT1/cmr/m/n/10 Drop-
 []


Overfull \hbox (20.31952pt too wide) in paragraph at lines 9--10
\OT1/cmr/m/n/10 box[]
 []


Overfull \hbox (15.8889pt too wide) in paragraph at lines 9--10
\OT1/cmr/m/n/10 was
 []


Overfull \hbox (19.50003pt too wide) in paragraph at lines 9--10
\OT1/cmr/m/n/10 used
 []


Overfull \hbox (8.88892pt too wide) in paragraph at lines 9--10
\OT1/cmr/m/n/10 to
 []


Overfull \hbox (19.44447pt too wide) in paragraph at lines 9--10
\OT1/cmr/m/n/10 keep
 []


Overfull \hbox (13.88892pt too wide) in paragraph at lines 9--10
\OT1/cmr/m/n/10 the
 []


Overfull \hbox (20.61115pt too wide) in paragraph at lines 9--10
\OT1/cmr/m/n/10 VMs
 []


Overfull \hbox (18.11115pt too wide) in paragraph at lines 9--10
\OT1/cmr/m/n/10 syn-
 []


Overfull \hbox (21.97224pt too wide) in paragraph at lines 9--10
\OT1/cmr/m/n/10 chro-
 []


Overfull \hbox (25.5556pt too wide) in paragraph at lines 9--10
\OT1/cmr/m/n/10 nized.
 []


Overfull \hbox (14.51392pt too wide) in paragraph at lines 9--10
\OT1/cmr/m/n/10 Git
 []


Overfull \hbox (16.11116pt too wide) in paragraph at lines 9--10
\OT1/cmr/m/n/10 and
 []


Overfull \hbox (35.38898pt too wide) in paragraph at lines 9--10
\OT1/cmr/m/n/10 Github[]
 []


Overfull \hbox (19.75pt too wide) in paragraph at lines 9--10
\OT1/cmr/m/n/10 were
 []


Overfull \hbox (19.50003pt too wide) in paragraph at lines 9--10
\OT1/cmr/m/n/10 used
 []


Overfull \hbox (11.97226pt too wide) in paragraph at lines 9--10
\OT1/cmr/m/n/10 for
 []


Overfull \hbox (16.69446pt too wide) in paragraph at lines 9--10
\OT1/cmr/m/n/10 ver-
 []


Overfull \hbox (17.27782pt too wide) in paragraph at lines 9--10
\OT1/cmr/m/n/10 sion
 []


Overfull \hbox (18.33336pt too wide) in paragraph at lines 9--10
\OT1/cmr/m/n/10 con-
 []


Overfull \hbox (15.58337pt too wide) in paragraph at lines 9--10
\OT1/cmr/m/n/10 trol
 []


Overfull \hbox (8.94446pt too wide) in paragraph at lines 9--10
\OT1/cmr/m/n/10 as
 []


Overfull \hbox (19.72224pt too wide) in paragraph at lines 9--10
\OT1/cmr/m/n/10 well,
 []


Overfull \hbox (15.00005pt too wide) in paragraph at lines 9--10
\OT1/cmr/m/n/10 but
 []


Overfull \hbox (13.88892pt too wide) in paragraph at lines 9--10
\OT1/cmr/m/n/10 ad-
 []


Overfull \hbox (18.33337pt too wide) in paragraph at lines 9--10
\OT1/cmr/m/n/10 mit-
 []


Overfull \hbox (21.9445pt too wide) in paragraph at lines 9--10
\OT1/cmr/m/n/10 tedly
 []


Overfull \hbox (23.33339pt too wide) in paragraph at lines 9--10
\OT1/cmr/m/n/10 could
 []


Overfull \hbox (19.72226pt too wide) in paragraph at lines 9--10
\OT1/cmr/m/n/10 have
 []


Overfull \hbox (20.27782pt too wide) in paragraph at lines 9--10
\OT1/cmr/m/n/10 been
 []


Overfull \hbox (19.50003pt too wide) in paragraph at lines 9--10
\OT1/cmr/m/n/10 used
 []


Overfull \hbox (21.69449pt too wide) in paragraph at lines 9--10
\OT1/cmr/m/n/10 more
 []


Overfull \hbox (14.75002pt too wide) in paragraph at lines 9--10
\OT1/cmr/m/n/10 fre-
 []


Overfull \hbox (34.44452pt too wide) in paragraph at lines 9--10
\OT1/cmr/m/n/10 quently.
 []


Overfull \hbox (27.87506pt too wide) in paragraph at lines 9--10
\OT1/cmr/m/n/10 Group
 []


Overfull \hbox (24.44449pt too wide) in paragraph at lines 9--10
\OT1/cmr/m/n/10 mem-
 []


Overfull \hbox (18.13892pt too wide) in paragraph at lines 9--10
\OT1/cmr/m/n/10 bers
 []


Overfull \hbox (13.88893pt too wide) in paragraph at lines 9--10
\OT1/cmr/m/n/10 did
 []


Overfull \hbox (14.44449pt too wide) in paragraph at lines 9--10
\OT1/cmr/m/n/10 not
 []


Overfull \hbox (18.33336pt too wide) in paragraph at lines 9--10
\OT1/cmr/m/n/10 con-
 []


Overfull \hbox (14.0pt too wide) in paragraph at lines 9--10
\OT1/cmr/m/n/10 sis-
 []


Overfull \hbox (25.55562pt too wide) in paragraph at lines 9--10
\OT1/cmr/m/n/10 tently
 []


Overfull \hbox (18.61118pt too wide) in paragraph at lines 9--10
\OT1/cmr/m/n/10 only
 []


Overfull \hbox (23.61113pt too wide) in paragraph at lines 9--10
\OT1/cmr/m/n/10 check
 []


Overfull \hbox (8.33336pt too wide) in paragraph at lines 9--10
\OT1/cmr/m/n/10 in
 []


Overfull \hbox (24.47226pt too wide) in paragraph at lines 9--10
\OT1/cmr/m/n/10 work-
 []


Overfull \hbox (13.33337pt too wide) in paragraph at lines 9--10
\OT1/cmr/m/n/10 ing
 []


Overfull \hbox (19.72226pt too wide) in paragraph at lines 9--10
\OT1/cmr/m/n/10 code
 []


Overfull \hbox (16.11116pt too wide) in paragraph at lines 9--10
\OT1/cmr/m/n/10 and
 []


Overfull \hbox (14.44447pt too wide) in paragraph at lines 9--10
\OT1/cmr/m/n/10 un-
 []


Overfull \hbox (15.30559pt too wide) in paragraph at lines 9--10
\OT1/cmr/m/n/10 for-
 []


Overfull \hbox (12.7778pt too wide) in paragraph at lines 9--10
\OT1/cmr/m/n/10 tu-
 []


Overfull \hbox (18.88893pt too wide) in paragraph at lines 9--10
\OT1/cmr/m/n/10 nate
 []


Overfull \hbox (19.72226pt too wide) in paragraph at lines 9--10
\OT1/cmr/m/n/10 code
 []


Overfull \hbox (18.33336pt too wide) in paragraph at lines 9--10
\OT1/cmr/m/n/10 con-
 []


Overfull \hbox (11.94447pt too wide) in paragraph at lines 9--10
\OT1/cmr/m/n/10 fu-
 []


Overfull \hbox (17.27782pt too wide) in paragraph at lines 9--10
\OT1/cmr/m/n/10 sion
 []


Overfull \hbox (19.44449pt too wide) in paragraph at lines 9--10
\OT1/cmr/m/n/10 hap-
 []


Overfull \hbox (28.61118pt too wide) in paragraph at lines 9--10
\OT1/cmr/m/n/10 pened. 
 []

! Undefined control sequence.
l.12 \subsubsection
                   {Operating System}
The control sequence at the end of the top line
of your error message was never \def'ed. If you have
misspelled it (e.g., `\hobx'), type `I' and the correct
spelling (e.g., `I\hbox'). Otherwise just continue,
and I'll forget about whatever was undefined.

! Undefined control sequence.
l.13 ... to our current implementation of \netlets
                                                   . Bundled GNU tools such ...
The control sequence at the end of the top line
of your error message was never \def'ed. If you have
misspelled it (e.g., `\hobx'), type `I' and the correct
spelling (e.g., `I\hbox'). Otherwise just continue,
and I'll forget about whatever was undefined.


Overfull \hbox (44.19456pt too wide) in paragraph at lines 12--14
[]\OT1/cmr/m/n/10 Operating
 []


Overfull \hbox (18.11115pt too wide) in paragraph at lines 12--14
\OT1/cmr/m/n/10 Sys-
 []


Overfull \hbox (16.6667pt too wide) in paragraph at lines 12--14
\OT1/cmr/m/n/10 tem
 []


Overfull \hbox (17.22224pt too wide) in paragraph at lines 12--14
\OT1/cmr/m/n/10 The
 []


Overfull \hbox (15.41667pt too wide) in paragraph at lines 12--14
\OT1/cmr/m/n/10 De-
 []


Overfull \hbox (18.88895pt too wide) in paragraph at lines 12--14
\OT1/cmr/m/n/10 bian
 []


Overfull \hbox (15.61113pt too wide) in paragraph at lines 12--14
\OT1/cmr/m/n/10 dis-
 []


Overfull \hbox (13.91669pt too wide) in paragraph at lines 12--14
\OT1/cmr/m/n/10 tri-
 []


Overfull \hbox (14.44447pt too wide) in paragraph at lines 12--14
\OT1/cmr/m/n/10 bu-
 []


Overfull \hbox (17.22227pt too wide) in paragraph at lines 12--14
\OT1/cmr/m/n/10 tion
 []


Overfull \hbox (8.05559pt too wide) in paragraph at lines 12--14
\OT1/cmr/m/n/10 of
 []


Overfull \hbox (52.98624pt too wide) in paragraph at lines 12--14
\OT1/cmr/m/n/10 GNU/Linux
 []


Overfull \hbox (15.8889pt too wide) in paragraph at lines 12--14
\OT1/cmr/m/n/10 was
 []


Overfull \hbox (18.05557pt too wide) in paragraph at lines 12--14
\OT1/cmr/m/n/10 cho-
 []


Overfull \hbox (13.94446pt too wide) in paragraph at lines 12--14
\OT1/cmr/m/n/10 sen
 []


Overfull \hbox (11.97226pt too wide) in paragraph at lines 12--14
\OT1/cmr/m/n/10 for
 []


Overfull \hbox (10.61113pt too wide) in paragraph at lines 12--14
\OT1/cmr/m/n/10 its
 []


Overfull \hbox (18.38892pt too wide) in paragraph at lines 12--14
\OT1/cmr/m/n/10 sup-
 []


Overfull \hbox (18.63895pt too wide) in paragraph at lines 12--14
\OT1/cmr/m/n/10 port
 []


Overfull \hbox (8.05559pt too wide) in paragraph at lines 12--14
\OT1/cmr/m/n/10 of
 []


Overfull \hbox (13.88892pt too wide) in paragraph at lines 12--14
\OT1/cmr/m/n/10 the
 []


Overfull \hbox (27.22229pt too wide) in paragraph at lines 12--14
\OT1/cmr/m/n/10 SAM9
 []


Overfull \hbox (18.05559pt too wide) in paragraph at lines 12--14
\OT1/cmr/m/n/10 chip
 []


Overfull \hbox (16.11116pt too wide) in paragraph at lines 12--14
\OT1/cmr/m/n/10 and
 []


Overfull \hbox (18.33336pt too wide) in paragraph at lines 12--14
\OT1/cmr/m/n/10 con-
 []


Overfull \hbox (12.77779pt too wide) in paragraph at lines 12--14
\OT1/cmr/m/n/10 ve-
 []


Overfull \hbox (21.94449pt too wide) in paragraph at lines 12--14
\OT1/cmr/m/n/10 nient
 []


Overfull \hbox (23.33337pt too wide) in paragraph at lines 12--14
\OT1/cmr/m/n/10 pack-
 []


Overfull \hbox (14.44447pt too wide) in paragraph at lines 12--14
\OT1/cmr/m/n/10 age
 []


Overfull \hbox (22.22227pt too wide) in paragraph at lines 12--14
\OT1/cmr/m/n/10 man-
 []


Overfull \hbox (21.13893pt too wide) in paragraph at lines 12--14
\OT1/cmr/m/n/10 ager.
 []


Overfull \hbox (25.83339pt too wide) in paragraph at lines 12--14
\OT1/cmr/m/n/10 While
 []


Overfull \hbox (39.61115pt too wide) in paragraph at lines 12--14
\OT1/cmr/m/n/10 ressource
 []


Overfull \hbox (11.66669pt too wide) in paragraph at lines 12--14
\OT1/cmr/m/n/10 in-
 []


Overfull \hbox (17.22224pt too wide) in paragraph at lines 12--14
\OT1/cmr/m/n/10 ten-
 []


Overfull \hbox (18.94447pt too wide) in paragraph at lines 12--14
\OT1/cmr/m/n/10 sive,
 []


Overfull \hbox (15.41667pt too wide) in paragraph at lines 12--14
\OT1/cmr/m/n/10 De-
 []


Overfull \hbox (25.61118pt too wide) in paragraph at lines 12--14
\OT1/cmr/m/n/10 bian's
 []


Overfull \hbox (12.77779pt too wide) in paragraph at lines 12--14
\OT1/cmr/m/n/10 ac-
 []


Overfull \hbox (16.77777pt too wide) in paragraph at lines 12--14
\OT1/cmr/m/n/10 cess
 []


Overfull \hbox (8.88892pt too wide) in paragraph at lines 12--14
\OT1/cmr/m/n/10 to
 []


Overfull \hbox (14.16669pt too wide) in paragraph at lines 12--14
\OT1/cmr/m/n/10 nu-
 []


Overfull \hbox (20.0278pt too wide) in paragraph at lines 12--14
\OT1/cmr/m/n/10 mer-
 []


Overfull \hbox (14.50003pt too wide) in paragraph at lines 12--14
\OT1/cmr/m/n/10 ous
 []


Overfull \hbox (17.22224pt too wide) in paragraph at lines 12--14
\OT1/cmr/m/n/10 net-
 []


Overfull \hbox (24.47226pt too wide) in paragraph at lines 12--14
\OT1/cmr/m/n/10 work-
 []


Overfull \hbox (16.11116pt too wide) in paragraph at lines 12--14
\OT1/cmr/m/n/10 ing,
 []


Overfull \hbox (11.72221pt too wide) in paragraph at lines 12--14
\OT1/cmr/m/n/10 se-
 []


Overfull \hbox (13.33334pt too wide) in paragraph at lines 12--14
\OT1/cmr/m/n/10 cu-
 []


Overfull \hbox (15.58337pt too wide) in paragraph at lines 12--14
\OT1/cmr/m/n/10 rity
 []


Overfull \hbox (16.11116pt too wide) in paragraph at lines 12--14
\OT1/cmr/m/n/10 and
 []


Overfull \hbox (17.80559pt too wide) in paragraph at lines 12--14
\OT1/cmr/m/n/10 pro-
 []


Overfull \hbox (12.22224pt too wide) in paragraph at lines 12--14
\OT1/cmr/m/n/10 to-
 []


Overfull \hbox (12.22224pt too wide) in paragraph at lines 12--14
\OT1/cmr/m/n/10 col
 []


Overfull \hbox (8.8889pt too wide) in paragraph at lines 12--14
\OT1/cmr/m/n/10 li-
 []


Overfull \hbox (29.5556pt too wide) in paragraph at lines 12--14
\OT1/cmr/m/n/10 braries
 []


Overfull \hbox (16.11116pt too wide) in paragraph at lines 12--14
\OT1/cmr/m/n/10 and
 []


Overfull \hbox (23.33337pt too wide) in paragraph at lines 12--14
\OT1/cmr/m/n/10 pack-
 []


Overfull \hbox (18.38892pt too wide) in paragraph at lines 12--14
\OT1/cmr/m/n/10 ages
 []


Overfull \hbox (6.72223pt too wide) in paragraph at lines 12--14
\OT1/cmr/m/n/10 is
 []


Overfull \hbox (18.36113pt too wide) in paragraph at lines 12--14
\OT1/cmr/m/n/10 crit-
 []


Overfull \hbox (6.11111pt too wide) in paragraph at lines 12--14
\OT1/cmr/m/n/10 i-
 []


Overfull \hbox (12.22224pt too wide) in paragraph at lines 12--14
\OT1/cmr/m/n/10 cal
 []


Overfull \hbox (8.88892pt too wide) in paragraph at lines 12--14
\OT1/cmr/m/n/10 to
 []


Overfull \hbox (14.47226pt too wide) in paragraph at lines 12--14
\OT1/cmr/m/n/10 our
 []


Overfull \hbox (17.25002pt too wide) in paragraph at lines 12--14
\OT1/cmr/m/n/10 cur-
 []


Overfull \hbox (17.5278pt too wide) in paragraph at lines 12--14
\OT1/cmr/m/n/10 rent
 []


Overfull \hbox (14.44447pt too wide) in paragraph at lines 12--14
\OT1/cmr/m/n/10 im-
 []


Overfull \hbox (16.11113pt too wide) in paragraph at lines 12--14
\OT1/cmr/m/n/10 ple-
 []


Overfull \hbox (21.6667pt too wide) in paragraph at lines 12--14
\OT1/cmr/m/n/10 men-
 []


Overfull \hbox (12.22224pt too wide) in paragraph at lines 12--14
\OT1/cmr/m/n/10 ta-
 []


Overfull \hbox (17.22227pt too wide) in paragraph at lines 12--14
\OT1/cmr/m/n/10 tion
 []


Overfull \hbox (8.05559pt too wide) in paragraph at lines 12--14
\OT1/cmr/m/n/10 of
 []


Overfull \hbox (2.77779pt too wide) in paragraph at lines 12--14
\OT1/cmr/m/n/10 .
 []


Overfull \hbox (21.52783pt too wide) in paragraph at lines 12--14
\OT1/cmr/m/n/10 Bun-
 []


Overfull \hbox (18.33337pt too wide) in paragraph at lines 12--14
\OT1/cmr/m/n/10 dled
 []


Overfull \hbox (22.84726pt too wide) in paragraph at lines 12--14
\OT1/cmr/m/n/10 GNU
 []


Overfull \hbox (20.88895pt too wide) in paragraph at lines 12--14
\OT1/cmr/m/n/10 tools
 []


Overfull \hbox (19.22224pt too wide) in paragraph at lines 12--14
\OT1/cmr/m/n/10 such
 []


Overfull \hbox (8.94446pt too wide) in paragraph at lines 12--14
\OT1/cmr/m/n/10 as
 []


Overfull \hbox (21.38895pt too wide) in paragraph at lines 12--14
\OT1/cmr/m/n/10 SSH,
 []


Overfull \hbox (16.66669pt too wide) in paragraph at lines 12--14
\OT1/cmr/m/n/10 gcc,
 []


Overfull \hbox (16.11116pt too wide) in paragraph at lines 12--14
\OT1/cmr/m/n/10 and
 []


Overfull \hbox (16.11116pt too wide) in paragraph at lines 12--14
\OT1/cmr/m/n/10 gdb
 []


Overfull \hbox (15.05557pt too wide) in paragraph at lines 12--14
\OT1/cmr/m/n/10 sig-
 []


Overfull \hbox (14.72226pt too wide) in paragraph at lines 12--14
\OT1/cmr/m/n/10 nif-
 []


Overfull \hbox (6.11111pt too wide) in paragraph at lines 12--14
\OT1/cmr/m/n/10 i-
 []


Overfull \hbox (26.66673pt too wide) in paragraph at lines 12--14
\OT1/cmr/m/n/10 cantly
 []


Overfull \hbox (18.38892pt too wide) in paragraph at lines 12--14
\OT1/cmr/m/n/10 sim-
 []


Overfull \hbox (14.44447pt too wide) in paragraph at lines 12--14
\OT1/cmr/m/n/10 pli-
 []


Overfull \hbox (15.55559pt too wide) in paragraph at lines 12--14
\OT1/cmr/m/n/10 fied
 []


Overfull \hbox (14.47226pt too wide) in paragraph at lines 12--14
\OT1/cmr/m/n/10 our
 []


Overfull \hbox (13.33334pt too wide) in paragraph at lines 12--14
\OT1/cmr/m/n/10 de-
 []


Overfull \hbox (15.55557pt too wide) in paragraph at lines 12--14
\OT1/cmr/m/n/10 vel-
 []


Overfull \hbox (13.88892pt too wide) in paragraph at lines 12--14
\OT1/cmr/m/n/10 op-
 []


Overfull \hbox (21.94449pt too wide) in paragraph at lines 12--14
\OT1/cmr/m/n/10 ment
 []


Overfull \hbox (22.77782pt too wide) in paragraph at lines 12--14
\OT1/cmr/m/n/10 while
 []


Overfull \hbox (25.13896pt too wide) in paragraph at lines 12--14
\OT1/cmr/m/n/10 Linux
 []


Overfull \hbox (16.69446pt too wide) in paragraph at lines 12--14
\OT1/cmr/m/n/10 ker-
 []


Overfull \hbox (12.7778pt too wide) in paragraph at lines 12--14
\OT1/cmr/m/n/10 nel
 []


Overfull \hbox (18.38892pt too wide) in paragraph at lines 12--14
\OT1/cmr/m/n/10 sup-
 []


Overfull \hbox (18.63895pt too wide) in paragraph at lines 12--14
\OT1/cmr/m/n/10 port
 []


Overfull \hbox (11.97226pt too wide) in paragraph at lines 12--14
\OT1/cmr/m/n/10 for
 []


Overfull \hbox (28.75003pt too wide) in paragraph at lines 12--14
\OT1/cmr/m/n/10 UART
 []


Overfull \hbox (21.11115pt too wide) in paragraph at lines 12--14
\OT1/cmr/m/n/10 com-
 []


Overfull \hbox (16.94447pt too wide) in paragraph at lines 12--14
\OT1/cmr/m/n/10 mu-
 []


Overfull \hbox (11.66669pt too wide) in paragraph at lines 12--14
\OT1/cmr/m/n/10 ni-
 []


Overfull \hbox (12.77779pt too wide) in paragraph at lines 12--14
\OT1/cmr/m/n/10 ca-
 []


Overfull \hbox (17.22227pt too wide) in paragraph at lines 12--14
\OT1/cmr/m/n/10 tion
 []


Overfull \hbox (18.05557pt too wide) in paragraph at lines 12--14
\OT1/cmr/m/n/10 low-
 []


Overfull \hbox (18.36113pt too wide) in paragraph at lines 12--14
\OT1/cmr/m/n/10 ered
 []


Overfull \hbox (13.88892pt too wide) in paragraph at lines 12--14
\OT1/cmr/m/n/10 the
 []


Overfull \hbox (33.05565pt too wide) in paragraph at lines 12--14
\OT1/cmr/m/n/10 amount
 []


Overfull \hbox (8.05559pt too wide) in paragraph at lines 12--14
\OT1/cmr/m/n/10 of
 []


Overfull \hbox (18.61115pt too wide) in paragraph at lines 12--14
\OT1/cmr/m/n/10 cod-
 []


Overfull \hbox (13.33337pt too wide) in paragraph at lines 12--14
\OT1/cmr/m/n/10 ing
 []


Overfull \hbox (11.38889pt too wide) in paragraph at lines 12--14
\OT1/cmr/m/n/10 we
 []


Overfull \hbox (16.11116pt too wide) in paragraph at lines 12--14
\OT1/cmr/m/n/10 had
 []


Overfull \hbox (8.88892pt too wide) in paragraph at lines 12--14
\OT1/cmr/m/n/10 to
 []


Overfull \hbox (10.55559pt too wide) in paragraph at lines 12--14
\OT1/cmr/m/n/10 do
 []


Overfull \hbox (17.80559pt too wide) in paragraph at lines 12--14
\OT1/cmr/m/n/10 our-
 []


Overfull \hbox (27.33336pt too wide) in paragraph at lines 12--14
\OT1/cmr/m/n/10 selves.
 []


Overfull \hbox (17.22224pt too wide) in paragraph at lines 12--14
\OT1/cmr/m/n/10 The
 []


Overfull \hbox (19.47224pt too wide) in paragraph at lines 12--14
\OT1/cmr/m/n/10 Ker-
 []


Overfull \hbox (12.7778pt too wide) in paragraph at lines 12--14
\OT1/cmr/m/n/10 nel
 []


Overfull \hbox (13.88893pt too wide) in paragraph at lines 12--14
\OT1/cmr/m/n/10 did
 []


Overfull \hbox (37.77785pt too wide) in paragraph at lines 12--14
\OT1/cmr/m/n/10 nonethe-
 []


Overfull \hbox (15.11111pt too wide) in paragraph at lines 12--14
\OT1/cmr/m/n/10 less
 []


Overfull \hbox (19.72226pt too wide) in paragraph at lines 12--14
\OT1/cmr/m/n/10 have
 []


Overfull \hbox (8.88892pt too wide) in paragraph at lines 12--14
\OT1/cmr/m/n/10 to
 []


Overfull \hbox (10.2778pt too wide) in paragraph at lines 12--14
\OT1/cmr/m/n/10 be
 []


Overfull \hbox (13.05557pt too wide) in paragraph at lines 12--14
\OT1/cmr/m/n/10 ex-
 []


Overfull \hbox (29.4445pt too wide) in paragraph at lines 12--14
\OT1/cmr/m/n/10 tended
 []


Overfull \hbox (16.11116pt too wide) in paragraph at lines 12--14
\OT1/cmr/m/n/10 and
 []


Overfull \hbox (11.69444pt too wide) in paragraph at lines 12--14
\OT1/cmr/m/n/10 re-
 []


Overfull \hbox (21.11115pt too wide) in paragraph at lines 12--14
\OT1/cmr/m/n/10 com-
 []


Overfull \hbox (21.11116pt too wide) in paragraph at lines 12--14
\OT1/cmr/m/n/10 piled
 []


Overfull \hbox (8.88892pt too wide) in paragraph at lines 12--14
\OT1/cmr/m/n/10 to
 []


Overfull \hbox (11.11113pt too wide) in paragraph at lines 12--14
\OT1/cmr/m/n/10 al-
 []


Overfull \hbox (14.72224pt too wide) in paragraph at lines 12--14
\OT1/cmr/m/n/10 low
 []


Overfull \hbox (18.38892pt too wide) in paragraph at lines 12--14
\OT1/cmr/m/n/10 sup-
 []


Overfull \hbox (18.63895pt too wide) in paragraph at lines 12--14
\OT1/cmr/m/n/10 port
 []


Overfull \hbox (11.97226pt too wide) in paragraph at lines 12--14
\OT1/cmr/m/n/10 for
 []


Overfull \hbox (22.36115pt too wide) in paragraph at lines 12--14
\OT1/cmr/m/n/10 ADC
 []


Overfull \hbox (10.55559pt too wide) in paragraph at lines 12--14
\OT1/cmr/m/n/10 on
 []


Overfull \hbox (13.88892pt too wide) in paragraph at lines 12--14
\OT1/cmr/m/n/10 the
 []


Overfull \hbox (27.22229pt too wide) in paragraph at lines 12--14
\OT1/cmr/m/n/10 SAM9
 []


Overfull \hbox (23.88895pt too wide) in paragraph at lines 12--14
\OT1/cmr/m/n/10 Chip.
 []


Overfull \hbox (13.8889pt too wide) in paragraph at lines 12--14
\OT1/cmr/m/n/10 We
 []


Overfull \hbox (23.11113pt too wide) in paragraph at lines 12--14
\OT1/cmr/m/n/10 chose
 []


Overfull \hbox (8.88892pt too wide) in paragraph at lines 12--14
\OT1/cmr/m/n/10 to
 []


Overfull \hbox (16.11116pt too wide) in paragraph at lines 12--14
\OT1/cmr/m/n/10 add
 []


Overfull \hbox (6.66669pt too wide) in paragraph at lines 12--14
\OT1/cmr/m/n/10 it
 []


Overfull \hbox (8.94446pt too wide) in paragraph at lines 12--14
\OT1/cmr/m/n/10 as
 []


Overfull \hbox (5.00002pt too wide) in paragraph at lines 12--14
\OT1/cmr/m/n/10 a
 []


Overfull \hbox (16.69446pt too wide) in paragraph at lines 12--14
\OT1/cmr/m/n/10 ker-
 []


Overfull \hbox (12.7778pt too wide) in paragraph at lines 12--14
\OT1/cmr/m/n/10 nel
 []


Overfull \hbox (22.50006pt too wide) in paragraph at lines 12--14
\OT1/cmr/m/n/10 mod-
 []


Overfull \hbox (15.55559pt too wide) in paragraph at lines 12--14
\OT1/cmr/m/n/10 ule,
 []


Overfull \hbox (25.27782pt too wide) in paragraph at lines 12--14
\OT1/cmr/m/n/10 which
 []


Overfull \hbox (26.11118pt too wide) in paragraph at lines 12--14
\OT1/cmr/m/n/10 added
 []


Overfull \hbox (45.2779pt too wide) in paragraph at lines 12--14
\OT1/cmr/m/n/10 /dev/adc0
 []


Overfull \hbox (16.11116pt too wide) in paragraph at lines 12--14
\OT1/cmr/m/n/10 and
 []


Overfull \hbox (45.2779pt too wide) in paragraph at lines 12--14
\OT1/cmr/m/n/10 /dev/adc1
 []


Overfull \hbox (8.94446pt too wide) in paragraph at lines 12--14
\OT1/cmr/m/n/10 as
 []


Overfull \hbox (13.33334pt too wide) in paragraph at lines 12--14
\OT1/cmr/m/n/10 de-
 []


Overfull \hbox (23.6667pt too wide) in paragraph at lines 12--14
\OT1/cmr/m/n/10 vices.
 []


Overfull \hbox (17.22224pt too wide) in paragraph at lines 12--14
\OT1/cmr/m/n/10 The
 []


Overfull \hbox (19.72226pt too wide) in paragraph at lines 12--14
\OT1/cmr/m/n/10 code
 []


Overfull \hbox (15.00003pt too wide) in paragraph at lines 12--14
\OT1/cmr/m/n/10 can
 []


Overfull \hbox (10.2778pt too wide) in paragraph at lines 12--14
\OT1/cmr/m/n/10 be
 []


Overfull \hbox (24.7223pt too wide) in paragraph at lines 12--14
\OT1/cmr/m/n/10 found
 []


Overfull \hbox (8.33336pt too wide) in paragraph at lines 12--14
\OT1/cmr/m/n/10 in
 []


Overfull \hbox (13.88892pt too wide) in paragraph at lines 12--14
\OT1/cmr/m/n/10 the
 []


Overfull \hbox (13.88892pt too wide) in paragraph at lines 12--14
\OT1/cmr/m/n/10 ap-
 []


Overfull \hbox (32.22232pt too wide) in paragraph at lines 12--14
\OT1/cmr/m/n/10 pendix. 
 []

! Undefined control sequence.
l.15 \subsubsection
                   {Installed Software}
The control sequence at the end of the top line
of your error message was never \def'ed. If you have
misspelled it (e.g., `\hobx'), type `I' and the correct
spelling (e.g., `I\hbox'). Otherwise just continue,
and I'll forget about whatever was undefined.


Overfull \hbox (37.55563pt too wide) in paragraph at lines 15--16
[]\OT1/cmr/m/n/10 Installed
 []


Overfull \hbox (20.83339pt too wide) in paragraph at lines 15--16
\OT1/cmr/m/n/10 Soft-
 []


Overfull \hbox (20.30557pt too wide) in paragraph at lines 15--16
\OT1/cmr/m/n/10 ware 
 []

! Undefined control sequence.
l.17 \paragraph
               {Loudmouth XMPP Library} Loudmouth is a lightweight C library...
The control sequence at the end of the top line
of your error message was never \def'ed. If you have
misspelled it (e.g., `\hobx'), type `I' and the correct
spelling (e.g., `I\hbox'). Otherwise just continue,
and I'll forget about whatever was undefined.

! Undefined control sequence.
l.17 ...the strong security we needed for \netlets
                                                   so as to not allow a poss...
The control sequence at the end of the top line
of your error message was never \def'ed. If you have
misspelled it (e.g., `\hobx'), type `I' and the correct
spelling (e.g., `I\hbox'). Otherwise just continue,
and I'll forget about whatever was undefined.


Overfull \hbox (50.6946pt too wide) in paragraph at lines 17--18
[]\OT1/cmr/m/n/10 Loudmouth
 []


Overfull \hbox (30.27785pt too wide) in paragraph at lines 17--18
\OT1/cmr/m/n/10 XMPP
 []


Overfull \hbox (12.36113pt too wide) in paragraph at lines 17--18
\OT1/cmr/m/n/10 Li-
 []


Overfull \hbox (23.66673pt too wide) in paragraph at lines 17--18
\OT1/cmr/m/n/10 brary
 []


Overfull \hbox (25.6945pt too wide) in paragraph at lines 17--18
\OT1/cmr/m/n/10 Loud-
 []


Overfull \hbox (28.33342pt too wide) in paragraph at lines 17--18
\OT1/cmr/m/n/10 mouth
 []


Overfull \hbox (6.72223pt too wide) in paragraph at lines 17--18
\OT1/cmr/m/n/10 is
 []


Overfull \hbox (5.00002pt too wide) in paragraph at lines 17--18
\OT1/cmr/m/n/10 a
 []


Overfull \hbox (47.77786pt too wide) in paragraph at lines 17--18
\OT1/cmr/m/n/10 lightweight
 []


Overfull \hbox (7.22223pt too wide) in paragraph at lines 17--18
\OT1/cmr/m/n/10 C
 []


Overfull \hbox (8.8889pt too wide) in paragraph at lines 17--18
\OT1/cmr/m/n/10 li-
 []


Overfull \hbox (23.66673pt too wide) in paragraph at lines 17--18
\OT1/cmr/m/n/10 brary
 []


Overfull \hbox (11.97226pt too wide) in paragraph at lines 17--18
\OT1/cmr/m/n/10 for
 []


Overfull \hbox (30.27785pt too wide) in paragraph at lines 17--18
\OT1/cmr/m/n/10 XMPP
 []


Overfull \hbox (8.8889pt too wide) in paragraph at lines 17--18
\OT1/cmr/m/n/10 li-
 []


Overfull \hbox (28.88892pt too wide) in paragraph at lines 17--18
\OT1/cmr/m/n/10 cenced
 []


Overfull \hbox (14.44447pt too wide) in paragraph at lines 17--18
\OT1/cmr/m/n/10 un-
 []


Overfull \hbox (13.91669pt too wide) in paragraph at lines 17--18
\OT1/cmr/m/n/10 der
 []


Overfull \hbox (13.88892pt too wide) in paragraph at lines 17--18
\OT1/cmr/m/n/10 the
 []


Overfull \hbox (22.84726pt too wide) in paragraph at lines 17--18
\OT1/cmr/m/n/10 GNU
 []


Overfull \hbox (26.94446pt too wide) in paragraph at lines 17--18
\OT1/cmr/m/n/10 Lesser
 []


Overfull \hbox (21.18057pt too wide) in paragraph at lines 17--18
\OT1/cmr/m/n/10 Gen-
 []


Overfull \hbox (16.13892pt too wide) in paragraph at lines 17--18
\OT1/cmr/m/n/10 eral
 []


Overfull \hbox (21.25005pt too wide) in paragraph at lines 17--18
\OT1/cmr/m/n/10 Pub-
 []


Overfull \hbox (10.00002pt too wide) in paragraph at lines 17--18
\OT1/cmr/m/n/10 lic
 []


Overfull \hbox (12.36113pt too wide) in paragraph at lines 17--18
\OT1/cmr/m/n/10 Li-
 []


Overfull \hbox (25.61113pt too wide) in paragraph at lines 17--18
\OT1/cmr/m/n/10 cense.
 []


Overfull \hbox (22.50006pt too wide) in paragraph at lines 17--18
\OT1/cmr/m/n/10 With
 []


Overfull \hbox (5.00002pt too wide) in paragraph at lines 17--18
\OT1/cmr/m/n/10 a
 []


Overfull \hbox (22.83339pt too wide) in paragraph at lines 17--18
\OT1/cmr/m/n/10 small
 []


Overfull \hbox (22.50005pt too wide) in paragraph at lines 17--18
\OT1/cmr/m/n/10 num-
 []


Overfull \hbox (14.19447pt too wide) in paragraph at lines 17--18
\OT1/cmr/m/n/10 ber
 []


Overfull \hbox (8.05559pt too wide) in paragraph at lines 17--18
\OT1/cmr/m/n/10 of
 []


Overfull \hbox (13.33334pt too wide) in paragraph at lines 17--18
\OT1/cmr/m/n/10 de-
 []


Overfull \hbox (19.1667pt too wide) in paragraph at lines 17--18
\OT1/cmr/m/n/10 pen-
 []


Overfull \hbox (18.88892pt too wide) in paragraph at lines 17--18
\OT1/cmr/m/n/10 den-
 []


Overfull \hbox (18.3889pt too wide) in paragraph at lines 17--18
\OT1/cmr/m/n/10 cies:
 []


Overfull \hbox (22.4306pt too wide) in paragraph at lines 17--18
\OT1/cmr/m/n/10 GLib
 []


Overfull \hbox (11.97226pt too wide) in paragraph at lines 17--18
\OT1/cmr/m/n/10 for
 []


Overfull \hbox (13.88892pt too wide) in paragraph at lines 17--18
\OT1/cmr/m/n/10 ad-
 []


Overfull \hbox (29.72229pt too wide) in paragraph at lines 17--18
\OT1/cmr/m/n/10 vanced
 []


Overfull \hbox (26.72227pt too wide) in paragraph at lines 17--18
\OT1/cmr/m/n/10 datas-
 []


Overfull \hbox (21.13892pt too wide) in paragraph at lines 17--18
\OT1/cmr/m/n/10 truc-
 []


Overfull \hbox (21.75003pt too wide) in paragraph at lines 17--18
\OT1/cmr/m/n/10 tures
 []


Overfull \hbox (16.11116pt too wide) in paragraph at lines 17--18
\OT1/cmr/m/n/10 and
 []


Overfull \hbox (40.97234pt too wide) in paragraph at lines 17--18
\OT1/cmr/m/n/10 OpenSSL
 []


Overfull \hbox (11.97226pt too wide) in paragraph at lines 17--18
\OT1/cmr/m/n/10 for
 []


Overfull \hbox (13.33334pt too wide) in paragraph at lines 17--18
\OT1/cmr/m/n/10 en-
 []


Overfull \hbox (22.52782pt too wide) in paragraph at lines 17--18
\OT1/cmr/m/n/10 cryp-
 []


Overfull \hbox (20.00006pt too wide) in paragraph at lines 17--18
\OT1/cmr/m/n/10 tion,
 []


Overfull \hbox (6.66669pt too wide) in paragraph at lines 17--18
\OT1/cmr/m/n/10 it
 []


Overfull \hbox (6.72223pt too wide) in paragraph at lines 17--18
\OT1/cmr/m/n/10 is
 []


Overfull \hbox (20.5556pt too wide) in paragraph at lines 17--18
\OT1/cmr/m/n/10 ideal
 []


Overfull \hbox (11.97226pt too wide) in paragraph at lines 17--18
\OT1/cmr/m/n/10 for
 []


Overfull \hbox (16.11113pt too wide) in paragraph at lines 17--18
\OT1/cmr/m/n/10 em-
 []


Overfull \hbox (19.1667pt too wide) in paragraph at lines 17--18
\OT1/cmr/m/n/10 bed-
 []


Overfull \hbox (15.55559pt too wide) in paragraph at lines 17--18
\OT1/cmr/m/n/10 ded
 []


Overfull \hbox (13.88892pt too wide) in paragraph at lines 17--18
\OT1/cmr/m/n/10 ap-
 []


Overfull \hbox (14.44447pt too wide) in paragraph at lines 17--18
\OT1/cmr/m/n/10 pli-
 []


Overfull \hbox (12.77779pt too wide) in paragraph at lines 17--18
\OT1/cmr/m/n/10 ca-
 []


Overfull \hbox (23.9445pt too wide) in paragraph at lines 17--18
\OT1/cmr/m/n/10 tions.
 []


Overfull \hbox (17.22224pt too wide) in paragraph at lines 17--18
\OT1/cmr/m/n/10 The
 []


Overfull \hbox (8.8889pt too wide) in paragraph at lines 17--18
\OT1/cmr/m/n/10 li-
 []


Overfull \hbox (23.66673pt too wide) in paragraph at lines 17--18
\OT1/cmr/m/n/10 brary
 []


Overfull \hbox (11.11113pt too wide) in paragraph at lines 17--18
\OT1/cmr/m/n/10 al-
 []


Overfull \hbox (18.66669pt too wide) in paragraph at lines 17--18
\OT1/cmr/m/n/10 lows
 []


Overfull \hbox (14.47226pt too wide) in paragraph at lines 17--18
\OT1/cmr/m/n/10 our
 []


Overfull \hbox (19.22226pt too wide) in paragraph at lines 17--18
\OT1/cmr/m/n/10 soft-
 []


Overfull \hbox (20.30557pt too wide) in paragraph at lines 17--18
\OT1/cmr/m/n/10 ware
 []


Overfull \hbox (8.88892pt too wide) in paragraph at lines 17--18
\OT1/cmr/m/n/10 to
 []


Overfull \hbox (22.27782pt too wide) in paragraph at lines 17--18
\OT1/cmr/m/n/10 send,
 []


Overfull \hbox (11.69444pt too wide) in paragraph at lines 17--18
\OT1/cmr/m/n/10 re-
 []


Overfull \hbox (23.88892pt too wide) in paragraph at lines 17--18
\OT1/cmr/m/n/10 ceive,
 []


Overfull \hbox (16.11116pt too wide) in paragraph at lines 17--18
\OT1/cmr/m/n/10 and
 []


Overfull \hbox (22.86115pt too wide) in paragraph at lines 17--18
\OT1/cmr/m/n/10 parse
 []


Overfull \hbox (30.27785pt too wide) in paragraph at lines 17--18
\OT1/cmr/m/n/10 XMPP
 []


Overfull \hbox (20.05557pt too wide) in paragraph at lines 17--18
\OT1/cmr/m/n/10 mes-
 []


Overfull \hbox (22.33336pt too wide) in paragraph at lines 17--18
\OT1/cmr/m/n/10 sages
 []


Overfull \hbox (23.11116pt too wide) in paragraph at lines 17--18
\OT1/cmr/m/n/10 asyn-
 []


Overfull \hbox (46.7501pt too wide) in paragraph at lines 17--18
\OT1/cmr/m/n/10 chronously
 []


Overfull \hbox (22.77782pt too wide) in paragraph at lines 17--18
\OT1/cmr/m/n/10 with-
 []


Overfull \hbox (14.44449pt too wide) in paragraph at lines 17--18
\OT1/cmr/m/n/10 out
 []


Overfull \hbox (13.88892pt too wide) in paragraph at lines 17--18
\OT1/cmr/m/n/10 the
 []


Overfull \hbox (21.41669pt too wide) in paragraph at lines 17--18
\OT1/cmr/m/n/10 over-
 []


Overfull \hbox (20.5556pt too wide) in paragraph at lines 17--18
\OT1/cmr/m/n/10 head
 []


Overfull \hbox (8.05559pt too wide) in paragraph at lines 17--18
\OT1/cmr/m/n/10 of
 []


Overfull \hbox (5.00002pt too wide) in paragraph at lines 17--18
\OT1/cmr/m/n/10 a
 []


Overfull \hbox (14.16672pt too wide) in paragraph at lines 17--18
\OT1/cmr/m/n/10 full
 []


Overfull \hbox (22.91672pt too wide) in paragraph at lines 17--18
\OT1/cmr/m/n/10 XML
 []


Overfull \hbox (29.5556pt too wide) in paragraph at lines 17--18
\OT1/cmr/m/n/10 parser.
 []


Overfull \hbox (18.50003pt too wide) in paragraph at lines 17--18
\OT1/cmr/m/n/10 Fur-
 []


Overfull \hbox (21.13892pt too wide) in paragraph at lines 17--18
\OT1/cmr/m/n/10 ther-
 []


Overfull \hbox (24.47227pt too wide) in paragraph at lines 17--18
\OT1/cmr/m/n/10 more,
 []


Overfull \hbox (10.61113pt too wide) in paragraph at lines 17--18
\OT1/cmr/m/n/10 its
 []


Overfull \hbox (18.38892pt too wide) in paragraph at lines 17--18
\OT1/cmr/m/n/10 sup-
 []


Overfull \hbox (18.63895pt too wide) in paragraph at lines 17--18
\OT1/cmr/m/n/10 port
 []


Overfull \hbox (11.97226pt too wide) in paragraph at lines 17--18
\OT1/cmr/m/n/10 for
 []


Overfull \hbox (20.27785pt too wide) in paragraph at lines 17--18
\OT1/cmr/m/n/10 both
 []


Overfull \hbox (17.36116pt too wide) in paragraph at lines 17--18
\OT1/cmr/m/n/10 SSL
 []


Overfull \hbox (16.11116pt too wide) in paragraph at lines 17--18
\OT1/cmr/m/n/10 and
 []


Overfull \hbox (19.02782pt too wide) in paragraph at lines 17--18
\OT1/cmr/m/n/10 TLS
 []


Overfull \hbox (13.0556pt too wide) in paragraph at lines 17--18
\OT1/cmr/m/n/10 via
 []


Overfull \hbox (39.44455pt too wide) in paragraph at lines 17--18
\OT1/cmr/m/n/10 openSSH
 []


Overfull \hbox (11.11113pt too wide) in paragraph at lines 17--18
\OT1/cmr/m/n/10 al-
 []


Overfull \hbox (24.44447pt too wide) in paragraph at lines 17--18
\OT1/cmr/m/n/10 lowed
 []


Overfull \hbox (11.97226pt too wide) in paragraph at lines 17--18
\OT1/cmr/m/n/10 for
 []


Overfull \hbox (13.88892pt too wide) in paragraph at lines 17--18
\OT1/cmr/m/n/10 the
 []


Overfull \hbox (27.30562pt too wide) in paragraph at lines 17--18
\OT1/cmr/m/n/10 strong
 []


Overfull \hbox (11.72221pt too wide) in paragraph at lines 17--18
\OT1/cmr/m/n/10 se-
 []


Overfull \hbox (13.33334pt too wide) in paragraph at lines 17--18
\OT1/cmr/m/n/10 cu-
 []


Overfull \hbox (15.58337pt too wide) in paragraph at lines 17--18
\OT1/cmr/m/n/10 rity
 []


Overfull \hbox (11.38889pt too wide) in paragraph at lines 17--18
\OT1/cmr/m/n/10 we
 []


Overfull \hbox (30.00005pt too wide) in paragraph at lines 17--18
\OT1/cmr/m/n/10 needed
 []


Overfull \hbox (11.97226pt too wide) in paragraph at lines 17--18
\OT1/cmr/m/n/10 for
 []


Overfull \hbox (8.94446pt too wide) in paragraph at lines 17--18
\OT1/cmr/m/n/10 so
 []


Overfull \hbox (8.94446pt too wide) in paragraph at lines 17--18
\OT1/cmr/m/n/10 as
 []


Overfull \hbox (8.88892pt too wide) in paragraph at lines 17--18
\OT1/cmr/m/n/10 to
 []


Overfull \hbox (14.44449pt too wide) in paragraph at lines 17--18
\OT1/cmr/m/n/10 not
 []


Overfull \hbox (11.11113pt too wide) in paragraph at lines 17--18
\OT1/cmr/m/n/10 al-
 []


Overfull \hbox (14.72224pt too wide) in paragraph at lines 17--18
\OT1/cmr/m/n/10 low
 []


Overfull \hbox (5.00002pt too wide) in paragraph at lines 17--18
\OT1/cmr/m/n/10 a
 []


Overfull \hbox (18.11115pt too wide) in paragraph at lines 17--18
\OT1/cmr/m/n/10 pos-
 []


Overfull \hbox (10.05556pt too wide) in paragraph at lines 17--18
\OT1/cmr/m/n/10 si-
 []


Overfull \hbox (12.7778pt too wide) in paragraph at lines 17--18
\OT1/cmr/m/n/10 ble
 []


Overfull \hbox (28.08337pt too wide) in paragraph at lines 17--18
\OT1/cmr/m/n/10 hacker
 []


Overfull \hbox (8.88892pt too wide) in paragraph at lines 17--18
\OT1/cmr/m/n/10 to
 []


Overfull \hbox (27.55559pt too wide) in paragraph at lines 17--18
\OT1/cmr/m/n/10 switch
 []


Overfull \hbox (10.55559pt too wide) in paragraph at lines 17--18
\OT1/cmr/m/n/10 on
 []


Overfull \hbox (16.11116pt too wide) in paragraph at lines 17--18
\OT1/cmr/m/n/10 and
 []


Overfull \hbox (10.83337pt too wide) in paragraph at lines 17--18
\OT1/cmr/m/n/10 off
 []


Overfull \hbox (13.33334pt too wide) in paragraph at lines 17--18
\OT1/cmr/m/n/10 de-
 []


Overfull \hbox (20.88892pt too wide) in paragraph at lines 17--18
\OT1/cmr/m/n/10 vices
 []


Overfull \hbox (8.33336pt too wide) in paragraph at lines 17--18
\OT1/cmr/m/n/10 in
 []


Overfull \hbox (21.72226pt too wide) in paragraph at lines 17--18
\OT1/cmr/m/n/10 one's
 []


Overfull \hbox (26.11118pt too wide) in paragraph at lines 17--18
\OT1/cmr/m/n/10 home.
 []


Overfull \hbox (19.08337pt too wide) in paragraph at lines 17--18
\OT1/cmr/m/n/10 Last
 []


Overfull \hbox (15.00005pt too wide) in paragraph at lines 17--18
\OT1/cmr/m/n/10 but
 []


Overfull \hbox (14.44449pt too wide) in paragraph at lines 17--18
\OT1/cmr/m/n/10 not
 []


Overfull \hbox (22.83337pt too wide) in paragraph at lines 17--18
\OT1/cmr/m/n/10 least,
 []


Overfull \hbox (13.88892pt too wide) in paragraph at lines 17--18
\OT1/cmr/m/n/10 the
 []


Overfull \hbox (27.15283pt too wide) in paragraph at lines 17--18
\OT1/cmr/m/n/10 LGPL
 []


Overfull \hbox (8.8889pt too wide) in paragraph at lines 17--18
\OT1/cmr/m/n/10 li-
 []


Overfull \hbox (22.83334pt too wide) in paragraph at lines 17--18
\OT1/cmr/m/n/10 cense
 []


Overfull \hbox (11.11113pt too wide) in paragraph at lines 17--18
\OT1/cmr/m/n/10 al-
 []


Overfull \hbox (18.66669pt too wide) in paragraph at lines 17--18
\OT1/cmr/m/n/10 lows
 []


Overfull \hbox (9.50002pt too wide) in paragraph at lines 17--18
\OT1/cmr/m/n/10 us
 []


Overfull \hbox (8.88892pt too wide) in paragraph at lines 17--18
\OT1/cmr/m/n/10 to
 []


Overfull \hbox (13.94446pt too wide) in paragraph at lines 17--18
\OT1/cmr/m/n/10 use
 []


Overfull \hbox (22.22227pt too wide) in paragraph at lines 17--18
\OT1/cmr/m/n/10 loud-
 []


Overfull \hbox (28.33342pt too wide) in paragraph at lines 17--18
\OT1/cmr/m/n/10 mouth
 []


Overfull \hbox (27.77785pt too wide) in paragraph at lines 17--18
\OT1/cmr/m/n/10 within
 []


Overfull \hbox (5.00002pt too wide) in paragraph at lines 17--18
\OT1/cmr/m/n/10 a
 []


Overfull \hbox (19.44449pt too wide) in paragraph at lines 17--18
\OT1/cmr/m/n/10 non-
 []


Overfull \hbox (20.83339pt too wide) in paragraph at lines 17--18
\OT1/cmr/m/n/10 open
 []


Overfull \hbox (27.30559pt too wide) in paragraph at lines 17--18
\OT1/cmr/m/n/10 source
 []


Overfull \hbox (21.11115pt too wide) in paragraph at lines 17--18
\OT1/cmr/m/n/10 com-
 []


Overfull \hbox (20.0278pt too wide) in paragraph at lines 17--18
\OT1/cmr/m/n/10 mer-
 []


Overfull \hbox (15.00003pt too wide) in paragraph at lines 17--18
\OT1/cmr/m/n/10 cial
 []


Overfull \hbox (30.86116pt too wide) in paragraph at lines 17--18
\OT1/cmr/m/n/10 project
 []


Overfull \hbox (5.83336pt too wide) in paragraph at lines 17--18
\OT1/cmr/m/n/10 if
 []


Overfull \hbox (11.38889pt too wide) in paragraph at lines 17--18
\OT1/cmr/m/n/10 we
 []


Overfull \hbox (16.66672pt too wide) in paragraph at lines 17--18
\OT1/cmr/m/n/10 find
 []


Overfull \hbox (6.66669pt too wide) in paragraph at lines 17--18
\OT1/cmr/m/n/10 it
 []


Overfull \hbox (13.33334pt too wide) in paragraph at lines 17--18
\OT1/cmr/m/n/10 de-
 []


Overfull \hbox (13.97223pt too wide) in paragraph at lines 17--18
\OT1/cmr/m/n/10 sir-
 []


Overfull \hbox (20.5556pt too wide) in paragraph at lines 17--18
\OT1/cmr/m/n/10 able. 
 []

! Undefined control sequence.
l.19 \paragraph
               {Avahi} The open-source Avahi zeroconf implementation\footnot...
The control sequence at the end of the top line
of your error message was never \def'ed. If you have
misspelled it (e.g., `\hobx'), type `I' and the correct
spelling (e.g., `I\hbox'). Otherwise just continue,
and I'll forget about whatever was undefined.

! Undefined control sequence.
\@footnotetext ...tins {\reset@font \footnotesize 
                                                  \interlinepenalty \interfo...
l.19 ...mentation\footnote{\url{http://avahi.org}}
                                                   provides multicast DNS/DN...
The control sequence at the end of the top line
of your error message was never \def'ed. If you have
misspelled it (e.g., `\hobx'), type `I' and the correct
spelling (e.g., `I\hbox'). Otherwise just continue,
and I'll forget about whatever was undefined.

! Undefined control sequence.
\@footnotetext ...}\color@begingroup \@makefntext 
                                                  {\rule \z@ \footnotesep \i...
l.19 ...mentation\footnote{\url{http://avahi.org}}
                                                   provides multicast DNS/DN...
The control sequence at the end of the top line
of your error message was never \def'ed. If you have
misspelled it (e.g., `\hobx'), type `I' and the correct
spelling (e.g., `I\hbox'). Otherwise just continue,
and I'll forget about whatever was undefined.

! Undefined control sequence.
<argument> \url 
                {http://avahi.org}
l.19 ...mentation\footnote{\url{http://avahi.org}}
                                                   provides multicast DNS/DN...
The control sequence at the end of the top line
of your error message was never \def'ed. If you have
misspelled it (e.g., `\hobx'), type `I' and the correct
spelling (e.g., `I\hbox'). Otherwise just continue,
and I'll forget about whatever was undefined.


Overfull \hbox (70.86131pt too wide) in paragraph at lines 19--19
[][]\OT1/cmr/m/n/10 http://avahi.org| 
 []

! Undefined control sequence.
l.19 ...as installed and configured on the \olimex
                                                   so that the device broadc...
The control sequence at the end of the top line
of your error message was never \def'ed. If you have
misspelled it (e.g., `\hobx'), type `I' and the correct
spelling (e.g., `I\hbox'). Otherwise just continue,
and I'll forget about whatever was undefined.


Overfull \hbox (25.55563pt too wide) in paragraph at lines 19--20
[]\OT1/cmr/m/n/10 Avahi
 []


Overfull \hbox (17.22224pt too wide) in paragraph at lines 19--20
\OT1/cmr/m/n/10 The
 []


Overfull \hbox (24.16672pt too wide) in paragraph at lines 19--20
\OT1/cmr/m/n/10 open-
 []


Overfull \hbox (27.30559pt too wide) in paragraph at lines 19--20
\OT1/cmr/m/n/10 source
 []


Overfull \hbox (25.55563pt too wide) in paragraph at lines 19--20
\OT1/cmr/m/n/10 Avahi
 []


Overfull \hbox (12.22221pt too wide) in paragraph at lines 19--20
\OT1/cmr/m/n/10 ze-
 []


Overfull \hbox (12.25002pt too wide) in paragraph at lines 19--20
\OT1/cmr/m/n/10 ro-
 []


Overfull \hbox (18.0556pt too wide) in paragraph at lines 19--20
\OT1/cmr/m/n/10 conf
 []


Overfull \hbox (14.44447pt too wide) in paragraph at lines 19--20
\OT1/cmr/m/n/10 im-
 []


Overfull \hbox (16.11113pt too wide) in paragraph at lines 19--20
\OT1/cmr/m/n/10 ple-
 []


Overfull \hbox (21.6667pt too wide) in paragraph at lines 19--20
\OT1/cmr/m/n/10 men-
 []


Overfull \hbox (12.22224pt too wide) in paragraph at lines 19--20
\OT1/cmr/m/n/10 ta-
 []


Overfull \hbox (21.7084pt too wide) in paragraph at lines 19--20
\OT1/cmr/m/n/10 tion[]
 []


Overfull \hbox (17.80559pt too wide) in paragraph at lines 19--20
\OT1/cmr/m/n/10 pro-
 []


Overfull \hbox (22.00005pt too wide) in paragraph at lines 19--20
\OT1/cmr/m/n/10 vides
 []


Overfull \hbox (19.72226pt too wide) in paragraph at lines 19--20
\OT1/cmr/m/n/10 mul-
 []


Overfull \hbox (10.00002pt too wide) in paragraph at lines 19--20
\OT1/cmr/m/n/10 ti-
 []


Overfull \hbox (17.2778pt too wide) in paragraph at lines 19--20
\OT1/cmr/m/n/10 cast
 []


Overfull \hbox (46.38899pt too wide) in paragraph at lines 19--20
\OT1/cmr/m/n/10 DNS/DNS
 []


Overfull \hbox (15.63889pt too wide) in paragraph at lines 19--20
\OT1/cmr/m/n/10 ser-
 []


Overfull \hbox (16.94447pt too wide) in paragraph at lines 19--20
\OT1/cmr/m/n/10 vice
 []


Overfull \hbox (15.61113pt too wide) in paragraph at lines 19--20
\OT1/cmr/m/n/10 dis-
 []


Overfull \hbox (17.7778pt too wide) in paragraph at lines 19--20
\OT1/cmr/m/n/10 cov-
 []


Overfull \hbox (13.63892pt too wide) in paragraph at lines 19--20
\OT1/cmr/m/n/10 ery
 []


Overfull \hbox (11.97226pt too wide) in paragraph at lines 19--20
\OT1/cmr/m/n/10 for
 []


Overfull \hbox (25.13896pt too wide) in paragraph at lines 19--20
\OT1/cmr/m/n/10 Linux
 []


Overfull \hbox (21.11115pt too wide) in paragraph at lines 19--20
\OT1/cmr/m/n/10 com-
 []


Overfull \hbox (17.77782pt too wide) in paragraph at lines 19--20
\OT1/cmr/m/n/10 pat-
 []


Overfull \hbox (6.11111pt too wide) in paragraph at lines 19--20
\OT1/cmr/m/n/10 i-
 []


Overfull \hbox (12.7778pt too wide) in paragraph at lines 19--20
\OT1/cmr/m/n/10 ble
 []


Overfull \hbox (19.44449pt too wide) in paragraph at lines 19--20
\OT1/cmr/m/n/10 with
 []


Overfull \hbox (16.38892pt too wide) in paragraph at lines 19--20
\OT1/cmr/m/n/10 Ap-
 []


Overfull \hbox (19.50003pt too wide) in paragraph at lines 19--20
\OT1/cmr/m/n/10 ple's
 []


Overfull \hbox (20.97227pt too wide) in paragraph at lines 19--20
\OT1/cmr/m/n/10 Bon-
 []


Overfull \hbox (17.52783pt too wide) in paragraph at lines 19--20
\OT1/cmr/m/n/10 jour
 []


Overfull \hbox (17.22224pt too wide) in paragraph at lines 19--20
\OT1/cmr/m/n/10 net-
 []


Overfull \hbox (21.13893pt too wide) in paragraph at lines 19--20
\OT1/cmr/m/n/10 work
 []


Overfull \hbox (15.63889pt too wide) in paragraph at lines 19--20
\OT1/cmr/m/n/10 ser-
 []


Overfull \hbox (16.94447pt too wide) in paragraph at lines 19--20
\OT1/cmr/m/n/10 vice
 []


Overfull \hbox (15.61113pt too wide) in paragraph at lines 19--20
\OT1/cmr/m/n/10 dis-
 []


Overfull \hbox (17.7778pt too wide) in paragraph at lines 19--20
\OT1/cmr/m/n/10 cov-
 []


Overfull \hbox (13.63892pt too wide) in paragraph at lines 19--20
\OT1/cmr/m/n/10 ery
 []


Overfull \hbox (38.94453pt too wide) in paragraph at lines 19--20
\OT1/cmr/m/n/10 provider.
 []


Overfull \hbox (25.55563pt too wide) in paragraph at lines 19--20
\OT1/cmr/m/n/10 Avahi
 []


Overfull \hbox (15.8889pt too wide) in paragraph at lines 19--20
\OT1/cmr/m/n/10 was
 []


Overfull \hbox (11.66669pt too wide) in paragraph at lines 19--20
\OT1/cmr/m/n/10 in-
 []


Overfull \hbox (28.38895pt too wide) in paragraph at lines 19--20
\OT1/cmr/m/n/10 stalled
 []


Overfull \hbox (16.11116pt too wide) in paragraph at lines 19--20
\OT1/cmr/m/n/10 and
 []


Overfull \hbox (18.33336pt too wide) in paragraph at lines 19--20
\OT1/cmr/m/n/10 con-
 []


Overfull \hbox (13.88892pt too wide) in paragraph at lines 19--20
\OT1/cmr/m/n/10 fig-
 []


Overfull \hbox (19.47226pt too wide) in paragraph at lines 19--20
\OT1/cmr/m/n/10 ured
 []


Overfull \hbox (10.55559pt too wide) in paragraph at lines 19--20
\OT1/cmr/m/n/10 on
 []


Overfull \hbox (13.88892pt too wide) in paragraph at lines 19--20
\OT1/cmr/m/n/10 the
 []


Overfull \hbox (8.94446pt too wide) in paragraph at lines 19--20
\OT1/cmr/m/n/10 so
 []


Overfull \hbox (18.33339pt too wide) in paragraph at lines 19--20
\OT1/cmr/m/n/10 that
 []


Overfull \hbox (13.88892pt too wide) in paragraph at lines 19--20
\OT1/cmr/m/n/10 the
 []


Overfull \hbox (13.33334pt too wide) in paragraph at lines 19--20
\OT1/cmr/m/n/10 de-
 []


Overfull \hbox (16.94447pt too wide) in paragraph at lines 19--20
\OT1/cmr/m/n/10 vice
 []


Overfull \hbox (28.36118pt too wide) in paragraph at lines 19--20
\OT1/cmr/m/n/10 broad-
 []


Overfull \hbox (21.22224pt too wide) in paragraph at lines 19--20
\OT1/cmr/m/n/10 casts
 []


Overfull \hbox (10.00002pt too wide) in paragraph at lines 19--20
\OT1/cmr/m/n/10 it-
 []


Overfull \hbox (14.22224pt too wide) in paragraph at lines 19--20
\OT1/cmr/m/n/10 self
 []


Overfull \hbox (10.55559pt too wide) in paragraph at lines 19--20
\OT1/cmr/m/n/10 on
 []


Overfull \hbox (13.88892pt too wide) in paragraph at lines 19--20
\OT1/cmr/m/n/10 the
 []


Overfull \hbox (17.22224pt too wide) in paragraph at lines 19--20
\OT1/cmr/m/n/10 net-
 []


Overfull \hbox (21.13893pt too wide) in paragraph at lines 19--20
\OT1/cmr/m/n/10 work
 []


Overfull \hbox (16.11116pt too wide) in paragraph at lines 19--20
\OT1/cmr/m/n/10 and
 []


Overfull \hbox (15.8889pt too wide) in paragraph at lines 19--20
\OT1/cmr/m/n/10 was
 []


Overfull \hbox (13.88892pt too wide) in paragraph at lines 19--20
\OT1/cmr/m/n/10 ad-
 []


Overfull \hbox (25.1389pt too wide) in paragraph at lines 19--20
\OT1/cmr/m/n/10 dress-
 []


Overfull \hbox (17.77782pt too wide) in paragraph at lines 19--20
\OT1/cmr/m/n/10 able
 []


Overfull \hbox (10.55559pt too wide) in paragraph at lines 19--20
\OT1/cmr/m/n/10 by
 []


Overfull \hbox (10.61113pt too wide) in paragraph at lines 19--20
\OT1/cmr/m/n/10 its
 []


Overfull \hbox (21.72226pt too wide) in paragraph at lines 19--20
\OT1/cmr/m/n/10 host-
 []


Overfull \hbox (23.33339pt too wide) in paragraph at lines 19--20
\OT1/cmr/m/n/10 name
 []


Overfull \hbox (5.00002pt too wide) in paragraph at lines 19--20
\OT1/cmr/m/n/10 --
 []


Overfull \hbox (62.99945pt too wide) in paragraph at lines 19--20
\OT1/cmtt/m/n/10 netlet.local
 []


Overfull \hbox (5.00002pt too wide) in paragraph at lines 19--20
\OT1/cmr/m/n/10 --
 []


Overfull \hbox (26.72227pt too wide) in paragraph at lines 19--20
\OT1/cmr/m/n/10 rather
 []


Overfull \hbox (20.00006pt too wide) in paragraph at lines 19--20
\OT1/cmr/m/n/10 than
 []


Overfull \hbox (10.41669pt too wide) in paragraph at lines 19--20
\OT1/cmr/m/n/10 IP
 []


Overfull \hbox (13.88892pt too wide) in paragraph at lines 19--20
\OT1/cmr/m/n/10 ad-
 []


Overfull \hbox (24.58336pt too wide) in paragraph at lines 19--20
\OT1/cmr/m/n/10 dress.
 []


Overfull \hbox (17.22224pt too wide) in paragraph at lines 19--20
\OT1/cmr/m/n/10 The
 []


Overfull \hbox (25.44449pt too wide) in paragraph at lines 19--20
\OT1/cmr/m/n/10 Drop-
 []


Overfull \hbox (19.19449pt too wide) in paragraph at lines 19--20
\OT1/cmr/m/n/10 bear
 []


Overfull \hbox (13.33334pt too wide) in paragraph at lines 19--20
\OT1/cmr/m/n/10 Se-
 []


Overfull \hbox (18.36113pt too wide) in paragraph at lines 19--20
\OT1/cmr/m/n/10 cure
 []


Overfull \hbox (21.11116pt too wide) in paragraph at lines 19--20
\OT1/cmr/m/n/10 Shell
 []


Overfull \hbox (26.38896pt too wide) in paragraph at lines 19--20
\OT1/cmr/m/n/10 (SSH)
 []


Overfull \hbox (18.33336pt too wide) in paragraph at lines 19--20
\OT1/cmr/m/n/10 dae-
 []


Overfull \hbox (18.88895pt too wide) in paragraph at lines 19--20
\OT1/cmr/m/n/10 mon
 []


Overfull \hbox (15.8889pt too wide) in paragraph at lines 19--20
\OT1/cmr/m/n/10 was
 []


Overfull \hbox (11.69444pt too wide) in paragraph at lines 19--20
\OT1/cmr/m/n/10 re-
 []


Overfull \hbox (28.05562pt too wide) in paragraph at lines 19--20
\OT1/cmr/m/n/10 moved
 []


Overfull \hbox (16.11116pt too wide) in paragraph at lines 19--20
\OT1/cmr/m/n/10 and
 []


Overfull \hbox (11.69444pt too wide) in paragraph at lines 19--20
\OT1/cmr/m/n/10 re-
 []


Overfull \hbox (27.77783pt too wide) in paragraph at lines 19--20
\OT1/cmr/m/n/10 placed
 []


Overfull \hbox (10.55559pt too wide) in paragraph at lines 19--20
\OT1/cmr/m/n/10 by
 []


Overfull \hbox (13.88892pt too wide) in paragraph at lines 19--20
\OT1/cmr/m/n/10 the
 []


Overfull \hbox (42.22234pt too wide) in paragraph at lines 19--20
\OT1/cmr/m/n/10 OpenSSH
 []


Overfull \hbox (27.27782pt too wide) in paragraph at lines 19--20
\OT1/cmr/m/n/10 Server
 []


Overfull \hbox (14.44447pt too wide) in paragraph at lines 19--20
\OT1/cmr/m/n/10 im-
 []


Overfull \hbox (16.11113pt too wide) in paragraph at lines 19--20
\OT1/cmr/m/n/10 ple-
 []


Overfull \hbox (21.6667pt too wide) in paragraph at lines 19--20
\OT1/cmr/m/n/10 men-
 []


Overfull \hbox (12.22224pt too wide) in paragraph at lines 19--20
\OT1/cmr/m/n/10 ta-
 []


Overfull \hbox (17.22227pt too wide) in paragraph at lines 19--20
\OT1/cmr/m/n/10 tion
 []


Overfull \hbox (8.88892pt too wide) in paragraph at lines 19--20
\OT1/cmr/m/n/10 to
 []


Overfull \hbox (16.11116pt too wide) in paragraph at lines 19--20
\OT1/cmr/m/n/10 add
 []


Overfull \hbox (18.38892pt too wide) in paragraph at lines 19--20
\OT1/cmr/m/n/10 sup-
 []


Overfull \hbox (18.63895pt too wide) in paragraph at lines 19--20
\OT1/cmr/m/n/10 port
 []


Overfull \hbox (11.97226pt too wide) in paragraph at lines 19--20
\OT1/cmr/m/n/10 for
 []


Overfull \hbox (11.69444pt too wide) in paragraph at lines 19--20
\OT1/cmr/m/n/10 re-
 []


Overfull \hbox (21.66672pt too wide) in paragraph at lines 19--20
\OT1/cmr/m/n/10 mote
 []


Overfull \hbox (12.7778pt too wide) in paragraph at lines 19--20
\OT1/cmr/m/n/10 file
 []


Overfull \hbox (16.50002pt too wide) in paragraph at lines 19--20
\OT1/cmr/m/n/10 sys-
 []


Overfull \hbox (16.6667pt too wide) in paragraph at lines 19--20
\OT1/cmr/m/n/10 tem
 []


Overfull \hbox (18.38892pt too wide) in paragraph at lines 19--20
\OT1/cmr/m/n/10 sub-
 []


Overfull \hbox (39.2223pt too wide) in paragraph at lines 19--20
\OT1/cmr/m/n/10 directory
 []


Overfull \hbox (24.22227pt too wide) in paragraph at lines 19--20
\OT1/cmr/m/n/10 locks,
 []


Overfull \hbox (13.88892pt too wide) in paragraph at lines 19--20
\OT1/cmr/m/n/10 the
 []


Overfull \hbox (13.33334pt too wide) in paragraph at lines 19--20
\OT1/cmr/m/n/10 Se-
 []


Overfull \hbox (18.36113pt too wide) in paragraph at lines 19--20
\OT1/cmr/m/n/10 cure
 []


Overfull \hbox (16.52782pt too wide) in paragraph at lines 19--20
\OT1/cmr/m/n/10 File
 []


Overfull \hbox (28.13892pt too wide) in paragraph at lines 19--20
\OT1/cmr/m/n/10 Trans-
 []


Overfull \hbox (11.41669pt too wide) in paragraph at lines 19--20
\OT1/cmr/m/n/10 fer
 []


Overfull \hbox (19.05559pt too wide) in paragraph at lines 19--20
\OT1/cmr/m/n/10 Pro-
 []


Overfull \hbox (12.22224pt too wide) in paragraph at lines 19--20
\OT1/cmr/m/n/10 to-
 []


Overfull \hbox (12.22224pt too wide) in paragraph at lines 19--20
\OT1/cmr/m/n/10 col
 []


Overfull \hbox (36.66676pt too wide) in paragraph at lines 19--20
\OT1/cmr/m/n/10 (SFTP),
 []


Overfull \hbox (16.11116pt too wide) in paragraph at lines 19--20
\OT1/cmr/m/n/10 and
 []


Overfull \hbox (18.38892pt too wide) in paragraph at lines 19--20
\OT1/cmr/m/n/10 sup-
 []


Overfull \hbox (18.63895pt too wide) in paragraph at lines 19--20
\OT1/cmr/m/n/10 port
 []


Overfull \hbox (11.97226pt too wide) in paragraph at lines 19--20
\OT1/cmr/m/n/10 for
 []


Overfull \hbox (19.72226pt too wide) in paragraph at lines 19--20
\OT1/cmr/m/n/10 mul-
 []


Overfull \hbox (10.00002pt too wide) in paragraph at lines 19--20
\OT1/cmr/m/n/10 ti-
 []


Overfull \hbox (12.7778pt too wide) in paragraph at lines 19--20
\OT1/cmr/m/n/10 ple
 []


Overfull \hbox (10.05556pt too wide) in paragraph at lines 19--20
\OT1/cmr/m/n/10 si-
 []


Overfull \hbox (19.72226pt too wide) in paragraph at lines 19--20
\OT1/cmr/m/n/10 mul-
 []


Overfull \hbox (12.22224pt too wide) in paragraph at lines 19--20
\OT1/cmr/m/n/10 ta-
 []


Overfull \hbox (13.33334pt too wide) in paragraph at lines 19--20
\OT1/cmr/m/n/10 ne-
 []


Overfull \hbox (14.50003pt too wide) in paragraph at lines 19--20
\OT1/cmr/m/n/10 ous
 []


Overfull \hbox (18.61116pt too wide) in paragraph at lines 19--20
\OT1/cmr/m/n/10 SSH
 []


Overfull \hbox (18.33336pt too wide) in paragraph at lines 19--20
\OT1/cmr/m/n/10 con-
 []


Overfull \hbox (17.77779pt too wide) in paragraph at lines 19--20
\OT1/cmr/m/n/10 nec-
 []


Overfull \hbox (23.9445pt too wide) in paragraph at lines 19--20
\OT1/cmr/m/n/10 tions. 
 []

! Undefined control sequence.
l.21 \paragraph
               {Samba} Since a new \netlet would need to be configured by th...
The control sequence at the end of the top line
of your error message was never \def'ed. If you have
misspelled it (e.g., `\hobx'), type `I' and the correct
spelling (e.g., `I\hbox'). Otherwise just continue,
and I'll forget about whatever was undefined.

! Undefined control sequence.
l.21 \paragraph{Samba} Since a new \netlet
                                           would need to be configured by th...
The control sequence at the end of the top line
of your error message was never \def'ed. If you have
misspelled it (e.g., `\hobx'), type `I' and the correct
spelling (e.g., `I\hbox'). Otherwise just continue,
and I'll forget about whatever was undefined.

! Undefined control sequence.
l.21 ...iles were written to broadcast the \netlet
                                                   's support SSH, SFTP, SMB...
The control sequence at the end of the top line
of your error message was never \def'ed. If you have
misspelled it (e.g., `\hobx'), type `I' and the correct
spelling (e.g., `I\hbox'). Otherwise just continue,
and I'll forget about whatever was undefined.

)
! Emergency stop.
<*> olimex.tex
              
*** (job aborted, no legal \end found)

 
Here is how much of TeX's memory you used:
 14 strings out of 495062
 216 string characters out of 1182644
 64724 words of memory out of 3000000
 3289 multiletter control sequences out of 15000+50000
 4116 words of font info for 16 fonts, out of 3000000 for 9000
 28 hyphenation exceptions out of 8191
 18i,8n,21p,901b,172s stack positions out of 5000i,500n,10000p,200000b,50000s
No pages of output.
